\BOOKMARK [1][-]{section.1}{\376\377\000I\000n\000t\000r\000o\000d\000u\000c\000t\000i\000o\000n}{}% 1
\BOOKMARK [2][-]{subsection.1.1}{\376\377\000T\000h\000e\000\040\000S\000e\000m\000a\000n\000t\000i\000c\000\040\000N\000a\000v\000i\000g\000a\000t\000i\000o\000n\000\040\000P\000r\000o\000b\000l\000e\000m}{section.1}% 2
\BOOKMARK [2][-]{subsection.1.2}{\376\377\000C\000o\000r\000e\000\040\000I\000n\000s\000i\000g\000h\000t\000:\000\040\000S\000e\000m\000a\000n\000t\000i\000c\000\040\000S\000p\000a\000c\000e\000s\000\040\000a\000s\000\040\000C\000o\000o\000r\000d\000i\000n\000a\000t\000e\000\040\000S\000y\000s\000t\000e\000m\000s}{section.1}% 3
\BOOKMARK [2][-]{subsection.1.3}{\376\377\000M\000u\000l\000t\000i\000-\000D\000i\000m\000e\000n\000s\000i\000o\000n\000a\000l\000\040\000S\000e\000m\000a\000n\000t\000i\000c\000\040\000E\000n\000c\000o\000d\000i\000n\000g}{section.1}% 4
\BOOKMARK [2][-]{subsection.1.4}{\376\377\000S\000e\000q\000u\000e\000n\000t\000i\000a\000l\000\040\000E\000n\000c\000o\000d\000i\000n\000g\000\040\000A\000r\000c\000h\000i\000t\000e\000c\000t\000u\000r\000e}{section.1}% 5
\BOOKMARK [2][-]{subsection.1.5}{\376\377\000C\000u\000m\000u\000l\000a\000t\000i\000v\000e\000\040\000S\000e\000m\000a\000n\000t\000i\000c\000\040\000D\000i\000s\000t\000a\000n\000c\000e\000\040\000A\000m\000p\000l\000i\000f\000i\000c\000a\000t\000i\000o\000n}{section.1}% 6
\BOOKMARK [2][-]{subsection.1.6}{\376\377\000C\000o\000o\000r\000d\000i\000n\000a\000t\000e\000\040\000P\000a\000t\000h\000\040\000C\000o\000n\000s\000t\000r\000u\000c\000t\000i\000o\000n}{section.1}% 7
\BOOKMARK [2][-]{subsection.1.7}{\376\377\000I\000n\000f\000o\000r\000m\000a\000t\000i\000o\000n\000-\000T\000h\000e\000o\000r\000e\000t\000i\000c\000\040\000P\000r\000o\000p\000e\000r\000t\000i\000e\000s}{section.1}% 8
\BOOKMARK [1][-]{section.2}{\376\377\000S\000e\000m\000a\000n\000t\000i\000c\000\040\000D\000i\000s\000t\000a\000n\000c\000e\000\040\000A\000m\000p\000l\000i\000f\000i\000c\000a\000t\000i\000o\000n}{}% 9
\BOOKMARK [2][-]{subsection.2.1}{\376\377\000M\000a\000t\000h\000e\000m\000a\000t\000i\000c\000a\000l\000\040\000F\000o\000u\000n\000d\000a\000t\000i\000o\000n\000\040\000o\000f\000\040\000A\000m\000p\000l\000i\000f\000i\000c\000a\000t\000i\000o\000n}{section.2}% 10
\BOOKMARK [2][-]{subsection.2.2}{\376\377\000W\000o\000r\000d\000\040\000E\000x\000p\000a\000n\000s\000i\000o\000n\000\040\000A\000m\000p\000l\000i\000f\000i\000c\000a\000t\000i\000o\000n\000\040\000\050\0001\000\040\0003\000.\0007\000\051}{section.2}% 11
\BOOKMARK [2][-]{subsection.2.3}{\376\377\000P\000o\000s\000i\000t\000i\000o\000n\000a\000l\000\040\000C\000o\000n\000t\000e\000x\000t\000\040\000A\000m\000p\000l\000i\000f\000i\000c\000a\000t\000i\000o\000n\000\040\000\050\0002\000\040\0004\000.\0002\000\051}{section.2}% 12
\BOOKMARK [2][-]{subsection.2.4}{\376\377\000C\000a\000r\000d\000i\000n\000a\000l\000\040\000D\000i\000r\000e\000c\000t\000i\000o\000n\000\040\000A\000m\000p\000l\000i\000f\000i\000c\000a\000t\000i\000o\000n\000\040\000\050\0003\000\040\0005\000.\0008\000\051}{section.2}% 13
\BOOKMARK [2][-]{subsection.2.5}{\376\377\000C\000o\000m\000p\000r\000e\000s\000s\000i\000o\000n\000\040\000D\000e\000t\000e\000c\000t\000i\000o\000n\000\040\000A\000m\000p\000l\000i\000f\000i\000c\000a\000t\000i\000o\000n\000\040\000\050\0004\000\040\0007\000.\0003\000\051}{section.2}% 14
\BOOKMARK [2][-]{subsection.2.6}{\376\377\000C\000u\000m\000u\000l\000a\000t\000i\000v\000e\000\040\000A\000m\000p\000l\000i\000f\000i\000c\000a\000t\000i\000o\000n\000\040\000A\000n\000a\000l\000y\000s\000i\000s}{section.2}% 15
\BOOKMARK [2][-]{subsection.2.7}{\376\377\000A\000m\000p\000l\000i\000f\000i\000c\000a\000t\000i\000o\000n\000\040\000S\000t\000a\000b\000i\000l\000i\000t\000y\000\040\000a\000n\000d\000\040\000C\000o\000n\000v\000e\000r\000g\000e\000n\000c\000e}{section.2}% 16
\BOOKMARK [2][-]{subsection.2.8}{\376\377\000C\000o\000m\000p\000a\000r\000i\000s\000o\000n\000\040\000w\000i\000t\000h\000\040\000A\000l\000t\000e\000r\000n\000a\000t\000i\000v\000e\000\040\000A\000m\000p\000l\000i\000f\000i\000c\000a\000t\000i\000o\000n\000\040\000M\000e\000t\000h\000o\000d\000s}{section.2}% 17
\BOOKMARK [2][-]{subsection.2.9}{\376\377\000I\000n\000f\000o\000r\000m\000a\000t\000i\000o\000n\000-\000T\000h\000e\000o\000r\000e\000t\000i\000c\000\040\000L\000i\000m\000i\000t\000s}{section.2}% 18
\BOOKMARK [2][-]{subsection.2.10}{\376\377\000A\000d\000a\000p\000t\000i\000v\000e\000\040\000A\000m\000p\000l\000i\000f\000i\000c\000a\000t\000i\000o\000n}{section.2}% 19
\BOOKMARK [2][-]{subsection.2.11}{\376\377\000E\000x\000p\000e\000r\000i\000m\000e\000n\000t\000a\000l\000\040\000V\000a\000l\000i\000d\000a\000t\000i\000o\000n}{section.2}% 20
\BOOKMARK [1][-]{section.3}{\376\377\000C\000o\000m\000p\000r\000e\000s\000s\000i\000o\000n\000-\000B\000a\000s\000e\000d\000\040\000S\000e\000m\000a\000n\000t\000i\000c\000\040\000R\000i\000c\000h\000n\000e\000s\000s}{}% 21
\BOOKMARK [2][-]{subsection.3.1}{\376\377\000M\000o\000t\000i\000v\000a\000t\000i\000o\000n\000:\000\040\000A\000m\000b\000i\000g\000u\000i\000t\000y\000\040\000a\000s\000\040\000R\000e\000s\000o\000u\000r\000c\000e}{section.3}% 22
\BOOKMARK [2][-]{subsection.3.2}{\376\377\000C\000o\000m\000p\000r\000e\000s\000s\000i\000o\000n\000\040\000R\000e\000s\000i\000s\000t\000a\000n\000c\000e\000\040\000F\000o\000r\000m\000a\000l\000i\000z\000a\000t\000i\000o\000n}{section.3}% 23
\BOOKMARK [2][-]{subsection.3.3}{\376\377\000S\000e\000m\000a\000n\000t\000i\000c\000\040\000R\000i\000c\000h\000n\000e\000s\000s\000\040\000M\000e\000t\000r\000i\000c}{section.3}% 24
\BOOKMARK [2][-]{subsection.3.4}{\376\377\000B\000a\000t\000c\000h\000\040\000C\000o\000m\000p\000r\000e\000s\000s\000i\000o\000n\000\040\000A\000n\000a\000l\000y\000s\000i\000s}{section.3}% 25
\BOOKMARK [2][-]{subsection.3.5}{\376\377\000S\000l\000i\000d\000i\000n\000g\000\040\000W\000i\000n\000d\000o\000w\000\040\000C\000o\000m\000p\000r\000e\000s\000s\000i\000o\000n}{section.3}% 26
\BOOKMARK [2][-]{subsection.3.6}{\376\377\000S\000-\000E\000n\000t\000r\000o\000p\000y\000\040\000C\000o\000o\000r\000d\000i\000n\000a\000t\000e\000\040\000M\000a\000p\000p\000i\000n\000g}{section.3}% 27
\BOOKMARK [2][-]{subsection.3.7}{\376\377\000M\000e\000t\000a\000-\000I\000n\000f\000o\000r\000m\000a\000t\000i\000o\000n\000\040\000E\000x\000t\000r\000a\000c\000t\000i\000o\000n\000\040\000f\000r\000o\000m\000\040\000A\000m\000b\000i\000g\000u\000i\000t\000y}{section.3}% 28
\BOOKMARK [2][-]{subsection.3.8}{\376\377\000A\000d\000a\000p\000t\000i\000v\000e\000\040\000R\000e\000s\000o\000u\000r\000c\000e\000\040\000A\000l\000l\000o\000c\000a\000t\000i\000o\000n}{section.3}% 29
\BOOKMARK [2][-]{subsection.3.9}{\376\377\000R\000e\000l\000a\000t\000i\000o\000n\000s\000h\000i\000p\000\040\000t\000o\000\040\000K\000o\000l\000m\000o\000g\000o\000r\000o\000v\000\040\000C\000o\000m\000p\000l\000e\000x\000i\000t\000y}{section.3}% 30
\BOOKMARK [2][-]{subsection.3.10}{\376\377\000E\000x\000p\000e\000r\000i\000m\000e\000n\000t\000a\000l\000\040\000V\000a\000l\000i\000d\000a\000t\000i\000o\000n}{section.3}% 31
\BOOKMARK [1][-]{section.4}{\376\377\000S\000e\000m\000a\000n\000t\000i\000c\000\040\000G\000r\000a\000v\000i\000t\000y\000\040\000F\000i\000e\000l\000d\000\040\000T\000h\000e\000o\000r\000y}{}% 32
\BOOKMARK [2][-]{subsection.4.1}{\376\377\000T\000h\000e\000r\000m\000o\000d\000y\000n\000a\000m\000i\000c\000\040\000F\000o\000u\000n\000d\000a\000t\000i\000o\000n}{section.4}% 33
\BOOKMARK [2][-]{subsection.4.2}{\376\377\000S\000e\000m\000a\000n\000t\000i\000c\000\040\000P\000o\000t\000e\000n\000t\000i\000a\000l\000\040\000E\000n\000e\000r\000g\000y}{section.4}% 34
\BOOKMARK [2][-]{subsection.4.3}{\376\377\000S\000e\000m\000a\000n\000t\000i\000c\000\040\000G\000r\000a\000v\000i\000t\000y\000\040\000F\000i\000e\000l\000d}{section.4}% 35
\BOOKMARK [2][-]{subsection.4.4}{\376\377\000P\000r\000e\000d\000e\000t\000e\000r\000m\000i\000n\000e\000d\000\040\000S\000e\000m\000a\000n\000t\000i\000c\000\040\000E\000n\000d\000p\000o\000i\000n\000t\000s}{section.4}% 36
\BOOKMARK [2][-]{subsection.4.5}{\376\377\000N\000a\000v\000i\000g\000a\000t\000i\000o\000n\000\040\000v\000s\000.\000\040\000G\000e\000n\000e\000r\000a\000t\000i\000o\000n\000\040\000P\000a\000r\000a\000d\000i\000g\000m}{section.4}% 37
\BOOKMARK [2][-]{subsection.4.6}{\376\377\000M\000u\000l\000t\000i\000-\000W\000e\000l\000l\000\040\000P\000o\000t\000e\000n\000t\000i\000a\000l\000\040\000L\000a\000n\000d\000s\000c\000a\000p\000e\000s}{section.4}% 38
\BOOKMARK [2][-]{subsection.4.7}{\376\377\000C\000o\000n\000s\000t\000r\000a\000i\000n\000t\000\040\000F\000o\000r\000c\000e\000s\000\040\000a\000n\000d\000\040\000M\000a\000x\000i\000m\000u\000m\000\040\000S\000t\000e\000p\000\040\000S\000i\000z\000e}{section.4}% 39
\BOOKMARK [2][-]{subsection.4.8}{\376\377\000S\000e\000m\000a\000n\000t\000i\000c\000\040\000P\000o\000t\000e\000n\000t\000i\000a\000l\000\040\000W\000e\000l\000l\000\040\000D\000e\000p\000t\000h}{section.4}% 40
\BOOKMARK [2][-]{subsection.4.9}{\376\377\000G\000r\000a\000v\000i\000t\000y\000\040\000F\000i\000e\000l\000d\000\040\000C\000o\000n\000s\000t\000r\000u\000c\000t\000i\000o\000n\000\040\000A\000l\000g\000o\000r\000i\000t\000h\000m}{section.4}% 41
\BOOKMARK [2][-]{subsection.4.10}{\376\377\000D\000u\000a\000l\000-\000S\000t\000r\000a\000n\000d\000\040\000G\000r\000a\000v\000i\000t\000a\000t\000i\000o\000n\000a\000l\000\040\000C\000o\000u\000p\000l\000i\000n\000g}{section.4}% 42
\BOOKMARK [2][-]{subsection.4.11}{\376\377\000E\000x\000p\000e\000r\000i\000m\000e\000n\000t\000a\000l\000\040\000C\000h\000a\000r\000a\000c\000t\000e\000r\000i\000z\000a\000t\000i\000o\000n}{section.4}% 43
\BOOKMARK [1][-]{section.5}{\376\377\000C\000o\000n\000s\000t\000r\000a\000i\000n\000e\000d\000\040\000S\000t\000o\000c\000h\000a\000s\000t\000i\000c\000\040\000S\000a\000m\000p\000l\000i\000n\000g}{}% 44
\BOOKMARK [2][-]{subsection.5.1}{\376\377\000N\000a\000v\000i\000g\000a\000t\000i\000o\000n\000\040\000T\000h\000r\000o\000u\000g\000h\000\040\000R\000a\000n\000d\000o\000m\000\040\000W\000a\000l\000k\000s}{section.5}% 45
\BOOKMARK [2][-]{subsection.5.2}{\376\377\000C\000o\000n\000s\000t\000r\000a\000i\000n\000e\000d\000\040\000R\000a\000n\000d\000o\000m\000\040\000W\000a\000l\000k\000\040\000F\000o\000r\000m\000u\000l\000a\000t\000i\000o\000n}{section.5}% 46
\BOOKMARK [2][-]{subsection.5.3}{\376\377\000T\000r\000i\000-\000D\000i\000m\000e\000n\000s\000i\000o\000n\000a\000l\000\040\000F\000u\000z\000z\000y\000\040\000W\000i\000n\000d\000o\000w\000\040\000S\000y\000s\000t\000e\000m}{section.5}% 47
\BOOKMARK [2][-]{subsection.5.4}{\376\377\000C\000o\000m\000p\000l\000e\000t\000e\000\040\000S\000a\000m\000p\000l\000i\000n\000g\000\040\000A\000l\000g\000o\000r\000i\000t\000h\000m}{section.5}% 48
\BOOKMARK [2][-]{subsection.5.5}{\376\377\000C\000o\000n\000v\000e\000r\000g\000e\000n\000c\000e\000\040\000A\000n\000a\000l\000y\000s\000i\000s}{section.5}% 49
\BOOKMARK [2][-]{subsection.5.6}{\376\377\000C\000o\000n\000v\000e\000r\000g\000e\000n\000c\000e\000\040\000R\000a\000t\000e\000\040\000A\000n\000a\000l\000y\000s\000i\000s}{section.5}% 50
\BOOKMARK [2][-]{subsection.5.7}{\376\377\000E\000f\000f\000e\000c\000t\000i\000v\000e\000\040\000S\000a\000m\000p\000l\000e\000\040\000S\000i\000z\000e}{section.5}% 51
\BOOKMARK [2][-]{subsection.5.8}{\376\377\000A\000d\000a\000p\000t\000i\000v\000e\000\040\000S\000a\000m\000p\000l\000i\000n\000g\000\040\000P\000a\000r\000a\000m\000e\000t\000e\000r\000s}{section.5}% 52
\BOOKMARK [2][-]{subsection.5.9}{\376\377\000C\000o\000m\000p\000a\000r\000a\000t\000i\000v\000e\000\040\000S\000-\000V\000a\000l\000u\000e\000\040\000M\000e\000t\000a\000-\000I\000n\000f\000o\000r\000m\000a\000t\000i\000o\000n\000\040\000E\000x\000t\000r\000a\000c\000t\000i\000o\000n}{section.5}% 53
\BOOKMARK [2][-]{subsection.5.10}{\376\377\000C\000o\000m\000p\000l\000e\000x\000i\000t\000y\000\040\000A\000n\000a\000l\000y\000s\000i\000s}{section.5}% 54
\BOOKMARK [2][-]{subsection.5.11}{\376\377\000E\000x\000p\000e\000r\000i\000m\000e\000n\000t\000a\000l\000\040\000V\000a\000l\000i\000d\000a\000t\000i\000o\000n}{section.5}% 55
\BOOKMARK [1][-]{section.6}{\376\377\000E\000m\000p\000t\000y\000\040\000D\000i\000c\000t\000i\000o\000n\000a\000r\000y\000\040\000S\000y\000n\000t\000h\000e\000s\000i\000s}{}% 56
\BOOKMARK [2][-]{subsection.6.1}{\376\377\000P\000a\000r\000a\000d\000i\000g\000m\000\040\000S\000h\000i\000f\000t\000:\000\040\000F\000r\000o\000m\000\040\000R\000e\000t\000r\000i\000e\000v\000a\000l\000\040\000t\000o\000\040\000S\000y\000n\000t\000h\000e\000s\000i\000s}{section.6}% 57
\BOOKMARK [2][-]{subsection.6.2}{\376\377\000B\000a\000y\000e\000s\000i\000a\000n\000\040\000I\000n\000f\000e\000r\000e\000n\000c\000e\000\040\000o\000n\000\040\000S\000e\000m\000a\000n\000t\000i\000c\000\040\000S\000a\000m\000p\000l\000e\000s}{section.6}% 58
\BOOKMARK [2][-]{subsection.6.3}{\376\377\000V\000i\000a\000b\000l\000e\000\040\000S\000o\000l\000u\000t\000i\000o\000n\000\040\000E\000x\000t\000r\000a\000c\000t\000i\000o\000n}{section.6}% 59
\BOOKMARK [2][-]{subsection.6.4}{\376\377\000C\000o\000m\000p\000l\000e\000t\000e\000\040\000S\000y\000n\000t\000h\000e\000s\000i\000s\000\040\000A\000l\000g\000o\000r\000i\000t\000h\000m}{section.6}% 60
\BOOKMARK [2][-]{subsection.6.5}{\376\377\000U\000n\000c\000e\000r\000t\000a\000i\000n\000t\000y\000\040\000Q\000u\000a\000n\000t\000i\000f\000i\000c\000a\000t\000i\000o\000n}{section.6}% 61
\BOOKMARK [2][-]{subsection.6.6}{\376\377\000N\000a\000t\000u\000r\000a\000l\000\040\000L\000a\000n\000g\000u\000a\000g\000e\000\040\000I\000n\000t\000e\000r\000p\000r\000e\000t\000a\000t\000i\000o\000n\000\040\000G\000e\000n\000e\000r\000a\000t\000i\000o\000n}{section.6}% 62
\BOOKMARK [2][-]{subsection.6.7}{\376\377\000D\000u\000a\000l\000-\000S\000t\000r\000a\000n\000d\000\040\000S\000y\000n\000t\000h\000e\000s\000i\000s\000\040\000I\000n\000t\000e\000g\000r\000a\000t\000i\000o\000n}{section.6}% 63
\BOOKMARK [2][-]{subsection.6.8}{\376\377\000C\000o\000m\000p\000r\000e\000s\000s\000i\000o\000n\000\040\000R\000a\000t\000i\000o\000\040\000A\000c\000h\000i\000e\000v\000e\000m\000e\000n\000t}{section.6}% 64
\BOOKMARK [2][-]{subsection.6.9}{\376\377\000S\000y\000s\000t\000e\000m\000\040\000R\000e\000s\000e\000t\000\040\000a\000n\000d\000\040\000M\000e\000m\000o\000r\000y\000-\000l\000e\000s\000s\000\040\000O\000p\000e\000r\000a\000t\000i\000o\000n}{section.6}% 65
\BOOKMARK [2][-]{subsection.6.10}{\376\377\000C\000o\000m\000p\000a\000r\000i\000s\000o\000n\000\040\000w\000i\000t\000h\000\040\000S\000t\000o\000r\000e\000d\000\040\000K\000n\000o\000w\000l\000e\000d\000g\000e\000\040\000S\000y\000s\000t\000e\000m\000s}{section.6}% 66
\BOOKMARK [2][-]{subsection.6.11}{\376\377\000E\000x\000p\000e\000r\000i\000m\000e\000n\000t\000a\000l\000\040\000V\000a\000l\000i\000d\000a\000t\000i\000o\000n}{section.6}% 67
\BOOKMARK [2][-]{subsection.6.12}{\376\377\000T\000h\000e\000o\000r\000e\000t\000i\000c\000a\000l\000\040\000G\000u\000a\000r\000a\000n\000t\000e\000e\000s}{section.6}% 68
\BOOKMARK [1][-]{section.7}{\376\377\000D\000i\000s\000c\000u\000s\000s\000i\000o\000n}{}% 69
\BOOKMARK [2][-]{subsection.7.1}{\376\377\000T\000h\000e\000o\000r\000e\000t\000i\000c\000a\000l\000\040\000C\000o\000n\000t\000r\000i\000b\000u\000t\000i\000o\000n\000s}{section.7}% 70
\BOOKMARK [2][-]{subsection.7.2}{\376\377\000P\000r\000a\000c\000t\000i\000c\000a\000l\000\040\000I\000m\000p\000l\000e\000m\000e\000n\000t\000a\000t\000i\000o\000n\000\040\000C\000o\000n\000s\000i\000d\000e\000r\000a\000t\000i\000o\000n\000s}{section.7}% 71
\BOOKMARK [2][-]{subsection.7.3}{\376\377\000C\000o\000m\000p\000a\000r\000i\000s\000o\000n\000\040\000w\000i\000t\000h\000\040\000E\000x\000i\000s\000t\000i\000n\000g\000\040\000A\000p\000p\000r\000o\000a\000c\000h\000e\000s}{section.7}% 72
\BOOKMARK [2][-]{subsection.7.4}{\376\377\000L\000i\000m\000i\000t\000a\000t\000i\000o\000n\000s\000\040\000a\000n\000d\000\040\000F\000u\000t\000u\000r\000e\000\040\000W\000o\000r\000k}{section.7}% 73
\BOOKMARK [2][-]{subsection.7.5}{\376\377\000B\000r\000o\000a\000d\000e\000r\000\040\000I\000m\000p\000a\000c\000t\000s}{section.7}% 74
\BOOKMARK [1][-]{section.8}{\376\377\000C\000o\000n\000c\000l\000u\000s\000i\000o\000n}{}% 75
