\BOOKMARK [1][-]{section.1}{\376\377\000I\000n\000t\000r\000o\000d\000u\000c\000t\000i\000o\000n\000:\000\040\000F\000r\000o\000m\000\040\000P\000h\000a\000s\000e\000-\000L\000o\000c\000k\000\040\000P\000r\000o\000g\000r\000a\000m\000m\000i\000n\000g\000\040\000t\000o\000\040\000H\000i\000e\000r\000a\000r\000c\000h\000i\000c\000a\000l\000\040\000M\000e\000t\000a\000b\000o\000l\000i\000c\000\040\000C\000o\000m\000p\000u\000t\000i\000n\000g}{}% 1
\BOOKMARK [2][-]{subsection.1.1}{\376\377\000B\000u\000i\000l\000d\000i\000n\000g\000\040\000o\000n\000\040\000P\000h\000a\000r\000m\000a\000c\000e\000u\000t\000i\000c\000a\000l\000\040\000P\000h\000a\000s\000e\000-\000L\000o\000c\000k\000\040\000P\000r\000o\000g\000r\000a\000m\000m\000i\000n\000g}{section.1}% 2
\BOOKMARK [2][-]{subsection.1.2}{\376\377\000T\000h\000e\000\040\000M\000e\000t\000a\000b\000o\000l\000i\000c\000\040\000H\000i\000e\000r\000a\000r\000c\000h\000y\000\040\000a\000s\000\040\000C\000o\000m\000p\000u\000t\000a\000t\000i\000o\000n\000a\000l\000\040\000A\000r\000c\000h\000i\000t\000e\000c\000t\000u\000r\000e}{section.1}% 3
\BOOKMARK [2][-]{subsection.1.3}{\376\377\000O\000x\000y\000g\000e\000n\000-\000H\000y\000d\000r\000o\000g\000e\000n\000\040\000C\000o\000u\000p\000l\000i\000n\000g\000\040\000a\000s\000\040\000C\000o\000m\000p\000u\000t\000a\000t\000i\000o\000n\000a\000l\000\040\000S\000u\000b\000s\000t\000r\000a\000t\000e}{section.1}% 4
\BOOKMARK [3][-]{subsubsection.1.3.1}{\376\377\000O\000x\000y\000g\000e\000n\000\040\000a\000s\000\040\000H\000i\000e\000r\000a\000r\000c\000h\000i\000c\000a\000l\000\040\000C\000l\000o\000c\000k}{subsection.1.3}% 5
\BOOKMARK [3][-]{subsubsection.1.3.2}{\376\377\000P\000r\000o\000t\000o\000n\000\040\000F\000l\000u\000x\000\040\000a\000s\000\040\000I\000n\000f\000o\000r\000m\000a\000t\000i\000o\000n\000\040\000C\000a\000r\000r\000i\000e\000r}{subsection.1.3}% 6
\BOOKMARK [2][-]{subsection.1.4}{\376\377\000H\000i\000e\000r\000a\000r\000c\000h\000i\000c\000a\000l\000\040\000D\000e\000p\000t\000h\000\040\000a\000s\000\040\000H\000e\000a\000l\000t\000h\000\040\000M\000e\000t\000r\000i\000c}{section.1}% 7
\BOOKMARK [2][-]{subsection.1.5}{\376\377\000T\000h\000e\000\040\000C\000e\000n\000t\000r\000a\000l\000\040\000C\000l\000a\000i\000m\000s}{section.1}% 8
\BOOKMARK [2][-]{subsection.1.6}{\376\377\000"\000C\000o\000m\000p\000u\000t\000i\000n\000g\000"\000\040\000v\000s\000\040\000"\000M\000e\000t\000a\000b\000o\000l\000i\000s\000m\000"}{section.1}% 9
\BOOKMARK [1][-]{section.2}{\376\377\000T\000h\000e\000o\000r\000e\000t\000i\000c\000a\000l\000\040\000F\000o\000u\000n\000d\000a\000t\000i\000o\000n\000s\000:\000\040\000O\000s\000c\000i\000l\000l\000a\000t\000o\000r\000y\000-\000C\000a\000t\000e\000g\000o\000r\000i\000c\000a\000l\000\040\000E\000q\000u\000i\000v\000a\000l\000e\000n\000c\000e}{}% 10
\BOOKMARK [2][-]{subsection.2.1}{\376\377\000T\000h\000e\000\040\000T\000w\000o\000\040\000F\000o\000r\000m\000u\000l\000a\000t\000i\000o\000n\000s\000\040\000o\000f\000\040\000B\000i\000o\000l\000o\000g\000i\000c\000a\000l\000\040\000D\000y\000n\000a\000m\000i\000c\000s}{section.2}% 11
\BOOKMARK [3][-]{subsubsection.2.1.1}{\376\377\000O\000s\000c\000i\000l\000l\000a\000t\000o\000r\000y\000\040\000F\000o\000r\000m\000u\000l\000a\000t\000i\000o\000n}{subsection.2.1}% 12
\BOOKMARK [3][-]{subsubsection.2.1.2}{\376\377\000C\000a\000t\000e\000g\000o\000r\000i\000c\000a\000l\000\040\000F\000o\000r\000m\000u\000l\000a\000t\000i\000o\000n}{subsection.2.1}% 13
\BOOKMARK [2][-]{subsection.2.2}{\376\377\000T\000h\000e\000\040\000A\000p\000p\000a\000r\000e\000n\000t\000\040\000I\000n\000c\000o\000m\000p\000a\000t\000i\000b\000i\000l\000i\000t\000y}{section.2}% 14
\BOOKMARK [2][-]{subsection.2.3}{\376\377\000G\000i\000b\000b\000s\000\040\000E\000n\000t\000r\000o\000p\000y\000\040\000a\000s\000\040\000t\000h\000e\000\040\000B\000r\000i\000d\000g\000e}{section.2}% 15
\BOOKMARK [2][-]{subsection.2.4}{\376\377\000I\000m\000p\000l\000i\000c\000a\000t\000i\000o\000n\000s\000\040\000f\000o\000r\000\040\000M\000e\000t\000a\000b\000o\000l\000i\000c\000\040\000C\000o\000m\000p\000u\000t\000i\000n\000g}{section.2}% 16
\BOOKMARK [3][-]{subsubsection.2.4.1}{\376\377\000C\000o\000m\000p\000u\000t\000a\000t\000i\000o\000n\000\040\000i\000s\000\040\000I\000n\000v\000a\000r\000i\000a\000n\000t}{subsection.2.4}% 17
\BOOKMARK [3][-]{subsubsection.2.4.2}{\376\377\000M\000a\000x\000w\000e\000l\000l\000\040\000D\000e\000m\000o\000n\000s\000\040\000O\000p\000e\000r\000a\000t\000e\000\040\000o\000n\000\040\000B\000o\000t\000h\000\040\000L\000e\000v\000e\000l\000s}{subsection.2.4}% 18
\BOOKMARK [3][-]{subsubsection.2.4.3}{\376\377\000H\000i\000e\000r\000a\000r\000c\000h\000i\000c\000a\000l\000\040\000L\000e\000v\000e\000l\000s\000\040\000I\000m\000p\000l\000e\000m\000e\000n\000t\000\040\000C\000a\000t\000e\000g\000o\000r\000y\000\040\000A\000s\000s\000i\000g\000n\000m\000e\000n\000t}{subsection.2.4}% 19
\BOOKMARK [2][-]{subsection.2.5}{\376\377\000T\000h\000e\000\040\000M\000e\000t\000a\000b\000o\000l\000i\000c\000\040\000H\000i\000e\000r\000a\000r\000c\000h\000y\000\040\000a\000s\000\040\000N\000e\000s\000t\000e\000d\000\040\000E\000n\000t\000r\000o\000p\000y\000\040\000M\000i\000n\000i\000m\000i\000z\000a\000t\000i\000o\000n}{section.2}% 20
\BOOKMARK [2][-]{subsection.2.6}{\376\377\000I\000n\000f\000o\000r\000m\000a\000t\000i\000o\000n\000\040\000C\000o\000m\000p\000r\000e\000s\000s\000i\000o\000n\000\040\000L\000a\000w\000\040\000f\000o\000r\000\040\000H\000i\000e\000r\000a\000r\000c\000h\000i\000c\000a\000l\000\040\000C\000a\000s\000c\000a\000d\000e\000s}{section.2}% 21
\BOOKMARK [2][-]{subsection.2.7}{\376\377\000O\000x\000y\000g\000e\000n\000-\000H\000y\000d\000r\000o\000g\000e\000n\000\040\000C\000o\000u\000p\000l\000i\000n\000g\000\040\000I\000m\000p\000l\000e\000m\000e\000n\000t\000s\000\040\000B\000o\000t\000h\000\040\000F\000o\000r\000m\000u\000l\000a\000t\000i\000o\000n\000s}{section.2}% 22
\BOOKMARK [3][-]{subsubsection.2.7.1}{\376\377\000O\000s\000c\000i\000l\000l\000a\000t\000o\000r\000y\000\040\000R\000e\000a\000l\000i\000z\000a\000t\000i\000o\000n}{subsection.2.7}% 23
\BOOKMARK [3][-]{subsubsection.2.7.2}{\376\377\000C\000a\000t\000e\000g\000o\000r\000i\000c\000a\000l\000\040\000R\000e\000a\000l\000i\000z\000a\000t\000i\000o\000n}{subsection.2.7}% 24
\BOOKMARK [3][-]{subsubsection.2.7.3}{\376\377\000T\000h\000e\000\040\000U\000n\000i\000f\000i\000c\000a\000t\000i\000o\000n}{subsection.2.7}% 25
\BOOKMARK [2][-]{subsection.2.8}{\376\377\000S\000u\000m\000m\000a\000r\000y\000:\000\040\000T\000w\000o\000\040\000V\000i\000e\000w\000s\000,\000\040\000O\000n\000e\000\040\000C\000o\000m\000p\000u\000t\000a\000t\000i\000o\000n}{section.2}% 26
\BOOKMARK [1][-]{section.3}{\376\377\000T\000h\000e\000\040\000F\000i\000v\000e\000-\000L\000e\000v\000e\000l\000\040\000M\000e\000t\000a\000b\000o\000l\000i\000c\000\040\000H\000i\000e\000r\000a\000r\000c\000h\000y\000\040\000A\000r\000c\000h\000i\000t\000e\000c\000t\000u\000r\000e}{}% 27
\BOOKMARK [2][-]{subsection.3.1}{\376\377\000O\000v\000e\000r\000v\000i\000e\000w\000\040\000o\000f\000\040\000t\000h\000e\000\040\000H\000i\000e\000r\000a\000r\000c\000h\000i\000c\000a\000l\000\040\000C\000a\000s\000c\000a\000d\000e}{section.3}% 28
\BOOKMARK [2][-]{subsection.3.2}{\376\377\000L\000e\000v\000e\000l\000\040\0001\000:\000\040\000G\000l\000u\000c\000o\000s\000e\000\040\000T\000r\000a\000n\000s\000p\000o\000r\000t}{section.3}% 29
\BOOKMARK [3][-]{subsubsection.3.2.1}{\376\377\000B\000i\000o\000c\000h\000e\000m\000i\000c\000a\000l\000\040\000P\000r\000o\000c\000e\000s\000s}{subsection.3.2}% 30
\BOOKMARK [3][-]{subsubsection.3.2.2}{\376\377\000C\000o\000m\000p\000u\000t\000a\000t\000i\000o\000n\000a\000l\000\040\000O\000p\000e\000r\000a\000t\000i\000o\000n\000:\000\040\000E\000n\000v\000i\000r\000o\000n\000m\000e\000n\000t\000a\000l\000\040\000S\000e\000n\000s\000i\000n\000g}{subsection.3.2}% 31
\BOOKMARK [3][-]{subsubsection.3.2.3}{\376\377\000O\0002\000-\000H\000+\000\040\000C\000o\000u\000p\000l\000i\000n\000g\000\040\000M\000e\000c\000h\000a\000n\000i\000s\000m}{subsection.3.2}% 32
\BOOKMARK [3][-]{subsubsection.3.2.4}{\376\377\000T\000e\000m\000p\000o\000r\000a\000l\000\040\000S\000c\000a\000l\000e\000\040\000a\000n\000d\000\040\000I\000n\000f\000o\000r\000m\000a\000t\000i\000o\000n\000\040\000C\000a\000p\000a\000c\000i\000t\000y}{subsection.3.2}% 33
\BOOKMARK [2][-]{subsection.3.3}{\376\377\000L\000e\000v\000e\000l\000\040\0002\000:\000\040\000G\000l\000y\000c\000o\000l\000y\000s\000i\000s}{section.3}% 34
\BOOKMARK [3][-]{subsubsection.3.3.1}{\376\377\000B\000i\000o\000c\000h\000e\000m\000i\000c\000a\000l\000\040\000P\000r\000o\000c\000e\000s\000s}{subsection.3.3}% 35
\BOOKMARK [3][-]{subsubsection.3.3.2}{\376\377\000C\000o\000m\000p\000u\000t\000a\000t\000i\000o\000n\000a\000l\000\040\000O\000p\000e\000r\000a\000t\000i\000o\000n\000:\000\040\000E\000n\000e\000r\000g\000y\000\040\000D\000e\000m\000a\000n\000d\000\040\000I\000n\000t\000e\000g\000r\000a\000t\000i\000o\000n}{subsection.3.3}% 36
\BOOKMARK [3][-]{subsubsection.3.3.3}{\376\377\000O\0002\000-\000H\000+\000\040\000C\000o\000u\000p\000l\000i\000n\000g\000\040\000M\000e\000c\000h\000a\000n\000i\000s\000m}{subsection.3.3}% 37
\BOOKMARK [3][-]{subsubsection.3.3.4}{\376\377\000T\000e\000m\000p\000o\000r\000a\000l\000\040\000S\000c\000a\000l\000e\000\040\000a\000n\000d\000\040\000I\000n\000f\000o\000r\000m\000a\000t\000i\000o\000n\000\040\000C\000a\000p\000a\000c\000i\000t\000y}{subsection.3.3}% 38
\BOOKMARK [2][-]{subsection.3.4}{\376\377\000L\000e\000v\000e\000l\000\040\0003\000:\000\040\000T\000C\000A\000\040\000C\000y\000c\000l\000e}{section.3}% 39
\BOOKMARK [3][-]{subsubsection.3.4.1}{\376\377\000B\000i\000o\000c\000h\000e\000m\000i\000c\000a\000l\000\040\000P\000r\000o\000c\000e\000s\000s}{subsection.3.4}% 40
\BOOKMARK [3][-]{subsubsection.3.4.2}{\376\377\000C\000o\000m\000p\000u\000t\000a\000t\000i\000o\000n\000a\000l\000\040\000O\000p\000e\000r\000a\000t\000i\000o\000n\000:\000\040\000R\000e\000d\000o\000x\000\040\000S\000t\000a\000t\000e\000\040\000O\000p\000t\000i\000m\000i\000z\000a\000t\000i\000o\000n}{subsection.3.4}% 41
\BOOKMARK [3][-]{subsubsection.3.4.3}{\376\377\000O\0002\000-\000H\000+\000\040\000C\000o\000u\000p\000l\000i\000n\000g\000\040\000M\000e\000c\000h\000a\000n\000i\000s\000m}{subsection.3.4}% 42
\BOOKMARK [3][-]{subsubsection.3.4.4}{\376\377\000T\000e\000m\000p\000o\000r\000a\000l\000\040\000S\000c\000a\000l\000e\000\040\000a\000n\000d\000\040\000I\000n\000f\000o\000r\000m\000a\000t\000i\000o\000n\000\040\000C\000a\000p\000a\000c\000i\000t\000y}{subsection.3.4}% 43
\BOOKMARK [2][-]{subsection.3.5}{\376\377\000L\000e\000v\000e\000l\000\040\0004\000:\000\040\000O\000x\000i\000d\000a\000t\000i\000v\000e\000\040\000P\000h\000o\000s\000p\000h\000o\000r\000y\000l\000a\000t\000i\000o\000n}{section.3}% 44
\BOOKMARK [3][-]{subsubsection.3.5.1}{\376\377\000B\000i\000o\000c\000h\000e\000m\000i\000c\000a\000l\000\040\000P\000r\000o\000c\000e\000s\000s}{subsection.3.5}% 45
\BOOKMARK [3][-]{subsubsection.3.5.2}{\376\377\000C\000o\000m\000p\000u\000t\000a\000t\000i\000o\000n\000a\000l\000\040\000O\000p\000e\000r\000a\000t\000i\000o\000n\000:\000\040\000F\000r\000e\000e\000\040\000E\000n\000e\000r\000g\000y\000\040\000T\000r\000a\000n\000s\000d\000u\000c\000t\000i\000o\000n}{subsection.3.5}% 46
\BOOKMARK [3][-]{subsubsection.3.5.3}{\376\377\000O\0002\000-\000H\000+\000\040\000C\000o\000u\000p\000l\000i\000n\000g\000\040\000M\000e\000c\000h\000a\000n\000i\000s\000m}{subsection.3.5}% 47
\BOOKMARK [3][-]{subsubsection.3.5.4}{\376\377\000T\000e\000m\000p\000o\000r\000a\000l\000\040\000S\000c\000a\000l\000e\000\040\000a\000n\000d\000\040\000I\000n\000f\000o\000r\000m\000a\000t\000i\000o\000n\000\040\000C\000a\000p\000a\000c\000i\000t\000y}{subsection.3.5}% 48
\BOOKMARK [2][-]{subsection.3.6}{\376\377\000L\000e\000v\000e\000l\000\040\0005\000:\000\040\000G\000e\000n\000e\000\040\000E\000x\000p\000r\000e\000s\000s\000i\000o\000n}{section.3}% 49
\BOOKMARK [3][-]{subsubsection.3.6.1}{\376\377\000B\000i\000o\000c\000h\000e\000m\000i\000c\000a\000l\000\040\000P\000r\000o\000c\000e\000s\000s}{subsection.3.6}% 50
\BOOKMARK [3][-]{subsubsection.3.6.2}{\376\377\000C\000o\000m\000p\000u\000t\000a\000t\000i\000o\000n\000a\000l\000\040\000O\000p\000e\000r\000a\000t\000i\000o\000n\000:\000\040\000L\000o\000n\000g\000-\000T\000e\000r\000m\000\040\000S\000t\000a\000t\000e\000\040\000M\000e\000m\000o\000r\000y}{subsection.3.6}% 51
\BOOKMARK [3][-]{subsubsection.3.6.3}{\376\377\000O\0002\000-\000H\000+\000\040\000C\000o\000u\000p\000l\000i\000n\000g\000\040\000M\000e\000c\000h\000a\000n\000i\000s\000m}{subsection.3.6}% 52
\BOOKMARK [3][-]{subsubsection.3.6.4}{\376\377\000T\000e\000m\000p\000o\000r\000a\000l\000\040\000S\000c\000a\000l\000e\000\040\000a\000n\000d\000\040\000I\000n\000f\000o\000r\000m\000a\000t\000i\000o\000n\000\040\000C\000a\000p\000a\000c\000i\000t\000y}{subsection.3.6}% 53
\BOOKMARK [2][-]{subsection.3.7}{\376\377\000S\000u\000m\000m\000a\000r\000y\000:\000\040\000T\000h\000e\000\040\000C\000o\000m\000p\000l\000e\000t\000e\000\040\000H\000i\000e\000r\000a\000r\000c\000h\000i\000c\000a\000l\000\040\000C\000a\000s\000c\000a\000d\000e}{section.3}% 54
\BOOKMARK [1][-]{section.4}{\376\377\000C\000o\000m\000p\000u\000t\000a\000t\000i\000o\000n\000a\000l\000\040\000V\000a\000l\000i\000d\000a\000t\000i\000o\000n\000:\000\040\000H\000i\000e\000r\000a\000r\000c\000h\000i\000c\000a\000l\000\040\000F\000l\000u\000x\000\040\000D\000y\000n\000a\000m\000i\000c\000s}{}% 55
\BOOKMARK [2][-]{subsection.4.1}{\376\377\000M\000e\000t\000h\000o\000d\000o\000l\000o\000g\000y\000:\000\040\000M\000e\000t\000a\000b\000o\000l\000i\000c\000\040\000F\000l\000u\000x\000\040\000H\000i\000e\000r\000a\000r\000c\000h\000y\000\040\000A\000n\000a\000l\000y\000s\000e\000r}{section.4}% 56
\BOOKMARK [3][-]{subsubsection.4.1.1}{\376\377\000D\000r\000u\000g\000-\000S\000p\000e\000c\000i\000f\000i\000c\000\040\000M\000o\000d\000u\000l\000a\000t\000i\000o\000n\000\040\000P\000a\000r\000a\000m\000e\000t\000e\000r\000s}{subsection.4.1}% 57
\BOOKMARK [3][-]{subsubsection.4.1.2}{\376\377\000H\000i\000e\000r\000a\000r\000c\000h\000i\000c\000a\000l\000\040\000D\000e\000p\000t\000h\000\040\000C\000a\000l\000c\000u\000l\000a\000t\000i\000o\000n}{subsection.4.1}% 58
\BOOKMARK [2][-]{subsection.4.2}{\376\377\000V\000a\000l\000i\000d\000a\000t\000i\000o\000n\000\040\000R\000e\000s\000u\000l\000t\000s}{section.4}% 59
\BOOKMARK [3][-]{subsubsection.4.2.1}{\376\377\000B\000a\000s\000e\000l\000i\000n\000e\000\040\000\050\000H\000e\000a\000l\000t\000h\000y\000\040\000M\000e\000t\000a\000b\000o\000l\000i\000s\000m\000\051}{subsection.4.2}% 60
\BOOKMARK [3][-]{subsubsection.4.2.2}{\376\377\000M\000e\000t\000f\000o\000r\000m\000i\000n\000\040\000E\000n\000h\000a\000n\000c\000e\000m\000e\000n\000t}{subsection.4.2}% 61
\BOOKMARK [3][-]{subsubsection.4.2.3}{\376\377\000I\000n\000s\000u\000l\000i\000n\000\040\000R\000e\000s\000i\000s\000t\000a\000n\000c\000e\000\040\000S\000t\000a\000t\000e}{subsection.4.2}% 62
\BOOKMARK [3][-]{subsubsection.4.2.4}{\376\377\000L\000i\000t\000h\000i\000u\000m\000\040\000S\000t\000a\000b\000i\000l\000i\000z\000a\000t\000i\000o\000n}{subsection.4.2}% 63
\BOOKMARK [2][-]{subsection.4.3}{\376\377\000C\000r\000o\000s\000s\000-\000C\000o\000n\000d\000i\000t\000i\000o\000n\000\040\000C\000o\000m\000p\000a\000r\000i\000s\000o\000n}{section.4}% 64
\BOOKMARK [2][-]{subsection.4.4}{\376\377\000V\000a\000l\000i\000d\000a\000t\000i\000o\000n\000\040\000A\000g\000a\000i\000n\000s\000t\000\040\000E\000x\000p\000e\000r\000i\000m\000e\000n\000t\000a\000l\000\040\000D\000a\000t\000a}{section.4}% 65
\BOOKMARK [3][-]{subsubsection.4.4.1}{\376\377\000M\000e\000t\000f\000o\000r\000m\000i\000n\000\040\000C\000l\000i\000n\000i\000c\000a\000l\000\040\000E\000f\000f\000e\000c\000t\000s}{subsection.4.4}% 66
\BOOKMARK [3][-]{subsubsection.4.4.2}{\376\377\000I\000n\000s\000u\000l\000i\000n\000\040\000R\000e\000s\000i\000s\000t\000a\000n\000c\000e\000\040\000M\000e\000t\000a\000b\000o\000l\000i\000c\000\040\000F\000l\000u\000x}{subsection.4.4}% 67
\BOOKMARK [3][-]{subsubsection.4.4.3}{\376\377\000H\000i\000e\000r\000a\000r\000c\000h\000i\000c\000a\000l\000\040\000T\000i\000m\000e\000s\000c\000a\000l\000e\000s}{subsection.4.4}% 68
\BOOKMARK [2][-]{subsection.4.5}{\376\377\000F\000a\000l\000s\000i\000f\000i\000c\000a\000t\000i\000o\000n\000\040\000C\000r\000i\000t\000e\000r\000i\000a\000\040\000a\000n\000d\000\040\000P\000r\000e\000d\000i\000c\000t\000i\000v\000e\000\040\000P\000o\000w\000e\000r}{section.4}% 69
\BOOKMARK [3][-]{subsubsection.4.5.1}{\376\377\000P\000r\000e\000d\000i\000c\000t\000i\000o\000n\000\040\0001\000:\000\040\000M\000u\000l\000t\000i\000-\000L\000e\000v\000e\000l\000\040\000F\000l\000u\000x\000\040\000R\000e\000s\000t\000o\000r\000a\000t\000i\000o\000n}{subsection.4.5}% 70
\BOOKMARK [3][-]{subsubsection.4.5.2}{\376\377\000P\000r\000e\000d\000i\000c\000t\000i\000o\000n\000\040\0002\000:\000\040\000H\000i\000e\000r\000a\000r\000c\000h\000i\000c\000a\000l\000\040\000D\000e\000p\000t\000h\000\040\000C\000o\000r\000r\000e\000l\000a\000t\000e\000s\000\040\000w\000i\000t\000h\000\040\000D\000i\000s\000e\000a\000s\000e\000\040\000S\000e\000v\000e\000r\000i\000t\000y}{subsection.4.5}% 71
\BOOKMARK [3][-]{subsubsection.4.5.3}{\376\377\000P\000r\000e\000d\000i\000c\000t\000i\000o\000n\000\040\0003\000:\000\040\000I\000n\000f\000o\000r\000m\000a\000t\000i\000o\000n\000\040\000C\000o\000m\000p\000r\000e\000s\000s\000i\000o\000n\000\040\000R\000e\000f\000l\000e\000c\000t\000s\000\040\000T\000h\000e\000r\000a\000p\000e\000u\000t\000i\000c\000\040\000W\000i\000n\000d\000o\000w}{subsection.4.5}% 72
\BOOKMARK [2][-]{subsection.4.6}{\376\377\000S\000u\000m\000m\000a\000r\000y\000:\000\040\000C\000o\000m\000p\000u\000t\000a\000t\000i\000o\000n\000a\000l\000\040\000V\000a\000l\000i\000d\000a\000t\000i\000o\000n\000\040\000E\000s\000t\000a\000b\000l\000i\000s\000h\000e\000s\000\040\000F\000r\000a\000m\000e\000w\000o\000r\000k\000\040\000V\000a\000l\000i\000d\000i\000t\000y}{section.4}% 73
\BOOKMARK [1][-]{section.5}{\376\377\000C\000o\000n\000c\000l\000u\000s\000i\000o\000n\000s\000\040\000a\000n\000d\000\040\000F\000u\000t\000u\000r\000e\000\040\000D\000i\000r\000e\000c\000t\000i\000o\000n\000s}{}% 74
\BOOKMARK [2][-]{subsection.5.1}{\376\377\000S\000u\000m\000m\000a\000r\000y\000\040\000o\000f\000\040\000A\000c\000h\000i\000e\000v\000e\000m\000e\000n\000t\000s}{section.5}% 75
\BOOKMARK [3][-]{subsubsection.5.1.1}{\376\377\000T\000h\000e\000o\000r\000e\000t\000i\000c\000a\000l\000\040\000F\000o\000u\000n\000d\000a\000t\000i\000o\000n\000s}{subsection.5.1}% 76
\BOOKMARK [3][-]{subsubsection.5.1.2}{\376\377\000A\000r\000c\000h\000i\000t\000e\000c\000t\000u\000r\000a\000l\000\040\000S\000p\000e\000c\000i\000f\000i\000c\000a\000t\000i\000o\000n}{subsection.5.1}% 77
\BOOKMARK [3][-]{subsubsection.5.1.3}{\376\377\000C\000o\000m\000p\000u\000t\000a\000t\000i\000o\000n\000a\000l\000\040\000V\000a\000l\000i\000d\000a\000t\000i\000o\000n}{subsection.5.1}% 78
\BOOKMARK [2][-]{subsection.5.2}{\376\377\000P\000a\000r\000a\000d\000i\000g\000m\000\040\000I\000m\000p\000l\000i\000c\000a\000t\000i\000o\000n\000s}{section.5}% 79
\BOOKMARK [3][-]{subsubsection.5.2.1}{\376\377\000M\000e\000t\000a\000b\000o\000l\000i\000s\000m\000\040\000a\000s\000\040\000C\000o\000m\000p\000u\000t\000a\000t\000i\000o\000n}{subsection.5.2}% 80
\BOOKMARK [3][-]{subsubsection.5.2.2}{\376\377\000O\0002\000-\000H\000+\000\040\000C\000o\000u\000p\000l\000i\000n\000g\000\040\000a\000s\000\040\000U\000n\000i\000v\000e\000r\000s\000a\000l\000\040\000B\000i\000o\000l\000o\000g\000i\000c\000a\000l\000\040\000C\000o\000m\000p\000u\000t\000i\000n\000g\000\040\000S\000u\000b\000s\000t\000r\000a\000t\000e}{subsection.5.2}% 81
\BOOKMARK [2][-]{subsection.5.3}{\376\377\000C\000l\000i\000n\000i\000c\000a\000l\000\040\000T\000r\000a\000n\000s\000l\000a\000t\000i\000o\000n}{section.5}% 82
\BOOKMARK [3][-]{subsubsection.5.3.1}{\376\377\000I\000m\000m\000e\000d\000i\000a\000t\000e\000\040\000A\000p\000p\000l\000i\000c\000a\000t\000i\000o\000n\000s}{subsection.5.3}% 83
\BOOKMARK [2][-]{subsection.5.4}{\376\377\000E\000x\000p\000e\000r\000i\000m\000e\000n\000t\000a\000l\000\040\000V\000a\000l\000i\000d\000a\000t\000i\000o\000n\000\040\000P\000r\000i\000o\000r\000i\000t\000i\000e\000s}{section.5}% 84
\BOOKMARK [3][-]{subsubsection.5.4.1}{\376\377\000P\000r\000i\000o\000r\000i\000t\000y\000\040\0001\000:\000\040\000M\000u\000l\000t\000i\000-\000L\000e\000v\000e\000l\000\040\000F\000l\000u\000x\000\040\000T\000r\000a\000c\000i\000n\000g\000\040\000\050\000C\0001\0003\000-\000G\000l\000u\000c\000o\000s\000e\000\051}{subsection.5.4}% 85
\BOOKMARK [3][-]{subsubsection.5.4.2}{\376\377\000P\000r\000i\000o\000r\000i\000t\000y\000\040\0002\000:\000\040\000H\000i\000e\000r\000a\000r\000c\000h\000i\000c\000a\000l\000\040\000D\000e\000p\000t\000h\000\040\000C\000l\000i\000n\000i\000c\000a\000l\000\040\000T\000r\000i\000a\000l}{subsection.5.4}% 86
\BOOKMARK [3][-]{subsubsection.5.4.3}{\376\377\000P\000r\000i\000o\000r\000i\000t\000y\000\040\0003\000:\000\040\000O\0002\000-\000H\000+\000\040\000C\000o\000u\000p\000l\000i\000n\000g\000\040\000D\000i\000r\000e\000c\000t\000\040\000M\000e\000a\000s\000u\000r\000e\000m\000e\000n\000t}{subsection.5.4}% 87
\BOOKMARK [2][-]{subsection.5.5}{\376\377\000T\000h\000e\000o\000r\000e\000t\000i\000c\000a\000l\000\040\000E\000x\000t\000e\000n\000s\000i\000o\000n\000s}{section.5}% 88
\BOOKMARK [3][-]{subsubsection.5.5.1}{\376\377\000B\000e\000y\000o\000n\000d\000\040\000M\000e\000t\000a\000b\000o\000l\000i\000s\000m\000:\000\040\000G\000e\000n\000e\000t\000i\000c\000\040\000C\000o\000m\000p\000u\000t\000a\000t\000i\000o\000n}{subsection.5.5}% 89
\BOOKMARK [3][-]{subsubsection.5.5.2}{\376\377\000M\000u\000l\000t\000i\000-\000O\000r\000g\000a\000n\000\040\000H\000i\000e\000r\000a\000r\000c\000h\000i\000c\000a\000l\000\040\000C\000o\000o\000r\000d\000i\000n\000a\000t\000i\000o\000n}{subsection.5.5}% 90
\BOOKMARK [3][-]{subsubsection.5.5.3}{\376\377\000E\000v\000o\000l\000u\000t\000i\000o\000n\000a\000r\000y\000\040\000O\000p\000t\000i\000m\000i\000z\000a\000t\000i\000o\000n\000\040\000o\000f\000\040\000H\000i\000e\000r\000a\000r\000c\000h\000i\000e\000s}{subsection.5.5}% 91
\BOOKMARK [2][-]{subsection.5.6}{\376\377\000L\000i\000m\000i\000t\000a\000t\000i\000o\000n\000s\000\040\000a\000n\000d\000\040\000O\000p\000e\000n\000\040\000Q\000u\000e\000s\000t\000i\000o\000n\000s}{section.5}% 92
\BOOKMARK [3][-]{subsubsection.5.6.1}{\376\377\000C\000u\000r\000r\000e\000n\000t\000\040\000L\000i\000m\000i\000t\000a\000t\000i\000o\000n\000s}{subsection.5.6}% 93
\BOOKMARK [3][-]{subsubsection.5.6.2}{\376\377\000O\000p\000e\000n\000\040\000T\000h\000e\000o\000r\000e\000t\000i\000c\000a\000l\000\040\000Q\000u\000e\000s\000t\000i\000o\000n\000s}{subsection.5.6}% 94
\BOOKMARK [2][-]{subsection.5.7}{\376\377\000F\000i\000n\000a\000l\000\040\000P\000e\000r\000s\000p\000e\000c\000t\000i\000v\000e\000:\000\040\000A\000\040\000N\000e\000w\000\040\000P\000a\000r\000a\000d\000i\000g\000m\000\040\000f\000o\000r\000\040\000B\000i\000o\000l\000o\000g\000y}{section.5}% 95
