\BOOKMARK [0][-]{part.1}{\376\377\000I\000\040\000F\000o\000u\000n\000d\000a\000t\000i\000o\000n\000s\000:\000\040\000t\000h\000e\000\040\000f\000l\000o\000o\000r}{}% 1
\BOOKMARK [1][-]{section.1}{\376\377\000I\000n\000t\000r\000o\000d\000u\000c\000t\000i\000o\000n}{part.1}% 2
\BOOKMARK [2][-]{subsection.1.1}{\376\377\000T\000h\000e\000\040\000q\000u\000e\000s\000t\000i\000o\000n}{section.1}% 3
\BOOKMARK [2][-]{subsection.1.2}{\376\377\000T\000h\000e\000\040\000t\000h\000e\000s\000i\000s}{section.1}% 4
\BOOKMARK [2][-]{subsection.1.3}{\376\377\000M\000e\000t\000h\000o\000d}{section.1}% 5
\BOOKMARK [1][-]{section.2}{\376\377\000C\000o\000n\000t\000a\000c\000t\000\040\000g\000r\000a\000p\000h\000s}{part.1}% 6
\BOOKMARK [1][-]{section.3}{\376\377\000T\000h\000e\000\040\000f\000l\000o\000o\000r\000,\000\040\000d\000e\000r\000i\000v\000e\000d}{part.1}% 7
\BOOKMARK [1][-]{section.4}{\376\377\000I\000n\000d\000i\000v\000i\000d\000u\000a\000t\000i\000o\000n\000\040\000b\000y\000\040\000n\000e\000g\000a\000t\000i\000o\000n}{part.1}% 8
\BOOKMARK [1][-]{section.5}{\376\377\000I\000d\000e\000n\000t\000i\000t\000y\000\040\000i\000s\000\040\000t\000h\000e\000\040\000i\000n\000v\000a\000r\000i\000a\000n\000t\000\040\000c\000u\000t\000:\000\040\000t\000h\000e\000\040\000l\000e\000a\000s\000t\000\040\000s\000u\000f\000f\000i\000c\000i\000e\000n\000t\000\040\000u\000n\000k\000n\000o\000w\000a\000b\000i\000l\000i\000t\000y}{part.1}% 9
\BOOKMARK [0][-]{part.2}{\376\377\000I\000I\000\040\000T\000e\000r\000m\000i\000n\000a\000t\000i\000o\000n\000,\000\040\000m\000e\000a\000n\000i\000n\000g\000,\000\040\000a\000n\000d\000\040\000p\000r\000o\000p\000a\000g\000a\000t\000i\000o\000n}{}% 10
\BOOKMARK [1][-]{section.6}{\376\377\000T\000e\000r\000m\000i\000n\000a\000t\000i\000o\000n\000:\000\040\000o\000n\000l\000y\000\040\000c\000o\000m\000p\000l\000e\000t\000e\000d\000\040\000i\000t\000e\000m\000s\000\040\000i\000n\000d\000i\000v\000i\000d\000u\000a\000t\000e}{part.2}% 11
\BOOKMARK [1][-]{section.7}{\376\377\000C\000o\000n\000t\000e\000n\000t\000,\000\040\000m\000e\000a\000n\000i\000n\000g\000,\000\040\000a\000n\000d\000\040\000t\000h\000e\000\040\000i\000m\000p\000o\000s\000s\000i\000b\000i\000l\000i\000t\000y\000\040\000o\000f\000\040\000e\000x\000t\000r\000a\000c\000t\000i\000o\000n}{part.2}% 12
\BOOKMARK [1][-]{section.8}{\376\377\000N\000a\000m\000e\000s\000:\000\040\000s\000t\000a\000s\000h\000e\000s\000\040\000o\000f\000\040\000u\000n\000k\000n\000o\000w\000a\000b\000i\000l\000i\000t\000y\000,\000\040\000a\000n\000d\000\040\000t\000h\000e\000\040\000l\000a\000t\000e\000\040\000s\000e\000l\000f\000-\000n\000a\000m\000e}{part.2}% 13
\BOOKMARK [2][-]{subsection.8.1}{\376\377\000A\000\040\000n\000a\000m\000e\000\040\000i\000s\000\040\000t\000h\000e\000\040\000c\000u\000t\000\040\000w\000i\000t\000h\000o\000u\000t\000\040\000t\000h\000e\000\040\000c\000o\000n\000t\000e\000n\000t}{section.8}% 14
\BOOKMARK [2][-]{subsection.8.2}{\376\377\000S\000t\000a\000t\000i\000c\000\040\000a\000n\000d\000\040\000d\000y\000n\000a\000m\000i\000c\000\040\000i\000r\000r\000e\000d\000u\000c\000i\000b\000l\000e\000s\000;\000\040\000a\000\040\000n\000a\000m\000e\000\040\000i\000s\000\040\000n\000o\000t\000\040\000r\000e\000a\000c\000h\000e\000d\000\040\000b\000y\000\040\000n\000e\000g\000a\000t\000i\000o\000n}{section.8}% 15
\BOOKMARK [2][-]{subsection.8.3}{\376\377\000T\000h\000e\000\040\000s\000e\000l\000f\000-\000n\000a\000m\000e\000\040\000i\000s\000\040\000t\000h\000e\000\040\000d\000i\000a\000g\000o\000n\000a\000l}{section.8}% 16
\BOOKMARK [2][-]{subsection.8.4}{\376\377\000T\000h\000e\000\040\000s\000e\000l\000f\000-\000n\000a\000m\000e\000\040\000i\000s\000\040\000l\000a\000t\000e\000,\000\040\000h\000e\000n\000c\000e\000\040\000a\000n\000\040\000a\000p\000p\000r\000o\000x\000i\000m\000a\000t\000i\000o\000n}{section.8}% 17
\BOOKMARK [1][-]{section.9}{\376\377\000T\000h\000e\000\040\000r\000e\000s\000i\000d\000u\000e\000\040\000i\000s\000\040\000t\000h\000e\000\040\000p\000r\000o\000p\000a\000g\000a\000t\000o\000r\000;\000\040\000t\000h\000e\000\040\000r\000e\000c\000o\000r\000d\000\040\000i\000s\000\040\000t\000i\000m\000e}{part.2}% 18
\BOOKMARK [0][-]{part.3}{\376\377\000I\000I\000I\000\040\000T\000h\000e\000\040\000u\000n\000c\000e\000r\000t\000a\000i\000n\000t\000y\000\040\000c\000a\000l\000c\000u\000l\000u\000s\000\040\000a\000n\000d\000\040\000t\000h\000e\000\040\000r\000e\000l\000a\000x\000a\000t\000i\000o\000n}{}% 19
\BOOKMARK [1][-]{section.10}{\376\377\000D\000i\000s\000t\000a\000n\000c\000e\000\040\000t\000o\000\040\000t\000h\000e\000\040\000f\000l\000o\000o\000r\000:\000\040\000t\000h\000e\000\040\000p\000a\000r\000a\000m\000e\000t\000e\000r\000-\000f\000r\000e\000e\000\040\000u\000n\000c\000e\000r\000t\000a\000i\000n\000t\000y}{part.3}% 20
\BOOKMARK [1][-]{section.11}{\376\377\000C\000r\000o\000s\000s\000-\000d\000e\000m\000a\000n\000d\000\040\000a\000n\000d\000\040\000b\000i\000d\000i\000r\000e\000c\000t\000i\000o\000n\000a\000l\000\040\000r\000e\000l\000a\000x\000a\000t\000i\000o\000n}{part.3}% 21
\BOOKMARK [1][-]{section.12}{\376\377\000Q\000u\000i\000e\000s\000c\000e\000n\000c\000e\000\040\000c\000o\000n\000s\000t\000i\000t\000u\000t\000e\000s\000\040\000i\000d\000e\000n\000t\000i\000t\000y\000\040\000o\000f\000\040\000m\000e\000a\000n\000i\000n\000g}{part.3}% 22
\BOOKMARK [0][-]{part.4}{\376\377\000I\000V\000\040\000C\000o\000n\000v\000e\000r\000s\000a\000t\000i\000o\000n\000\040\000a\000n\000d\000\040\000t\000h\000e\000\040\000f\000o\000u\000r\000-\000c\000o\000l\000u\000m\000n\000\040\000t\000r\000a\000n\000s\000l\000a\000t\000o\000r}{}% 23
\BOOKMARK [1][-]{section.13}{\376\377\000R\000e\000c\000e\000i\000v\000e\000r\000-\000r\000e\000l\000a\000t\000i\000v\000i\000t\000y\000:\000\040\000n\000o\000\040\000p\000r\000i\000v\000i\000l\000e\000g\000e\000d\000\040\000m\000e\000a\000n\000i\000n\000g}{part.4}% 24
\BOOKMARK [1][-]{section.14}{\376\377\000C\000o\000n\000v\000e\000r\000s\000a\000t\000i\000o\000n\000\040\000a\000s\000\040\000p\000r\000o\000p\000a\000g\000a\000t\000i\000o\000n\000\040\000o\000f\000\040\000u\000n\000c\000e\000r\000t\000a\000i\000n\000t\000y}{part.4}% 25
\BOOKMARK [1][-]{section.15}{\376\377\000T\000h\000e\000\040\000f\000o\000u\000r\000-\000c\000o\000l\000u\000m\000n\000\040\000t\000r\000a\000n\000s\000l\000a\000t\000o\000r}{part.4}% 26
\BOOKMARK [1][-]{section.16}{\376\377\000T\000h\000e\000\040\000m\000a\000s\000t\000e\000r\000\040\000e\000q\000u\000i\000v\000a\000l\000e\000n\000c\000e\000,\000\040\000s\000c\000o\000p\000e\000,\000\040\000a\000n\000d\000\040\000c\000o\000n\000c\000l\000u\000s\000i\000o\000n}{part.4}% 27
\BOOKMARK [2][-]{subsection.16.1}{\376\377\000C\000o\000m\000p\000u\000t\000a\000t\000i\000o\000n\000a\000l\000\040\000v\000a\000l\000i\000d\000a\000t\000i\000o\000n}{section.16}% 28
\BOOKMARK [2][-]{subsection.16.2}{\376\377\000S\000c\000o\000p\000e}{section.16}% 29
\BOOKMARK [2][-]{subsection.16.3}{\376\377\000C\000o\000n\000c\000l\000u\000s\000i\000o\000n}{section.16}% 30
