\BOOKMARK [1][-]{section.1}{\376\377\000T\000h\000e\000\040\000O\000s\000c\000i\000l\000l\000a\000t\000o\000r\000y\000\040\000F\000o\000u\000n\000d\000a\000t\000i\000o\000n\000\040\000o\000f\000\040\000P\000h\000y\000s\000i\000c\000a\000l\000\040\000R\000e\000a\000l\000i\000t\000y}{}% 1
\BOOKMARK [2][-]{subsection.1.1}{\376\377\000M\000o\000t\000i\000v\000a\000t\000i\000o\000n\000:\000\040\000B\000e\000y\000o\000n\000d\000\040\000E\000m\000e\000r\000g\000e\000n\000t\000\040\000D\000e\000s\000c\000r\000i\000p\000t\000i\000o\000n\000s}{section.1}% 2
\BOOKMARK [2][-]{subsection.1.2}{\376\377\000M\000a\000t\000h\000e\000m\000a\000t\000i\000c\000a\000l\000\040\000N\000e\000c\000e\000s\000s\000i\000t\000y\000\040\000o\000f\000\040\000O\000s\000c\000i\000l\000l\000a\000t\000o\000r\000y\000\040\000E\000x\000i\000s\000t\000e\000n\000c\000e}{section.1}% 3
\BOOKMARK [2][-]{subsection.1.3}{\376\377\000P\000h\000y\000s\000i\000c\000a\000l\000\040\000I\000n\000e\000v\000i\000t\000a\000b\000i\000l\000i\000t\000y\000:\000\040\000T\000o\000p\000o\000l\000o\000g\000i\000c\000a\000l\000\040\000N\000e\000c\000e\000s\000s\000i\000t\000y\000\040\000o\000f\000\040\000O\000s\000c\000i\000l\000l\000a\000t\000i\000o\000n\000s}{section.1}% 4
\BOOKMARK [2][-]{subsection.1.4}{\376\377\000Q\000u\000a\000n\000t\000u\000m\000\040\000M\000e\000c\000h\000a\000n\000i\000c\000s\000\040\000a\000s\000\040\000I\000n\000t\000r\000i\000n\000s\000i\000c\000\040\000O\000s\000c\000i\000l\000l\000a\000t\000o\000r\000y\000\040\000D\000y\000n\000a\000m\000i\000c\000s}{section.1}% 5
\BOOKMARK [2][-]{subsection.1.5}{\376\377\000C\000l\000a\000s\000s\000i\000c\000a\000l\000\040\000M\000e\000c\000h\000a\000n\000i\000c\000s\000\040\000a\000s\000\040\000D\000e\000c\000o\000h\000e\000r\000e\000n\000t\000\040\000O\000s\000c\000i\000l\000l\000a\000t\000o\000r\000y\000\040\000D\000y\000n\000a\000m\000i\000c\000s}{section.1}% 6
\BOOKMARK [2][-]{subsection.1.6}{\376\377\000H\000i\000e\000r\000a\000r\000c\000h\000i\000c\000a\000l\000\040\000O\000s\000c\000i\000l\000l\000a\000t\000o\000r\000y\000\040\000A\000r\000c\000h\000i\000t\000e\000c\000t\000u\000r\000e}{section.1}% 7
\BOOKMARK [2][-]{subsection.1.7}{\376\377\000T\000h\000e\000r\000m\000o\000d\000y\000n\000a\000m\000i\000c\000\040\000M\000a\000n\000d\000a\000t\000e\000\040\000f\000o\000r\000\040\000O\000s\000c\000i\000l\000l\000a\000t\000o\000r\000y\000\040\000D\000i\000v\000e\000r\000s\000i\000t\000y}{section.1}% 8
\BOOKMARK [2][-]{subsection.1.8}{\376\377\000C\000o\000m\000p\000u\000t\000a\000t\000i\000o\000n\000a\000l\000\040\000I\000m\000p\000o\000s\000s\000i\000b\000i\000l\000i\000t\000y\000\040\000a\000n\000d\000\040\000P\000r\000e\000-\000E\000x\000i\000s\000t\000i\000n\000g\000\040\000S\000t\000r\000u\000c\000t\000u\000r\000e}{section.1}% 9
\BOOKMARK [2][-]{subsection.1.9}{\376\377\000I\000m\000p\000l\000i\000c\000a\000t\000i\000o\000n\000s\000\040\000f\000o\000r\000\040\000C\000o\000m\000p\000l\000e\000x\000\040\000S\000y\000s\000t\000e\000m\000s}{section.1}% 10
\BOOKMARK [1][-]{section.2}{\376\377\000C\000a\000t\000e\000g\000o\000r\000i\000c\000a\000l\000\040\000S\000t\000r\000u\000c\000t\000u\000r\000e\000\040\000o\000f\000\040\000P\000h\000y\000s\000i\000c\000a\000l\000\040\000P\000r\000o\000c\000e\000s\000s\000e\000s}{}% 11
\BOOKMARK [2][-]{subsection.2.1}{\376\377\000M\000o\000t\000i\000v\000a\000t\000i\000o\000n\000:\000\040\000B\000e\000y\000o\000n\000d\000\040\000C\000o\000n\000t\000i\000n\000u\000o\000u\000s\000\040\000S\000t\000a\000t\000e\000\040\000S\000p\000a\000c\000e\000s}{section.2}% 12
\BOOKMARK [2][-]{subsection.2.2}{\376\377\000C\000a\000t\000e\000g\000o\000r\000i\000c\000a\000l\000\040\000S\000p\000a\000c\000e\000s}{section.2}% 13
\BOOKMARK [2][-]{subsection.2.3}{\376\377\000C\000o\000m\000p\000l\000e\000t\000i\000o\000n\000\040\000T\000r\000a\000j\000e\000c\000t\000o\000r\000i\000e\000s}{section.2}% 14
\BOOKMARK [1][-]{section.3}{\376\377\000T\000e\000m\000p\000o\000r\000a\000l\000\040\000E\000m\000e\000r\000g\000e\000n\000c\000e\000\040\000f\000r\000o\000m\000\040\000C\000a\000t\000e\000g\000o\000r\000i\000c\000a\000l\000\040\000S\000e\000q\000u\000e\000n\000c\000i\000n\000g}{}% 15
\BOOKMARK [2][-]{subsection.3.1}{\376\377\000O\000b\000s\000e\000r\000v\000e\000r\000-\000D\000r\000i\000v\000e\000n\000\040\000A\000p\000p\000r\000o\000x\000i\000m\000a\000t\000i\000o\000n}{section.3}% 16
\BOOKMARK [2][-]{subsection.3.2}{\376\377\000T\000e\000m\000p\000o\000r\000a\000l\000\040\000C\000o\000o\000r\000d\000i\000n\000a\000t\000e\000s\000\040\000f\000r\000o\000m\000\040\000S\000e\000q\000u\000e\000n\000t\000i\000a\000l\000\040\000C\000o\000m\000p\000l\000e\000t\000i\000o\000n}{section.3}% 17
\BOOKMARK [2][-]{subsection.3.3}{\376\377\000C\000o\000m\000p\000l\000e\000t\000i\000o\000n\000\040\000R\000a\000t\000e\000\040\000a\000s\000\040\000T\000e\000m\000p\000o\000r\000a\000l\000\040\000P\000e\000r\000c\000e\000p\000t\000i\000o\000n}{section.3}% 18
\BOOKMARK [1][-]{section.4}{\376\377\000E\000n\000t\000r\000o\000p\000y\000\040\000f\000r\000o\000m\000\040\000C\000a\000t\000e\000g\000o\000r\000i\000c\000a\000l\000\040\000C\000o\000m\000p\000l\000e\000t\000i\000o\000n}{}% 19
\BOOKMARK [2][-]{subsection.4.1}{\376\377\000E\000q\000u\000i\000v\000a\000l\000e\000n\000c\000e\000\040\000C\000l\000a\000s\000s\000\040\000S\000t\000r\000u\000c\000t\000u\000r\000e}{section.4}% 20
\BOOKMARK [2][-]{subsection.4.2}{\376\377\000C\000a\000t\000e\000g\000o\000r\000i\000c\000a\000l\000\040\000E\000n\000t\000r\000o\000p\000y}{section.4}% 21
\BOOKMARK [1][-]{section.5}{\376\377\000O\000s\000c\000i\000l\000l\000a\000t\000o\000r\000y\000\040\000E\000n\000t\000r\000o\000p\000y\000\040\000a\000n\000d\000\040\000C\000a\000t\000e\000g\000o\000r\000i\000c\000a\000l\000\040\000E\000q\000u\000i\000v\000a\000l\000e\000n\000c\000e}{}% 22
\BOOKMARK [2][-]{subsection.5.1}{\376\377\000O\000s\000c\000i\000l\000l\000a\000t\000o\000r\000y\000\040\000T\000e\000r\000m\000i\000n\000a\000t\000i\000o\000n\000\040\000a\000s\000\040\000C\000a\000t\000e\000g\000o\000r\000i\000c\000a\000l\000\040\000C\000o\000m\000p\000l\000e\000t\000i\000o\000n}{section.5}% 23
\BOOKMARK [2][-]{subsection.5.2}{\376\377\000P\000h\000y\000s\000i\000c\000a\000l\000\040\000I\000n\000t\000e\000r\000p\000r\000e\000t\000a\000t\000i\000o\000n}{section.5}% 24
\BOOKMARK [1][-]{section.6}{\376\377\000C\000a\000t\000e\000g\000o\000r\000i\000c\000a\000l\000\040\000R\000i\000c\000h\000n\000e\000s\000s\000\040\000a\000n\000d\000\040\000A\000s\000y\000m\000m\000e\000t\000r\000y}{}% 25
\BOOKMARK [2][-]{subsection.6.1}{\376\377\000T\000o\000p\000o\000l\000o\000g\000i\000c\000a\000l\000\040\000I\000n\000v\000a\000r\000i\000a\000n\000t\000s}{section.6}% 26
\BOOKMARK [2][-]{subsection.6.2}{\376\377\000C\000o\000n\000n\000e\000c\000t\000i\000o\000n\000\040\000t\000o\000\040\000O\000s\000c\000i\000l\000l\000a\000t\000o\000r\000y\000\040\000D\000y\000n\000a\000m\000i\000c\000s}{section.6}% 27
\BOOKMARK [1][-]{section.7}{\376\377\000F\000i\000n\000i\000t\000e\000\040\000S\000y\000s\000t\000e\000m\000s\000\040\000a\000n\000d\000\040\000C\000o\000m\000p\000u\000t\000a\000t\000i\000o\000n\000a\000l\000\040\000C\000o\000n\000s\000t\000r\000a\000i\000n\000t\000s}{}% 28
\BOOKMARK [2][-]{subsection.7.1}{\376\377\000B\000o\000u\000n\000d\000e\000d\000\040\000C\000a\000t\000e\000g\000o\000r\000i\000c\000a\000l\000\040\000S\000p\000a\000c\000e\000s}{section.7}% 29
\BOOKMARK [2][-]{subsection.7.2}{\376\377\000C\000o\000m\000p\000u\000t\000a\000t\000i\000o\000n\000a\000l\000\040\000I\000m\000p\000l\000i\000c\000a\000t\000i\000o\000n\000s}{section.7}% 30
\BOOKMARK [1][-]{section.8}{\376\377\000S\000u\000m\000m\000a\000r\000y\000\040\000a\000n\000d\000\040\000F\000o\000r\000w\000a\000r\000d\000\040\000C\000o\000n\000n\000e\000c\000t\000i\000o\000n}{}% 31
\BOOKMARK [2][-]{subsection.8.1}{\376\377\000E\000s\000t\000a\000b\000l\000i\000s\000h\000e\000d\000\040\000F\000r\000a\000m\000e\000w\000o\000r\000k}{section.8}% 32
\BOOKMARK [2][-]{subsection.8.2}{\376\377\000I\000m\000p\000l\000i\000c\000a\000t\000i\000o\000n\000s\000\040\000f\000o\000r\000\040\000P\000h\000y\000s\000i\000c\000a\000l\000\040\000S\000y\000s\000t\000e\000m\000s}{section.8}% 33
\BOOKMARK [2][-]{subsection.8.3}{\376\377\000F\000o\000r\000w\000a\000r\000d\000:\000\040\000A\000p\000p\000l\000y\000i\000n\000g\000\040\000t\000h\000e\000\040\000F\000r\000a\000m\000e\000w\000o\000r\000k}{section.8}% 34
\BOOKMARK [1][-]{section.9}{\376\377\000I\000n\000t\000r\000o\000d\000u\000c\000t\000i\000o\000n\000:\000\040\000F\000r\000o\000m\000\040\000T\000h\000o\000u\000g\000h\000t\000\040\000E\000x\000p\000e\000r\000i\000m\000e\000n\000t\000\040\000t\000o\000\040\000P\000h\000y\000s\000i\000c\000a\000l\000\040\000R\000e\000a\000l\000i\000t\000y}{}% 35
\BOOKMARK [2][-]{subsection.9.1}{\376\377\000M\000a\000x\000w\000e\000l\000l\000'\000s\000\040\000O\000r\000i\000g\000i\000n\000a\000l\000\040\000F\000o\000r\000m\000u\000l\000a\000t\000i\000o\000n}{section.9}% 36
\BOOKMARK [2][-]{subsection.9.2}{\376\377\000T\000h\000e\000\040\000Q\000u\000e\000s\000t\000i\000o\000n\000\040\000o\000f\000\040\000P\000h\000y\000s\000i\000c\000a\000l\000\040\000I\000m\000p\000l\000e\000m\000e\000n\000t\000a\000t\000i\000o\000n}{section.9}% 37
\BOOKMARK [2][-]{subsection.9.3}{\376\377\000T\000h\000e\000\040\000M\000o\000d\000e\000r\000n\000\040\000S\000y\000n\000t\000h\000e\000s\000i\000s\000:\000\040\000M\000i\000z\000r\000a\000j\000i\000'\000s\000\040\000I\000n\000f\000o\000r\000m\000a\000t\000i\000o\000n\000\040\000C\000a\000t\000a\000l\000y\000s\000i\000s}{section.9}% 38
\BOOKMARK [1][-]{section.10}{\376\377\000M\000i\000z\000r\000a\000j\000i\000'\000s\000\040\000F\000o\000r\000m\000a\000l\000i\000z\000a\000t\000i\000o\000n\000:\000\040\000B\000M\000D\000s\000\040\000a\000s\000\040\000C\000o\000u\000p\000l\000e\000d\000\040\000F\000i\000l\000t\000e\000r\000s}{}% 39
\BOOKMARK [2][-]{subsection.10.1}{\376\377\000T\000h\000e\000\040\000F\000i\000l\000t\000e\000r\000\040\000R\000e\000p\000r\000e\000s\000e\000n\000t\000a\000t\000i\000o\000n}{section.10}% 40
\BOOKMARK [2][-]{subsection.10.2}{\376\377\000P\000r\000o\000b\000a\000b\000i\000l\000i\000t\000y\000\040\000T\000r\000a\000n\000s\000f\000o\000r\000m\000a\000t\000i\000o\000n}{section.10}% 41
\BOOKMARK [2][-]{subsection.10.3}{\376\377\000C\000a\000n\000o\000n\000i\000c\000a\000l\000\040\000E\000x\000a\000m\000p\000l\000e\000s}{section.10}% 42
\BOOKMARK [1][-]{section.11}{\376\377\000C\000a\000t\000e\000g\000o\000r\000i\000c\000a\000l\000\040\000F\000o\000r\000m\000u\000l\000a\000t\000i\000o\000n\000\040\000o\000f\000\040\000B\000M\000D\000s}{}% 43
\BOOKMARK [2][-]{subsection.11.1}{\376\377\000B\000M\000D\000s\000\040\000a\000s\000\040\000C\000a\000t\000e\000g\000o\000r\000i\000c\000a\000l\000\040\000F\000i\000l\000t\000e\000r\000s}{section.11}% 44
\BOOKMARK [2][-]{subsection.11.2}{\376\377\000B\000M\000D\000s\000\040\000a\000n\000d\000\040\000O\000s\000c\000i\000l\000l\000a\000t\000o\000r\000y\000\040\000H\000o\000l\000e\000s}{section.11}% 45
\BOOKMARK [2][-]{subsection.11.3}{\376\377\000T\000h\000e\000\040\000T\000r\000i\000p\000l\000e\000\040\000E\000q\000u\000i\000v\000a\000l\000e\000n\000c\000e}{section.11}% 46
\BOOKMARK [1][-]{section.12}{\376\377\000I\000n\000f\000o\000r\000m\000a\000t\000i\000o\000n\000\040\000C\000a\000t\000a\000l\000y\000s\000i\000s\000\040\000a\000s\000\040\000P\000r\000o\000b\000a\000b\000i\000l\000i\000t\000y\000\040\000T\000r\000a\000n\000s\000f\000o\000r\000m\000a\000t\000i\000o\000n}{}% 47
\BOOKMARK [2][-]{subsection.12.1}{\376\377\000T\000h\000e\000\040\000C\000a\000t\000a\000l\000y\000t\000i\000c\000\040\000M\000e\000c\000h\000a\000n\000i\000s\000m}{section.12}% 48
\BOOKMARK [2][-]{subsection.12.2}{\376\377\000M\000a\000i\000n\000t\000a\000i\000n\000i\000n\000g\000\040\000F\000i\000l\000t\000e\000r\000\040\000S\000p\000e\000c\000i\000f\000i\000c\000i\000t\000y}{section.12}% 49
\BOOKMARK [1][-]{section.13}{\376\377\000H\000i\000e\000r\000a\000r\000c\000h\000i\000c\000a\000l\000\040\000C\000a\000s\000c\000a\000d\000e\000s\000\040\000a\000n\000d\000\040\000S\000e\000l\000f\000-\000P\000r\000o\000p\000a\000g\000a\000t\000i\000o\000n}{}% 50
\BOOKMARK [2][-]{subsection.13.1}{\376\377\000B\000M\000D\000\040\000H\000i\000e\000r\000a\000r\000c\000h\000i\000e\000s}{section.13}% 51
\BOOKMARK [2][-]{subsection.13.2}{\376\377\000S\000e\000l\000f\000-\000P\000r\000o\000p\000a\000g\000a\000t\000i\000n\000g\000\040\000S\000t\000r\000u\000c\000t\000u\000r\000e}{section.13}% 52
\BOOKMARK [1][-]{section.14}{\376\377\000S\000u\000m\000m\000a\000r\000y\000\040\000a\000n\000d\000\040\000F\000o\000r\000w\000a\000r\000d\000\040\000C\000o\000n\000n\000e\000c\000t\000i\000o\000n}{}% 53
\BOOKMARK [2][-]{subsection.14.1}{\376\377\000K\000e\000y\000\040\000R\000e\000s\000u\000l\000t\000s\000\040\000E\000s\000t\000a\000b\000l\000i\000s\000h\000e\000d}{section.14}% 54
\BOOKMARK [2][-]{subsection.14.2}{\376\377\000T\000h\000e\000\040\000U\000n\000i\000f\000y\000i\000n\000g\000\040\000F\000r\000a\000m\000e\000w\000o\000r\000k}{section.14}% 55
\BOOKMARK [2][-]{subsection.14.3}{\376\377\000A\000p\000p\000l\000i\000c\000a\000t\000i\000o\000n\000s\000\040\000t\000o\000\040\000F\000o\000l\000l\000o\000w}{section.14}% 56
\BOOKMARK [1][-]{section.15}{\376\377\000I\000n\000t\000r\000o\000d\000u\000c\000t\000i\000o\000n\000:\000\040\000T\000h\000e\000\040\000O\000l\000f\000a\000c\000t\000o\000r\000y\000\040\000P\000a\000r\000a\000d\000o\000x}{}% 57
\BOOKMARK [1][-]{section.16}{\376\377\000T\000r\000a\000d\000i\000t\000i\000o\000n\000a\000l\000\040\000T\000h\000e\000o\000r\000y\000:\000\040\000L\000o\000c\000k\000-\000a\000n\000d\000-\000K\000e\000y\000\040\000S\000h\000a\000p\000e\000\040\000R\000e\000c\000o\000g\000n\000i\000t\000i\000o\000n}{}% 58
\BOOKMARK [2][-]{subsection.16.1}{\376\377\000T\000h\000e\000\040\000S\000h\000a\000p\000e\000\040\000T\000h\000e\000o\000r\000y\000\040\000o\000f\000\040\000O\000l\000f\000a\000c\000t\000i\000o\000n}{section.16}% 59
\BOOKMARK [2][-]{subsection.16.2}{\376\377\000A\000p\000p\000a\000r\000e\000n\000t\000\040\000E\000v\000i\000d\000e\000n\000c\000e\000\040\000f\000o\000r\000\040\000S\000h\000a\000p\000e\000\040\000T\000h\000e\000o\000r\000y}{section.16}% 60
\BOOKMARK [2][-]{subsection.16.3}{\376\377\000I\000n\000s\000u\000r\000m\000o\000u\000n\000t\000a\000b\000l\000e\000\040\000A\000n\000o\000m\000a\000l\000i\000e\000s}{section.16}% 61
\BOOKMARK [1][-]{section.17}{\376\377\000T\000h\000e\000\040\000V\000i\000b\000r\000a\000t\000i\000o\000n\000a\000l\000\040\000T\000h\000e\000o\000r\000y\000:\000\040\000O\000s\000c\000i\000l\000l\000a\000t\000o\000r\000y\000\040\000S\000i\000g\000n\000a\000t\000u\000r\000e\000s}{}% 62
\BOOKMARK [2][-]{subsection.17.1}{\376\377\000H\000i\000s\000t\000o\000r\000i\000c\000a\000l\000\040\000D\000e\000v\000e\000l\000o\000p\000m\000e\000n\000t}{section.17}% 63
\BOOKMARK [2][-]{subsection.17.2}{\376\377\000Q\000u\000a\000n\000t\000u\000m\000\040\000M\000e\000c\000h\000a\000n\000i\000c\000a\000l\000\040\000F\000o\000u\000n\000d\000a\000t\000i\000o\000n}{section.17}% 64
\BOOKMARK [2][-]{subsection.17.3}{\376\377\000I\000s\000o\000t\000o\000p\000e\000\040\000E\000f\000f\000e\000c\000t\000\040\000a\000s\000\040\000S\000m\000o\000k\000i\000n\000g\000\040\000G\000u\000n}{section.17}% 65
\BOOKMARK [2][-]{subsection.17.4}{\376\377\000M\000e\000c\000h\000a\000n\000i\000s\000m\000:\000\040\000I\000n\000e\000l\000a\000s\000t\000i\000c\000\040\000E\000l\000e\000c\000t\000r\000o\000n\000\040\000T\000u\000n\000n\000e\000l\000i\000n\000g}{section.17}% 66
\BOOKMARK [1][-]{section.18}{\376\377\000O\000l\000f\000a\000c\000t\000o\000r\000y\000\040\000R\000e\000c\000e\000p\000t\000o\000r\000s\000\040\000a\000s\000\040\000B\000i\000o\000l\000o\000g\000i\000c\000a\000l\000\040\000M\000a\000x\000w\000e\000l\000l\000\040\000D\000e\000m\000o\000n\000s}{}% 67
\BOOKMARK [2][-]{subsection.18.1}{\376\377\000O\000l\000f\000a\000c\000t\000o\000r\000y\000\040\000R\000e\000c\000e\000p\000t\000o\000r\000s\000\040\000I\000m\000p\000l\000e\000m\000e\000n\000t\000\040\000C\000o\000u\000p\000l\000e\000d\000\040\000F\000i\000l\000t\000e\000r\000s}{section.18}% 68
\BOOKMARK [2][-]{subsection.18.2}{\376\377\000O\000s\000c\000i\000l\000l\000a\000t\000o\000r\000y\000\040\000S\000i\000g\000n\000a\000t\000u\000r\000e\000\040\000a\000s\000\040\000I\000n\000f\000o\000r\000m\000a\000t\000i\000o\000n\000\040\000C\000o\000n\000t\000e\000n\000t}{section.18}% 69
\BOOKMARK [1][-]{section.19}{\376\377\000C\000a\000t\000e\000g\000o\000r\000i\000c\000a\000l\000\040\000S\000t\000r\000u\000c\000t\000u\000r\000e\000\040\000o\000f\000\040\000O\000l\000f\000a\000c\000t\000o\000r\000y\000\040\000P\000e\000r\000c\000e\000p\000t\000i\000o\000n}{}% 70
\BOOKMARK [2][-]{subsection.19.1}{\376\377\000E\000q\000u\000i\000v\000a\000l\000e\000n\000c\000e\000\040\000C\000l\000a\000s\000s\000e\000s\000:\000\040\000M\000a\000n\000y\000\040\000M\000o\000l\000e\000c\000u\000l\000e\000s\000,\000\040\000O\000n\000e\000\040\000P\000e\000r\000c\000e\000p\000t}{section.19}% 71
\BOOKMARK [2][-]{subsection.19.2}{\376\377\000C\000a\000t\000e\000g\000o\000r\000i\000c\000a\000l\000\040\000C\000o\000m\000p\000l\000e\000t\000i\000o\000n\000\040\000i\000n\000\040\000O\000l\000f\000a\000c\000t\000i\000o\000n}{section.19}% 72
\BOOKMARK [2][-]{subsection.19.3}{\376\377\000W\000h\000y\000\040\000O\000l\000f\000a\000c\000t\000i\000o\000n\000\040\000i\000s\000\040\000t\000h\000e\000\040\000P\000a\000r\000a\000d\000i\000g\000m\000a\000t\000i\000c\000\040\000E\000x\000a\000m\000p\000l\000e}{section.19}% 73
\BOOKMARK [1][-]{section.20}{\376\377\000O\000s\000c\000i\000l\000l\000a\000t\000o\000r\000y\000\040\000H\000o\000l\000e\000s\000\040\000a\000n\000d\000\040\000S\000c\000e\000n\000t\000\040\000P\000e\000r\000c\000e\000p\000t\000i\000o\000n}{}% 74
\BOOKMARK [2][-]{subsection.20.1}{\376\377\000O\000l\000f\000a\000c\000t\000o\000r\000y\000\040\000C\000a\000s\000c\000a\000d\000e\000s\000\040\000a\000n\000d\000\040\000M\000i\000s\000s\000i\000n\000g\000\040\000P\000a\000t\000t\000e\000r\000n\000s}{section.20}% 75
\BOOKMARK [2][-]{subsection.20.2}{\376\377\000C\000o\000n\000n\000e\000c\000t\000i\000o\000n\000\040\000t\000o\000\040\000t\000h\000e\000\040\000T\000r\000i\000p\000l\000e\000\040\000E\000q\000u\000i\000v\000a\000l\000e\000n\000c\000e}{section.20}% 76
\BOOKMARK [1][-]{section.21}{\376\377\000G\000e\000n\000e\000r\000a\000l\000i\000z\000i\000n\000g\000\040\000B\000e\000y\000o\000n\000d\000\040\000O\000l\000f\000a\000c\000t\000i\000o\000n}{}% 77
\BOOKMARK [2][-]{subsection.21.1}{\376\377\000T\000h\000e\000\040\000U\000n\000i\000v\000e\000r\000s\000a\000l\000\040\000P\000a\000t\000t\000e\000r\000n}{section.21}% 78
\BOOKMARK [2][-]{subsection.21.2}{\376\377\000I\000m\000p\000l\000i\000c\000a\000t\000i\000o\000n\000s\000\040\000f\000o\000r\000\040\000S\000u\000b\000s\000e\000q\000u\000e\000n\000t\000\040\000S\000e\000c\000t\000i\000o\000n\000s}{section.21}% 79
\BOOKMARK [1][-]{section.22}{\376\377\000C\000o\000n\000c\000l\000u\000s\000i\000o\000n\000s}{}% 80
\BOOKMARK [2][-]{subsection.22.1}{\376\377\000S\000u\000m\000m\000a\000r\000y\000\040\000o\000f\000\040\000R\000e\000s\000u\000l\000t\000s}{section.22}% 81
\BOOKMARK [2][-]{subsection.22.2}{\376\377\000T\000h\000e\000\040\000F\000u\000n\000d\000a\000m\000e\000n\000t\000a\000l\000\040\000I\000n\000s\000i\000g\000h\000t}{section.22}% 82
\BOOKMARK [2][-]{subsection.22.3}{\376\377\000F\000o\000r\000w\000a\000r\000d\000\040\000C\000o\000n\000n\000e\000c\000t\000i\000o\000n}{section.22}% 83
\BOOKMARK [1][-]{section.23}{\376\377\000I\000n\000t\000r\000o\000d\000u\000c\000t\000i\000o\000n\000:\000\040\000T\000h\000e\000\040\000I\000n\000f\000o\000r\000m\000a\000t\000i\000o\000n\000\040\000S\000u\000b\000s\000t\000r\000a\000t\000e\000\040\000P\000r\000o\000b\000l\000e\000m}{}% 84
\BOOKMARK [1][-]{section.24}{\376\377\000W\000h\000y\000\040\000O\000x\000y\000g\000e\000n\000:\000\040\000T\000h\000e\000\040\000U\000n\000i\000q\000u\000e\000\040\000I\000n\000f\000o\000r\000m\000a\000t\000i\000o\000n\000\040\000C\000a\000r\000r\000i\000e\000r}{}% 85
\BOOKMARK [2][-]{subsection.24.1}{\376\377\000T\000h\000e\000\040\000O\000x\000y\000g\000e\000n\000\040\000A\000b\000u\000n\000d\000a\000n\000c\000e\000\040\000P\000a\000r\000a\000d\000o\000x}{section.24}% 86
\BOOKMARK [2][-]{subsection.24.2}{\376\377\000T\000h\000e\000\040\0002\0005\000,\0001\0001\0000\000\040\000Q\000u\000a\000n\000t\000u\000m\000\040\000S\000t\000a\000t\000e\000s\000\040\000o\000f\000\040\000O\0002}{section.24}% 87
\BOOKMARK [1][-]{section.25}{\376\377\000O\000x\000y\000g\000e\000n\000\040\000D\000y\000n\000a\000m\000i\000c\000s\000\040\000a\000s\000\040\000I\000n\000f\000o\000r\000m\000a\000t\000i\000o\000n\000\040\000F\000l\000o\000w}{}% 88
\BOOKMARK [2][-]{subsection.25.1}{\376\377\000T\000h\000e\000\040\000G\000a\000s\000\040\000M\000o\000l\000e\000c\000u\000l\000a\000r\000\040\000M\000o\000d\000e\000l}{section.25}% 89
\BOOKMARK [2][-]{subsection.25.2}{\376\377\000I\000n\000t\000r\000a\000c\000e\000l\000l\000u\000l\000a\000r\000\040\000O\000x\000y\000g\000e\000n\000\040\000M\000o\000v\000e\000m\000e\000n\000t}{section.25}% 90
\BOOKMARK [2][-]{subsection.25.3}{\376\377\000O\000x\000y\000g\000e\000n\000\040\000C\000o\000n\000f\000i\000g\000u\000r\000a\000t\000i\000o\000n\000s\000\040\000a\000s\000\040\000I\000n\000f\000o\000r\000m\000a\000t\000i\000o\000n\000\040\000S\000t\000a\000t\000e\000s}{section.25}% 91
\BOOKMARK [1][-]{section.26}{\376\377\000O\000s\000c\000i\000l\000l\000a\000t\000o\000r\000y\000\040\000H\000o\000l\000e\000s\000\040\000i\000n\000\040\000O\000x\000y\000g\000e\000n\000\040\000C\000o\000n\000f\000i\000g\000u\000r\000a\000t\000i\000o\000n\000s}{}% 92
\BOOKMARK [2][-]{subsection.26.1}{\376\377\000W\000h\000a\000t\000\040\000i\000s\000\040\000a\000n\000\040\000O\000s\000c\000i\000l\000l\000a\000t\000o\000r\000y\000\040\000H\000o\000l\000e\000\040\000i\000n\000\040\000O\000x\000y\000g\000e\000n\000\040\000C\000o\000n\000t\000e\000x\000t\000?}{section.26}% 93
\BOOKMARK [2][-]{subsection.26.2}{\376\377\000H\000o\000l\000e\000s\000\040\000a\000s\000\040\000D\000y\000n\000a\000m\000i\000c\000\040\000E\000n\000t\000i\000t\000i\000e\000s}{section.26}% 94
\BOOKMARK [1][-]{section.27}{\376\377\000T\000h\000e\000\040\000P\000o\000w\000e\000r\000\040\000o\000f\000\040\000t\000h\000e\000\040\000G\000a\000s\000\040\000M\000o\000l\000e\000c\000u\000l\000a\000r\000\040\000M\000o\000d\000e\000l}{}% 95
\BOOKMARK [2][-]{subsection.27.1}{\376\377\000W\000h\000y\000\040\000T\000h\000i\000s\000\040\000M\000o\000d\000e\000l\000\040\000i\000s\000\040\000E\000x\000t\000r\000a\000o\000r\000d\000i\000n\000a\000r\000i\000l\000y\000\040\000P\000o\000w\000e\000r\000f\000u\000l}{section.27}% 96
\BOOKMARK [2][-]{subsection.27.2}{\376\377\000C\000o\000m\000p\000u\000t\000a\000t\000i\000o\000n\000a\000l\000\040\000A\000d\000v\000a\000n\000t\000a\000g\000e\000s}{section.27}% 97
\BOOKMARK [1][-]{section.28}{\376\377\000E\000x\000p\000e\000r\000i\000m\000e\000n\000t\000a\000l\000\040\000V\000a\000l\000i\000d\000a\000t\000i\000o\000n\000\040\000a\000n\000d\000\040\000P\000r\000e\000d\000i\000c\000t\000i\000o\000n\000s}{}% 98
\BOOKMARK [2][-]{subsection.28.1}{\376\377\000T\000e\000s\000t\000a\000b\000l\000e\000\040\000P\000r\000e\000d\000i\000c\000t\000i\000o\000n\000s}{section.28}% 99
\BOOKMARK [2][-]{subsection.28.2}{\376\377\000R\000e\000l\000a\000t\000i\000o\000n\000\040\000t\000o\000\040\000M\000e\000t\000a\000b\000o\000l\000i\000c\000\040\000R\000a\000t\000e\000\040\000a\000n\000d\000\040\000P\000r\000o\000c\000e\000s\000s\000i\000n\000g\000\040\000S\000p\000e\000e\000d}{section.28}% 100
\BOOKMARK [1][-]{section.29}{\376\377\000C\000o\000n\000n\000e\000c\000t\000i\000o\000n\000\040\000t\000o\000\040\000S\000u\000b\000s\000e\000q\000u\000e\000n\000t\000\040\000M\000a\000t\000e\000r\000i\000a\000l}{}% 101
\BOOKMARK [1][-]{section.30}{\376\377\000I\000n\000t\000r\000o\000d\000u\000c\000t\000i\000o\000n\000:\000\040\000T\000h\000e\000\040\000M\000i\000s\000s\000i\000n\000g\000\040\000H\000a\000l\000f\000\040\000o\000f\000\040\000t\000h\000e\000\040\000C\000i\000r\000c\000u\000i\000t}{}% 102
\BOOKMARK [1][-]{section.31}{\376\377\000P\000h\000a\000s\000e\000-\000L\000o\000c\000k\000i\000n\000g\000:\000\040\000G\000e\000n\000e\000r\000a\000l\000\040\000T\000h\000e\000o\000r\000y}{}% 103
\BOOKMARK [2][-]{subsection.31.1}{\376\377\000W\000h\000a\000t\000\040\000i\000s\000\040\000P\000h\000a\000s\000e\000-\000L\000o\000c\000k\000i\000n\000g\000?}{section.31}% 104
\BOOKMARK [2][-]{subsection.31.2}{\376\377\000P\000h\000a\000s\000e\000-\000L\000o\000c\000k\000\040\000N\000e\000t\000w\000o\000r\000k\000s}{section.31}% 105
\BOOKMARK [1][-]{section.32}{\376\377\000P\000h\000a\000s\000e\000-\000L\000o\000c\000k\000\040\000N\000e\000t\000w\000o\000r\000k\000s\000\040\000i\000n\000\040\000B\000i\000o\000l\000o\000g\000i\000c\000a\000l\000\040\000S\000y\000s\000t\000e\000m\000s}{}% 106
\BOOKMARK [2][-]{subsection.32.1}{\376\377\000M\000o\000l\000e\000c\000u\000l\000a\000r\000\040\000P\000h\000a\000s\000e\000-\000L\000o\000c\000k\000i\000n\000g}{section.32}% 107
\BOOKMARK [2][-]{subsection.32.2}{\376\377\000C\000e\000l\000l\000u\000l\000a\000r\000\040\000P\000h\000a\000s\000e\000-\000L\000o\000c\000k\000\040\000N\000e\000t\000w\000o\000r\000k\000s}{section.32}% 108
\BOOKMARK [2][-]{subsection.32.3}{\376\377\000N\000e\000u\000r\000a\000l\000\040\000P\000h\000a\000s\000e\000-\000L\000o\000c\000k\000\040\000N\000e\000t\000w\000o\000r\000k\000s}{section.32}% 109
\BOOKMARK [1][-]{section.33}{\376\377\000E\000l\000e\000c\000t\000r\000o\000n\000s\000\040\000i\000n\000\040\000P\000h\000a\000s\000e\000-\000L\000o\000c\000k\000\040\000N\000e\000t\000w\000o\000r\000k\000s}{}% 110
\BOOKMARK [2][-]{subsection.33.1}{\376\377\000T\000h\000e\000\040\000E\000l\000e\000c\000t\000r\000o\000n\000\040\000a\000s\000\040\000M\000o\000b\000i\000l\000e\000\040\000C\000h\000a\000r\000g\000e\000\040\000C\000a\000r\000r\000i\000e\000r}{section.33}% 111
\BOOKMARK [2][-]{subsection.33.2}{\376\377\000E\000l\000e\000c\000t\000r\000o\000n\000\040\000F\000l\000o\000w\000\040\000a\000s\000\040\000P\000h\000a\000s\000e\000-\000L\000o\000c\000k\000\040\000P\000r\000o\000p\000a\000g\000a\000t\000i\000o\000n}{section.33}% 112
\BOOKMARK [2][-]{subsection.33.3}{\376\377\000N\000e\000u\000r\000a\000l\000\040\000N\000e\000t\000w\000o\000r\000k\000s\000\040\000a\000s\000\040\000E\000l\000e\000c\000t\000r\000o\000n\000\040\000H\000i\000g\000h\000w\000a\000y\000s}{section.33}% 113
\BOOKMARK [1][-]{section.34}{\376\377\000C\000i\000r\000c\000u\000i\000t\000\040\000C\000o\000m\000p\000l\000e\000t\000i\000o\000n\000:\000\040\000E\000l\000e\000c\000t\000r\000o\000n\000\040\000M\000e\000e\000t\000s\000\040\000O\000x\000y\000g\000e\000n\000\040\000H\000o\000l\000e}{}% 114
\BOOKMARK [2][-]{subsection.34.1}{\376\377\000T\000h\000e\000\040\000E\000l\000e\000c\000t\000r\000o\000n\000-\000H\000o\000l\000e\000\040\000P\000a\000i\000r\000i\000n\000g}{section.34}% 115
\BOOKMARK [2][-]{subsection.34.2}{\376\377\000T\000h\000e\000\040\000C\000o\000m\000p\000l\000e\000t\000e\000\040\000C\000i\000r\000c\000u\000i\000t\000\040\000A\000r\000c\000h\000i\000t\000e\000c\000t\000u\000r\000e}{section.34}% 116
\BOOKMARK [2][-]{subsection.34.3}{\376\377\000W\000h\000y\000\040\000T\000r\000a\000n\000s\000i\000e\000n\000t\000\040\000E\000q\000u\000i\000l\000i\000b\000r\000i\000a\000,\000\040\000N\000o\000t\000\040\000P\000e\000r\000m\000a\000n\000e\000n\000t\000\040\000E\000q\000u\000i\000l\000i\000b\000r\000i\000u\000m}{section.34}% 117
\BOOKMARK [1][-]{section.35}{\376\377\000S\000y\000n\000t\000h\000e\000s\000i\000s\000:\000\040\000T\000h\000e\000\040\000T\000w\000o\000\040\000S\000e\000c\000t\000i\000o\000n\000s\000\040\000a\000s\000\040\000O\000n\000e\000\040\000C\000i\000r\000c\000u\000i\000t}{}% 118
\BOOKMARK [1][-]{section.36}{\376\377\000C\000o\000n\000c\000l\000u\000s\000i\000o\000n}{}% 119
\BOOKMARK [1][-]{section.37}{\376\377\000T\000h\000e\000\040\000C\000i\000r\000c\000u\000i\000t\000\040\000C\000o\000m\000p\000l\000e\000t\000i\000o\000n\000\040\000E\000n\000v\000i\000r\000o\000n\000m\000e\000n\000t}{}% 120
\BOOKMARK [2][-]{subsection.37.1}{\376\377\000D\000e\000f\000i\000n\000i\000n\000g\000\040\000t\000h\000e\000\040\000O\000p\000e\000r\000a\000t\000i\000o\000n\000a\000l\000\040\000S\000p\000a\000c\000e}{section.37}% 121
\BOOKMARK [2][-]{subsection.37.2}{\376\377\000T\000h\000e\000\040\000R\000e\000f\000e\000r\000e\000n\000c\000e\000\040\000S\000t\000a\000t\000e}{section.37}% 122
\BOOKMARK [2][-]{subsection.37.3}{\376\377\000B\000i\000o\000c\000h\000e\000m\000i\000c\000a\000l\000\040\000C\000o\000n\000t\000e\000x\000t\000\040\000S\000p\000e\000c\000i\000f\000i\000e\000s\000\040\000R\000e\000f\000e\000r\000e\000n\000c\000e\000\040\000S\000t\000a\000t\000e}{section.37}% 123
\BOOKMARK [1][-]{section.38}{\376\377\000M\000i\000n\000i\000m\000u\000m\000\040\000V\000a\000r\000i\000a\000n\000c\000e\000\040\000P\000r\000i\000n\000c\000i\000p\000l\000e}{}% 124
\BOOKMARK [2][-]{subsection.38.1}{\376\377\000W\000h\000y\000\040\000V\000a\000r\000i\000a\000n\000c\000e\000\040\000M\000i\000n\000i\000m\000i\000z\000a\000t\000i\000o\000n\000?}{section.38}% 125
\BOOKMARK [2][-]{subsection.38.2}{\376\377\000V\000a\000r\000i\000a\000n\000c\000e\000\040\000M\000i\000n\000i\000m\000i\000z\000a\000t\000i\000o\000n\000\040\000i\000n\000\040\000C\000i\000r\000c\000u\000i\000t\000\040\000C\000o\000m\000p\000l\000e\000t\000i\000o\000n}{section.38}% 126
\BOOKMARK [1][-]{section.39}{\376\377\000C\000o\000o\000r\000d\000i\000n\000a\000t\000e\000d\000\040\000C\000o\000m\000p\000l\000e\000t\000i\000o\000n\000\040\000N\000e\000t\000w\000o\000r\000k\000s}{}% 127
\BOOKMARK [2][-]{subsection.39.1}{\376\377\000N\000e\000t\000w\000o\000r\000k\000\040\000A\000r\000c\000h\000i\000t\000e\000c\000t\000u\000r\000e}{section.39}% 128
\BOOKMARK [2][-]{subsection.39.2}{\376\377\000S\000e\000q\000u\000e\000n\000t\000i\000a\000l\000\040\000C\000o\000o\000r\000d\000i\000n\000a\000t\000i\000o\000n}{section.39}% 129
\BOOKMARK [1][-]{section.40}{\376\377\000C\000o\000h\000e\000r\000e\000n\000t\000\040\000B\000M\000D\000\040\000S\000t\000a\000t\000e\000s}{}% 130
\BOOKMARK [2][-]{subsection.40.1}{\376\377\000F\000r\000o\000m\000\040\000C\000i\000r\000c\000u\000i\000t\000\040\000C\000o\000m\000p\000l\000e\000t\000i\000o\000n\000s\000\040\000t\000o\000\040\000B\000M\000D\000\040\000S\000t\000a\000t\000e\000s}{section.40}% 131
\BOOKMARK [2][-]{subsection.40.2}{\376\377\000B\000M\000D\000\040\000S\000p\000a\000c\000e\000\040\000a\000s\000\040\000C\000o\000n\000f\000i\000g\000u\000r\000a\000t\000i\000o\000n\000\040\000S\000p\000a\000c\000e}{section.40}% 132
\BOOKMARK [1][-]{section.41}{\376\377\000E\000l\000e\000c\000t\000r\000o\000n\000\040\000N\000a\000v\000i\000g\000a\000t\000i\000o\000n\000\040\000T\000h\000r\000o\000u\000g\000h\000\040\000B\000M\000D\000\040\000S\000p\000a\000c\000e}{}% 133
\BOOKMARK [2][-]{subsection.41.1}{\376\377\000E\000l\000e\000c\000t\000r\000o\000n\000\040\000M\000o\000v\000e\000m\000e\000n\000t\000\040\000a\000s\000\040\000B\000M\000D\000\040\000S\000a\000m\000p\000l\000i\000n\000g}{section.41}% 134
\BOOKMARK [2][-]{subsection.41.2}{\376\377\000G\000a\000t\000h\000e\000r\000i\000n\000g\000\040\000S\000i\000m\000i\000l\000a\000r\000\040\000B\000M\000D\000s}{section.41}% 135
\BOOKMARK [1][-]{section.42}{\376\377\000S\000c\000a\000l\000e\000-\000F\000r\000e\000e\000\040\000O\000p\000e\000r\000a\000t\000i\000o\000n}{}% 136
\BOOKMARK [2][-]{subsection.42.1}{\376\377\000U\000n\000i\000v\000e\000r\000s\000a\000l\000i\000t\000y\000\040\000A\000c\000r\000o\000s\000s\000\040\000S\000c\000a\000l\000e\000s}{section.42}% 137
\BOOKMARK [1][-]{section.43}{\376\377\000S\000y\000n\000t\000h\000e\000s\000i\000s\000:\000\040\000T\000h\000e\000\040\000B\000i\000g\000g\000e\000r\000\040\000P\000r\000o\000c\000e\000s\000s}{}% 138
\BOOKMARK [1][-]{section.44}{\376\377\000E\000x\000p\000e\000r\000i\000m\000e\000n\000t\000a\000l\000\040\000F\000r\000a\000m\000e\000w\000o\000r\000k}{}% 139
\BOOKMARK [2][-]{subsection.44.1}{\376\377\000T\000h\000e\000\040\000V\000a\000l\000i\000d\000a\000t\000i\000o\000n\000\040\000S\000y\000s\000t\000e\000m}{section.44}% 140
\BOOKMARK [2][-]{subsection.44.2}{\376\377\000G\000e\000o\000m\000e\000t\000r\000i\000c\000\040\000R\000e\000p\000r\000e\000s\000e\000n\000t\000a\000t\000i\000o\000n}{section.44}% 141
\BOOKMARK [1][-]{section.45}{\376\377\000E\000x\000p\000e\000r\000i\000m\000e\000n\000t\000a\000l\000\040\000R\000e\000s\000u\000l\000t\000s}{}% 142
\BOOKMARK [2][-]{subsection.45.1}{\376\377\000O\000b\000s\000e\000r\000v\000a\000t\000i\000o\000n\000\040\0001\000:\000\040\000T\000h\000o\000u\000g\000h\000t\000s\000\040\000H\000a\000v\000e\000\040\0003\000D\000\040\000G\000e\000o\000m\000e\000t\000r\000i\000c\000\040\000S\000t\000r\000u\000c\000t\000u\000r\000e}{section.45}% 143
\BOOKMARK [2][-]{subsection.45.2}{\376\377\000O\000b\000s\000e\000r\000v\000a\000t\000i\000o\000n\000\040\0002\000:\000\040\000G\000e\000o\000m\000e\000t\000r\000i\000c\000\040\000S\000i\000g\000n\000a\000t\000u\000r\000e\000s\000\040\000a\000r\000e\000\040\000C\000h\000a\000r\000a\000c\000t\000e\000r\000i\000s\000t\000i\000c}{section.45}% 144
\BOOKMARK [2][-]{subsection.45.3}{\376\377\000O\000b\000s\000e\000r\000v\000a\000t\000i\000o\000n\000\040\0003\000:\000\040\000S\000i\000m\000i\000l\000a\000r\000\040\000G\000e\000o\000m\000e\000t\000r\000i\000e\000s\000\040\000H\000a\000v\000e\000\040\000H\000i\000g\000h\000\040\000S\000i\000m\000i\000l\000a\000r\000i\000t\000y}{section.45}% 145
\BOOKMARK [2][-]{subsection.45.4}{\376\377\000O\000b\000s\000e\000r\000v\000a\000t\000i\000o\000n\000\040\0004\000:\000\040\000E\000l\000e\000c\000t\000r\000o\000n\000\040\000N\000a\000v\000i\000g\000a\000t\000i\000o\000n\000\040\000M\000a\000i\000n\000t\000a\000i\000n\000s\000\040\000C\000o\000n\000t\000i\000n\000u\000i\000t\000y}{section.45}% 146
\BOOKMARK [2][-]{subsection.45.5}{\376\377\000O\000b\000s\000e\000r\000v\000a\000t\000i\000o\000n\000\040\0005\000:\000\040\000Q\000u\000a\000n\000t\000u\000m\000\040\000S\000t\000a\000t\000e\000\040\000R\000i\000c\000h\000n\000e\000s\000s}{section.45}% 147
\BOOKMARK [2][-]{subsection.45.6}{\376\377\000O\000b\000s\000e\000r\000v\000a\000t\000i\000o\000n\000\040\0006\000:\000\040\000M\000o\000l\000e\000c\000u\000l\000a\000r\000\040\000S\000i\000g\000n\000a\000t\000u\000r\000e\000\040\000C\000o\000r\000r\000e\000l\000a\000t\000i\000o\000n\000s}{section.45}% 148
\BOOKMARK [2][-]{subsection.45.7}{\376\377\000O\000b\000s\000e\000r\000v\000a\000t\000i\000o\000n\000\040\0007\000:\000\040\000H\000a\000r\000d\000w\000a\000r\000e\000\040\000O\000s\000c\000i\000l\000l\000a\000t\000i\000o\000n\000\040\000E\000x\000t\000r\000a\000c\000t\000i\000o\000n}{section.45}% 149
\BOOKMARK [1][-]{section.46}{\376\377\000S\000t\000r\000u\000c\000t\000u\000r\000a\000l\000\040\000C\000h\000a\000r\000a\000c\000t\000e\000r\000i\000z\000a\000t\000i\000o\000n}{}% 150
\BOOKMARK [2][-]{subsection.46.1}{\376\377\000T\000h\000o\000u\000g\000h\000t\000\040\000G\000e\000o\000m\000e\000t\000r\000y\000\040\000S\000t\000a\000t\000i\000s\000t\000i\000c\000s}{section.46}% 151
\BOOKMARK [2][-]{subsection.46.2}{\376\377\000G\000e\000o\000m\000e\000t\000r\000i\000c\000\040\000F\000e\000a\000t\000u\000r\000e\000\040\000S\000p\000a\000c\000e}{section.46}% 152
\BOOKMARK [2][-]{subsection.46.3}{\376\377\000S\000c\000a\000l\000e\000\040\000I\000n\000v\000a\000r\000i\000a\000n\000c\000e}{section.46}% 153
\BOOKMARK [1][-]{section.47}{\376\377\000D\000i\000s\000c\000u\000s\000s\000i\000o\000n\000:\000\040\000B\000M\000D\000\040\000S\000t\000a\000t\000e\000s\000\040\000a\000s\000\040\000T\000h\000o\000u\000g\000h\000t\000s}{}% 154
\BOOKMARK [2][-]{subsection.47.1}{\376\377\000T\000h\000e\000\040\000C\000e\000n\000t\000r\000a\000l\000\040\000F\000i\000n\000d\000i\000n\000g}{section.47}% 155
\BOOKMARK [2][-]{subsection.47.2}{\376\377\000V\000a\000r\000i\000e\000t\000y\000\040\000i\000n\000\040\000C\000i\000r\000c\000u\000i\000t\000\040\000C\000o\000m\000p\000l\000e\000t\000i\000o\000n\000s}{section.47}% 156
\BOOKMARK [2][-]{subsection.47.3}{\376\377\000T\000h\000e\000\040\000M\000e\000a\000s\000u\000r\000e\000m\000e\000n\000t\000\040\000P\000r\000o\000b\000l\000e\000m\000\040\000R\000e\000s\000o\000l\000v\000e\000d}{section.47}% 157
\BOOKMARK [1][-]{section.48}{\376\377\000C\000o\000n\000c\000l\000u\000s\000i\000o\000n}{}% 158
