This is pdfTeX, Version 3.141592653-2.6-1.40.25 (MiKTeX 24.1) (preloaded format=pdflatex 2025.7.27)  19 NOV 2025 04:04
entering extended mode
 restricted \write18 enabled.
 %&-line parsing enabled.
**./molecular-spectroscopy-categorical-propagation.tex
(molecular-spectroscopy-categorical-propagation.tex
LaTeX2e <2023-11-01> patch level 1
L3 programming layer <2024-01-04>
(C:\Users\kundai\AppData\Local\Programs\MiKTeX\tex/latex/base\article.cls
Document Class: article 2023/05/17 v1.4n Standard LaTeX document class
(C:\Users\kundai\AppData\Local\Programs\MiKTeX\tex/latex/base\size11.clo
File: size11.clo 2023/05/17 v1.4n Standard LaTeX file (size option)
)
\c@part=\count187
\c@section=\count188
\c@subsection=\count189
\c@subsubsection=\count190
\c@paragraph=\count191
\c@subparagraph=\count192
\c@figure=\count193
\c@table=\count194
\abovecaptionskip=\skip48
\belowcaptionskip=\skip49
\bibindent=\dimen140
)
(C:\Users\kundai\AppData\Local\Programs\MiKTeX\tex/latex/amsmath\amsmath.sty
Package: amsmath 2023/05/13 v2.17o AMS math features
\@mathmargin=\skip50

For additional information on amsmath, use the `?' option.
(C:\Users\kundai\AppData\Local\Programs\MiKTeX\tex/latex/amsmath\amstext.sty
Package: amstext 2021/08/26 v2.01 AMS text

(C:\Users\kundai\AppData\Local\Programs\MiKTeX\tex/latex/amsmath\amsgen.sty
File: amsgen.sty 1999/11/30 v2.0 generic functions
\@emptytoks=\toks17
\ex@=\dimen141
))
(C:\Users\kundai\AppData\Local\Programs\MiKTeX\tex/latex/amsmath\amsbsy.sty
Package: amsbsy 1999/11/29 v1.2d Bold Symbols
\pmbraise@=\dimen142
)
(C:\Users\kundai\AppData\Local\Programs\MiKTeX\tex/latex/amsmath\amsopn.sty
Package: amsopn 2022/04/08 v2.04 operator names
)
\inf@bad=\count195
LaTeX Info: Redefining \frac on input line 234.
\uproot@=\count196
\leftroot@=\count197
LaTeX Info: Redefining \overline on input line 399.
LaTeX Info: Redefining \colon on input line 410.
\classnum@=\count198
\DOTSCASE@=\count199
LaTeX Info: Redefining \ldots on input line 496.
LaTeX Info: Redefining \dots on input line 499.
LaTeX Info: Redefining \cdots on input line 620.
\Mathstrutbox@=\box51
\strutbox@=\box52
LaTeX Info: Redefining \big on input line 722.
LaTeX Info: Redefining \Big on input line 723.
LaTeX Info: Redefining \bigg on input line 724.
LaTeX Info: Redefining \Bigg on input line 725.
\big@size=\dimen143
LaTeX Font Info:    Redeclaring font encoding OML on input line 743.
LaTeX Font Info:    Redeclaring font encoding OMS on input line 744.
\macc@depth=\count266
LaTeX Info: Redefining \bmod on input line 905.
LaTeX Info: Redefining \pmod on input line 910.
LaTeX Info: Redefining \smash on input line 940.
LaTeX Info: Redefining \relbar on input line 970.
LaTeX Info: Redefining \Relbar on input line 971.
\c@MaxMatrixCols=\count267
\dotsspace@=\muskip16
\c@parentequation=\count268
\dspbrk@lvl=\count269
\tag@help=\toks18
\row@=\count270
\column@=\count271
\maxfields@=\count272
\andhelp@=\toks19
\eqnshift@=\dimen144
\alignsep@=\dimen145
\tagshift@=\dimen146
\tagwidth@=\dimen147
\totwidth@=\dimen148
\lineht@=\dimen149
\@envbody=\toks20
\multlinegap=\skip51
\multlinetaggap=\skip52
\mathdisplay@stack=\toks21
LaTeX Info: Redefining \[ on input line 2953.
LaTeX Info: Redefining \] on input line 2954.
)
(C:\Users\kundai\AppData\Local\Programs\MiKTeX\tex/latex/amsfonts\amssymb.sty
Package: amssymb 2013/01/14 v3.01 AMS font symbols

(C:\Users\kundai\AppData\Local\Programs\MiKTeX\tex/latex/amsfonts\amsfonts.sty
Package: amsfonts 2013/01/14 v3.01 Basic AMSFonts support
\symAMSa=\mathgroup4
\symAMSb=\mathgroup5
LaTeX Font Info:    Redeclaring math symbol \hbar on input line 98.
LaTeX Font Info:    Overwriting math alphabet `\mathfrak' in version `bold'
(Font)                  U/euf/m/n --> U/euf/b/n on input line 106.
)) (C:\Users\kundai\AppData\Local\Programs\MiKTeX\tex/latex/amscls\amsthm.sty
Package: amsthm 2020/05/29 v2.20.6
\thm@style=\toks22
\thm@bodyfont=\toks23
\thm@headfont=\toks24
\thm@notefont=\toks25
\thm@headpunct=\toks26
\thm@preskip=\skip53
\thm@postskip=\skip54
\thm@headsep=\skip55
\dth@everypar=\toks27
)
(C:\Users\kundai\AppData\Local\Programs\MiKTeX\tex/latex/mathtools\mathtools.st
y
Package: mathtools 2024/10/04 v1.31 mathematical typesetting tools
 (C:\Users\kundai\AppData\Local\Programs\MiKTeX\tex/latex/graphics\keyval.sty
Package: keyval 2022/05/29 v1.15 key=value parser (DPC)
\KV@toks@=\toks28
) (C:\Users\kundai\AppData\Local\Programs\MiKTeX\tex/latex/tools\calc.sty
Package: calc 2023/07/08 v4.3 Infix arithmetic (KKT,FJ)
\calc@Acount=\count273
\calc@Bcount=\count274
\calc@Adimen=\dimen150
\calc@Bdimen=\dimen151
\calc@Askip=\skip56
\calc@Bskip=\skip57
LaTeX Info: Redefining \setlength on input line 80.
LaTeX Info: Redefining \addtolength on input line 81.
\calc@Ccount=\count275
\calc@Cskip=\skip58
)
(C:\Users\kundai\AppData\Local\Programs\MiKTeX\tex/latex/mathtools\mhsetup.sty
Package: mhsetup 2021/03/18 v1.4 programming setup (MH)
)
\g_MT_multlinerow_int=\count276
\l_MT_multwidth_dim=\dimen152
\origjot=\skip59
\l_MT_shortvdotswithinadjustabove_dim=\dimen153
\l_MT_shortvdotswithinadjustbelow_dim=\dimen154
\l_MT_above_intertext_sep=\dimen155
\l_MT_below_intertext_sep=\dimen156
\l_MT_above_shortintertext_sep=\dimen157
\l_MT_below_shortintertext_sep=\dimen158
\xmathstrut@box=\box53
\xmathstrut@dim=\dimen159
) (C:\Users\kundai\AppData\Local\Programs\MiKTeX\tex/latex/physics\physics.sty
Package: physics 

(C:\Users\kundai\AppData\Local\Programs\MiKTeX\tex/latex/l3packages/xparse\xpar
se.sty
(C:\Users\kundai\AppData\Local\Programs\MiKTeX\tex/latex/l3kernel\expl3.sty
Package: expl3 2024-01-04 L3 programming layer (loader) 

(C:\Users\kundai\AppData\Local\Programs\MiKTeX\tex/latex/l3backend\l3backend-pd
ftex.def
File: l3backend-pdftex.def 2024-01-04 L3 backend support: PDF output (pdfTeX)
\l__color_backend_stack_int=\count277
\l__pdf_internal_box=\box54
))
Package: xparse 2023-10-10 L3 Experimental document command parser
))
(C:\Users\kundai\AppData\Local\Programs\MiKTeX\tex/latex/tools\bm.sty
Package: bm 2023/07/08 v1.2f Bold Symbol Support (DPC/FMi)
\symboldoperators=\mathgroup6
\symboldletters=\mathgroup7
\symboldsymbols=\mathgroup8
Package bm Info: No bold for \OMX/cmex/m/n, using \pmb.
Package bm Info: No bold for \U/msa/m/n, using \pmb.
Package bm Info: No bold for \U/msb/m/n, using \pmb.
LaTeX Font Info:    Redeclaring math alphabet \mathbf on input line 149.
)
(C:\Users\kundai\AppData\Local\Programs\MiKTeX\tex/latex/graphics\graphicx.sty
Package: graphicx 2021/09/16 v1.2d Enhanced LaTeX Graphics (DPC,SPQR)

(C:\Users\kundai\AppData\Local\Programs\MiKTeX\tex/latex/graphics\graphics.sty
Package: graphics 2022/03/10 v1.4e Standard LaTeX Graphics (DPC,SPQR)

(C:\Users\kundai\AppData\Local\Programs\MiKTeX\tex/latex/graphics\trig.sty
Package: trig 2021/08/11 v1.11 sin cos tan (DPC)
)
(C:\Users\kundai\AppData\Local\Programs\MiKTeX\tex/latex/graphics-cfg\graphics.
cfg
File: graphics.cfg 2016/06/04 v1.11 sample graphics configuration
)
Package graphics Info: Driver file: pdftex.def on input line 107.

(C:\Users\kundai\AppData\Local\Programs\MiKTeX\tex/latex/graphics-def\pdftex.de
f
File: pdftex.def 2022/09/22 v1.2b Graphics/color driver for pdftex
))
\Gin@req@height=\dimen160
\Gin@req@width=\dimen161
) (C:\Users\kundai\AppData\Local\Programs\MiKTeX\tex/latex/float\float.sty
Package: float 2001/11/08 v1.3d Float enhancements (AL)
\c@float@type=\count278
\float@exts=\toks29
\float@box=\box55
\@float@everytoks=\toks30
\@floatcapt=\box56
)
(C:\Users\kundai\AppData\Local\Programs\MiKTeX\tex/latex/caption\caption.sty
Package: caption 2023/08/05 v3.6o Customizing captions (AR)

(C:\Users\kundai\AppData\Local\Programs\MiKTeX\tex/latex/caption\caption3.sty
Package: caption3 2023/07/31 v2.4d caption3 kernel (AR)
\caption@tempdima=\dimen162
\captionmargin=\dimen163
\caption@leftmargin=\dimen164
\caption@rightmargin=\dimen165
\caption@width=\dimen166
\caption@indent=\dimen167
\caption@parindent=\dimen168
\caption@hangindent=\dimen169
Package caption Info: Standard document class detected.
)
\c@caption@flags=\count279
\c@continuedfloat=\count280
Package caption Info: float package is loaded.
)
(C:\Users\kundai\AppData\Local\Programs\MiKTeX\tex/latex/caption\subcaption.sty
Package: subcaption 2023/07/28 v1.6b Sub-captions (AR)
Package caption Info: New subtype `subfigure' on input line 238.
\c@subfigure=\count281
Package caption Info: New subtype `subtable' on input line 238.
\c@subtable=\count282
)
(C:\Users\kundai\AppData\Local\Programs\MiKTeX\tex/latex/booktabs\booktabs.sty
Package: booktabs 2020/01/12 v1.61803398 Publication quality tables
\heavyrulewidth=\dimen170
\lightrulewidth=\dimen171
\cmidrulewidth=\dimen172
\belowrulesep=\dimen173
\belowbottomsep=\dimen174
\aboverulesep=\dimen175
\abovetopsep=\dimen176
\cmidrulesep=\dimen177
\cmidrulekern=\dimen178
\defaultaddspace=\dimen179
\@cmidla=\count283
\@cmidlb=\count284
\@aboverulesep=\dimen180
\@belowrulesep=\dimen181
\@thisruleclass=\count285
\@lastruleclass=\count286
\@thisrulewidth=\dimen182
) (C:\Users\kundai\AppData\Local\Programs\MiKTeX\tex/latex/multirow\multirow.st
y
Package: multirow 2024/11/12 v2.9 Span multiple rows of a table
\multirow@colwidth=\skip60
\multirow@cntb=\count287
\multirow@dima=\skip61
\bigstrutjot=\dimen183
) (C:\Users\kundai\AppData\Local\Programs\MiKTeX\tex/latex/tools\array.sty
Package: array 2023/10/16 v2.5g Tabular extension package (FMi)
\col@sep=\dimen184
\ar@mcellbox=\box57
\extrarowheight=\dimen185
\NC@list=\toks31
\extratabsurround=\skip62
\backup@length=\skip63
\ar@cellbox=\box58
)
(C:\Users\kundai\AppData\Local\Programs\MiKTeX\tex/latex/base\inputenc.sty
Package: inputenc 2021/02/14 v1.3d Input encoding file
\inpenc@prehook=\toks32
\inpenc@posthook=\toks33
)
(C:\Users\kundai\AppData\Local\Programs\MiKTeX\tex/latex/base\fontenc.sty
Package: fontenc 2021/04/29 v2.0v Standard LaTeX package
)
(C:\Users\kundai\AppData\Local\Programs\MiKTeX\tex/latex/microtype\microtype.st
y
Package: microtype 2025/07/09 v3.2b Micro-typographical refinements (RS)

(C:\Users\kundai\AppData\Local\Programs\MiKTeX\tex/latex/etoolbox\etoolbox.sty
Package: etoolbox 2020/10/05 v2.5k e-TeX tools for LaTeX (JAW)
\etb@tempcnta=\count288
)
\MT@toks=\toks34
\MT@tempbox=\box59
\MT@count=\count289
LaTeX Info: Redefining \noprotrusionifhmode on input line 1087.
LaTeX Info: Redefining \leftprotrusion on input line 1088.
\MT@prot@toks=\toks35
LaTeX Info: Redefining \rightprotrusion on input line 1107.
LaTeX Info: Redefining \textls on input line 1449.
\MT@outer@kern=\dimen186
LaTeX Info: Redefining \microtypecontext on input line 2053.
LaTeX Info: Redefining \textmicrotypecontext on input line 2070.
\MT@listname@count=\count290

(C:\Users\kundai\AppData\Local\Programs\MiKTeX\tex/latex/microtype\microtype-pd
ftex.def
File: microtype-pdftex.def 2025/07/09 v3.2b Definitions specific to pdftex (RS)

LaTeX Info: Redefining \lsstyle on input line 944.
LaTeX Info: Redefining \lslig on input line 944.
\MT@outer@space=\skip64
)
Package microtype Info: Loading configuration file microtype.cfg.

(C:\Users\kundai\AppData\Local\Programs\MiKTeX\tex/latex/microtype\microtype.cf
g
File: microtype.cfg 2025/07/09 v3.2b microtype main configuration file (RS)
)
LaTeX Info: Redefining \microtypesetup on input line 3065.
)
(C:\Users\kundai\AppData\Local\Programs\MiKTeX\tex/latex/geometry\geometry.sty
Package: geometry 2020/01/02 v5.9 Page Geometry

(C:\Users\kundai\AppData\Local\Programs\MiKTeX\tex/generic/iftex\ifvtex.sty
Package: ifvtex 2019/10/25 v1.7 ifvtex legacy package. Use iftex instead.

(C:\Users\kundai\AppData\Local\Programs\MiKTeX\tex/generic/iftex\iftex.sty
Package: iftex 2022/02/03 v1.0f TeX engine tests
))
\Gm@cnth=\count291
\Gm@cntv=\count292
\c@Gm@tempcnt=\count293
\Gm@bindingoffset=\dimen187
\Gm@wd@mp=\dimen188
\Gm@odd@mp=\dimen189
\Gm@even@mp=\dimen190
\Gm@layoutwidth=\dimen191
\Gm@layoutheight=\dimen192
\Gm@layouthoffset=\dimen193
\Gm@layoutvoffset=\dimen194
\Gm@dimlist=\toks36

(C:\Users\kundai\AppData\Local\Programs\MiKTeX\tex/latex/geometry\geometry.cfg)
)
(C:\Users\kundai\AppData\Local\Programs\MiKTeX\tex/latex/setspace\setspace.sty
Package: setspace 2022/12/04 v6.7b set line spacing
) (C:\Users\kundai\AppData\Local\Programs\MiKTeX\tex/latex/xcolor\xcolor.sty
Package: xcolor 2023/11/15 v3.01 LaTeX color extensions (UK)

(C:\Users\kundai\AppData\Local\Programs\MiKTeX\tex/latex/graphics-cfg\color.cfg
File: color.cfg 2016/01/02 v1.6 sample color configuration
)
Package xcolor Info: Driver file: pdftex.def on input line 274.

(C:\Users\kundai\AppData\Local\Programs\MiKTeX\tex/latex/graphics\mathcolor.ltx
)
Package xcolor Info: Model `cmy' substituted by `cmy0' on input line 1350.
Package xcolor Info: Model `hsb' substituted by `rgb' on input line 1354.
Package xcolor Info: Model `RGB' extended on input line 1366.
Package xcolor Info: Model `HTML' substituted by `rgb' on input line 1368.
Package xcolor Info: Model `Hsb' substituted by `hsb' on input line 1369.
Package xcolor Info: Model `tHsb' substituted by `hsb' on input line 1370.
Package xcolor Info: Model `HSB' substituted by `hsb' on input line 1371.
Package xcolor Info: Model `Gray' substituted by `gray' on input line 1372.
Package xcolor Info: Model `wave' substituted by `hsb' on input line 1373.
)
(C:\Users\kundai\AppData\Local\Programs\MiKTeX\tex/latex/hyperref\hyperref.sty
Package: hyperref 2023-11-26 v7.01g Hypertext links for LaTeX

(C:\Users\kundai\AppData\Local\Programs\MiKTeX\tex/generic/infwarerr\infwarerr.
sty
Package: infwarerr 2019/12/03 v1.5 Providing info/warning/error messages (HO)
)
(C:\Users\kundai\AppData\Local\Programs\MiKTeX\tex/latex/kvsetkeys\kvsetkeys.st
y
Package: kvsetkeys 2022-10-05 v1.19 Key value parser (HO)
)
(C:\Users\kundai\AppData\Local\Programs\MiKTeX\tex/generic/kvdefinekeys\kvdefin
ekeys.sty
Package: kvdefinekeys 2019-12-19 v1.6 Define keys (HO)
)
(C:\Users\kundai\AppData\Local\Programs\MiKTeX\tex/generic/pdfescape\pdfescape.
sty
Package: pdfescape 2019/12/09 v1.15 Implements pdfTeX's escape features (HO)

(C:\Users\kundai\AppData\Local\Programs\MiKTeX\tex/generic/ltxcmds\ltxcmds.sty
Package: ltxcmds 2023-12-04 v1.26 LaTeX kernel commands for general use (HO)
)
(C:\Users\kundai\AppData\Local\Programs\MiKTeX\tex/generic/pdftexcmds\pdftexcmd
s.sty
Package: pdftexcmds 2020-06-27 v0.33 Utility functions of pdfTeX for LuaTeX (HO
)
Package pdftexcmds Info: \pdf@primitive is available.
Package pdftexcmds Info: \pdf@ifprimitive is available.
Package pdftexcmds Info: \pdfdraftmode found.
))
(C:\Users\kundai\AppData\Local\Programs\MiKTeX\tex/latex/hycolor\hycolor.sty
Package: hycolor 2020-01-27 v1.10 Color options for hyperref/bookmark (HO)
)
(C:\Users\kundai\AppData\Local\Programs\MiKTeX\tex/latex/letltxmacro\letltxmacr
o.sty
Package: letltxmacro 2019/12/03 v1.6 Let assignment for LaTeX macros (HO)
)
(C:\Users\kundai\AppData\Local\Programs\MiKTeX\tex/latex/auxhook\auxhook.sty
Package: auxhook 2019-12-17 v1.6 Hooks for auxiliary files (HO)
)
(C:\Users\kundai\AppData\Local\Programs\MiKTeX\tex/latex/hyperref\nameref.sty
Package: nameref 2023-11-26 v2.56 Cross-referencing by name of section

(C:\Users\kundai\AppData\Local\Programs\MiKTeX\tex/latex/refcount\refcount.sty
Package: refcount 2019/12/15 v3.6 Data extraction from label references (HO)
)
(C:\Users\kundai\AppData\Local\Programs\MiKTeX\tex/generic/gettitlestring\getti
tlestring.sty
Package: gettitlestring 2019/12/15 v1.6 Cleanup title references (HO)

(C:\Users\kundai\AppData\Local\Programs\MiKTeX\tex/latex/kvoptions\kvoptions.st
y
Package: kvoptions 2022-06-15 v3.15 Key value format for package options (HO)
))
\c@section@level=\count294
)
\@linkdim=\dimen195
\Hy@linkcounter=\count295
\Hy@pagecounter=\count296

(C:\Users\kundai\AppData\Local\Programs\MiKTeX\tex/latex/hyperref\pd1enc.def
File: pd1enc.def 2023-11-26 v7.01g Hyperref: PDFDocEncoding definition (HO)
Now handling font encoding PD1 ...
... no UTF-8 mapping file for font encoding PD1
)
(C:\Users\kundai\AppData\Local\Programs\MiKTeX\tex/generic/intcalc\intcalc.sty
Package: intcalc 2019/12/15 v1.3 Expandable calculations with integers (HO)
)
\Hy@SavedSpaceFactor=\count297
(C:\Users\kundai\AppData\Local\Programs\MiKTeX\tex/latex/hyperref\puenc.def
File: puenc.def 2023-11-26 v7.01g Hyperref: PDF Unicode definition (HO)
Now handling font encoding PU ...
... no UTF-8 mapping file for font encoding PU
)
Package hyperref Info: Option `colorlinks' set `true' on input line 4064.
Package hyperref Info: Hyper figures OFF on input line 4181.
Package hyperref Info: Link nesting OFF on input line 4186.
Package hyperref Info: Hyper index ON on input line 4189.
Package hyperref Info: Plain pages OFF on input line 4196.
Package hyperref Info: Backreferencing OFF on input line 4201.
Package hyperref Info: Implicit mode ON; LaTeX internals redefined.
Package hyperref Info: Bookmarks ON on input line 4448.
\c@Hy@tempcnt=\count298

(C:\Users\kundai\AppData\Local\Programs\MiKTeX\tex/latex/url\url.sty
\Urlmuskip=\muskip17
Package: url 2013/09/16  ver 3.4  Verb mode for urls, etc.
)
LaTeX Info: Redefining \url on input line 4786.
\XeTeXLinkMargin=\dimen196

(C:\Users\kundai\AppData\Local\Programs\MiKTeX\tex/generic/bitset\bitset.sty
Package: bitset 2019/12/09 v1.3 Handle bit-vector datatype (HO)

(C:\Users\kundai\AppData\Local\Programs\MiKTeX\tex/generic/bigintcalc\bigintcal
c.sty
Package: bigintcalc 2019/12/15 v1.5 Expandable calculations on big integers (HO
)
))
\Fld@menulength=\count299
\Field@Width=\dimen197
\Fld@charsize=\dimen198
Package hyperref Info: Hyper figures OFF on input line 6065.
Package hyperref Info: Link nesting OFF on input line 6070.
Package hyperref Info: Hyper index ON on input line 6073.
Package hyperref Info: backreferencing OFF on input line 6080.
Package hyperref Info: Link coloring ON on input line 6083.
Package hyperref Info: Link coloring with OCG OFF on input line 6090.
Package hyperref Info: PDF/A mode OFF on input line 6095.

(C:\Users\kundai\AppData\Local\Programs\MiKTeX\tex/latex/base\atbegshi-ltx.sty
Package: atbegshi-ltx 2021/01/10 v1.0c Emulation of the original atbegshi
package with kernel methods
)
\Hy@abspage=\count300
\c@Item=\count301
\c@Hfootnote=\count302
)
Package hyperref Info: Driver (autodetected): hpdftex.
 (C:\Users\kundai\AppData\Local\Programs\MiKTeX\tex/latex/hyperref\hpdftex.def
File: hpdftex.def 2023-11-26 v7.01g Hyperref driver for pdfTeX

(C:\Users\kundai\AppData\Local\Programs\MiKTeX\tex/latex/base\atveryend-ltx.sty
Package: atveryend-ltx 2020/08/19 v1.0a Emulation of the original atveryend pac
kage
with kernel methods
)
\Fld@listcount=\count303
\c@bookmark@seq@number=\count304

(C:\Users\kundai\AppData\Local\Programs\MiKTeX\tex/latex/rerunfilecheck\rerunfi
lecheck.sty
Package: rerunfilecheck 2025-06-21 v1.11 Rerun checks for auxiliary files (HO)

(C:\Users\kundai\AppData\Local\Programs\MiKTeX\tex/generic/uniquecounter\unique
counter.sty
Package: uniquecounter 2019/12/15 v1.4 Provide unlimited unique counter (HO)
)
Package uniquecounter Info: New unique counter `rerunfilecheck' on input line 2
84.
)
\Hy@SectionHShift=\skip65
)
(C:\Users\kundai\AppData\Local\Programs\MiKTeX\tex/latex/natbib\natbib.sty
Package: natbib 2010/09/13 8.31b (PWD, AO)
\bibhang=\skip66
\bibsep=\skip67
LaTeX Info: Redefining \cite on input line 694.
\c@NAT@ctr=\count305
)
(C:\Users\kundai\AppData\Local\Programs\MiKTeX\tex/latex/algorithms\algorithm.s
ty
Package: algorithm 2009/08/24 v0.1 Document Style `algorithm' - floating enviro
nment
 (C:\Users\kundai\AppData\Local\Programs\MiKTeX\tex/latex/base\ifthen.sty
Package: ifthen 2022/04/13 v1.1d Standard LaTeX ifthen package (DPC)
)
\@float@every@algorithm=\toks37
\c@algorithm=\count306
)
(C:\Users\kundai\AppData\Local\Programs\MiKTeX\tex/latex/algorithmicx\algpseudo
code.sty
Package: algpseudocode 

(C:\Users\kundai\AppData\Local\Programs\MiKTeX\tex/latex/algorithmicx\algorithm
icx.sty
Package: algorithmicx 2005/04/27 v1.2 Algorithmicx

Document Style algorithmicx 1.2 - a greatly improved `algorithmic' style
\c@ALG@line=\count307
\c@ALG@rem=\count308
\c@ALG@nested=\count309
\ALG@tlm=\skip68
\ALG@thistlm=\skip69
\c@ALG@Lnr=\count310
\c@ALG@blocknr=\count311
\c@ALG@storecount=\count312
\c@ALG@tmpcounter=\count313
\ALG@tmplength=\skip70
)
Document Style - pseudocode environments for use with the `algorithmicx' style
) (C:\Users\kundai\AppData\Local\Programs\MiKTeX\tex/latex/tools\enumerate.sty
Package: enumerate 2023/07/04 v3.00 enumerate extensions (DPC)
\@enLab=\toks38
)
\c@theorem=\count314
(molecular-spectroscopy-categorical-propagation.aux

LaTeX Warning: Label `ax:categorical_irreversibility' multiply defined.


LaTeX Warning: Label `def:phase_lock_network' multiply defined.


LaTeX Warning: Label `thm:categorical_prediction' multiply defined.


LaTeX Warning: Label `thm:categorical_prediction' multiply defined.

)
\openout1 = `molecular-spectroscopy-categorical-propagation.aux'.

LaTeX Font Info:    Checking defaults for OML/cmm/m/it on input line 93.
LaTeX Font Info:    ... okay on input line 93.
LaTeX Font Info:    Checking defaults for OMS/cmsy/m/n on input line 93.
LaTeX Font Info:    ... okay on input line 93.
LaTeX Font Info:    Checking defaults for OT1/cmr/m/n on input line 93.
LaTeX Font Info:    ... okay on input line 93.
LaTeX Font Info:    Checking defaults for T1/cmr/m/n on input line 93.
LaTeX Font Info:    ... okay on input line 93.
LaTeX Font Info:    Checking defaults for TS1/cmr/m/n on input line 93.
LaTeX Font Info:    ... okay on input line 93.
LaTeX Font Info:    Checking defaults for OMX/cmex/m/n on input line 93.
LaTeX Font Info:    ... okay on input line 93.
LaTeX Font Info:    Checking defaults for U/cmr/m/n on input line 93.
LaTeX Font Info:    ... okay on input line 93.
LaTeX Font Info:    Checking defaults for PD1/pdf/m/n on input line 93.
LaTeX Font Info:    ... okay on input line 93.
LaTeX Font Info:    Checking defaults for PU/pdf/m/n on input line 93.
LaTeX Font Info:    ... okay on input line 93.

(C:\Users\kundai\AppData\Local\Programs\MiKTeX\tex/context/base/mkii\supp-pdf.m
kii
[Loading MPS to PDF converter (version 2006.09.02).]
\scratchcounter=\count315
\scratchdimen=\dimen199
\scratchbox=\box60
\nofMPsegments=\count316
\nofMParguments=\count317
\everyMPshowfont=\toks39
\MPscratchCnt=\count318
\MPscratchDim=\dimen256
\MPnumerator=\count319
\makeMPintoPDFobject=\count320
\everyMPtoPDFconversion=\toks40
)
(C:\Users\kundai\AppData\Local\Programs\MiKTeX\tex/latex/epstopdf-pkg\epstopdf-
base.sty
Package: epstopdf-base 2020-01-24 v2.11 Base part for package epstopdf
Package epstopdf-base Info: Redefining graphics rule for `.eps' on input line 4
85.

(C:\Users\kundai\AppData\Local\Programs\MiKTeX\tex/latex/00miktex\epstopdf-sys.
cfg
File: epstopdf-sys.cfg 2021/03/18 v2.0 Configuration of epstopdf for MiKTeX
))
Package caption Info: Begin \AtBeginDocument code.
Package caption Info: hyperref package is loaded.
Package caption Info: End \AtBeginDocument code.
LaTeX Info: Redefining \microtypecontext on input line 93.
Package microtype Info: Applying patch `item' on input line 93.
Package microtype Info: Applying patch `toc' on input line 93.
Package microtype Info: Applying patch `eqnum' on input line 93.
Package microtype Info: Applying patch `footnote' on input line 93.
Package microtype Info: Applying patch `verbatim' on input line 93.
LaTeX Info: Redefining \microtypesetup on input line 93.
Package microtype Info: Generating PDF output.
Package microtype Info: Character protrusion enabled (level 2).
Package microtype Info: Using default protrusion set `alltext'.
Package microtype Info: No font expansion.
Package microtype Info: No adjustment of tracking.
Package microtype Info: No adjustment of interword spacing.
Package microtype Info: No adjustment of character kerning.

(C:\Users\kundai\AppData\Local\Programs\MiKTeX\tex/latex/microtype\mt-cmr.cfg
File: mt-cmr.cfg 2013/05/19 v2.2 microtype config. file: Computer Modern Roman 
(RS)
)
*geometry* driver: auto-detecting
*geometry* detected driver: pdftex
*geometry* verbose mode - [ preamble ] result:
* driver: pdftex
* paper: a4paper
* layout: <same size as paper>
* layoutoffset:(h,v)=(0.0pt,0.0pt)
* modes: 
* h-part:(L,W,R)=(72.26999pt, 452.9679pt, 72.26999pt)
* v-part:(T,H,B)=(72.26999pt, 700.50687pt, 72.26999pt)
* \paperwidth=597.50787pt
* \paperheight=845.04684pt
* \textwidth=452.9679pt
* \textheight=700.50687pt
* \oddsidemargin=0.0pt
* \evensidemargin=0.0pt
* \topmargin=-37.0pt
* \headheight=12.0pt
* \headsep=25.0pt
* \topskip=11.0pt
* \footskip=30.0pt
* \marginparwidth=50.0pt
* \marginparsep=10.0pt
* \columnsep=10.0pt
* \skip\footins=10.0pt plus 4.0pt minus 2.0pt
* \hoffset=0.0pt
* \voffset=0.0pt
* \mag=1000
* \@twocolumnfalse
* \@twosidefalse
* \@mparswitchfalse
* \@reversemarginfalse
* (1in=72.27pt=25.4mm, 1cm=28.453pt)

Package hyperref Info: Link coloring ON on input line 93.
(molecular-spectroscopy-categorical-propagation.out)
(molecular-spectroscopy-categorical-propagation.out)
\@outlinefile=\write3
\openout3 = `molecular-spectroscopy-categorical-propagation.out'.

LaTeX Font Info:    Trying to load font information for U+msa on input line 96.


(C:\Users\kundai\AppData\Local\Programs\MiKTeX\tex/latex/amsfonts\umsa.fd
File: umsa.fd 2013/01/14 v3.01 AMS symbols A
)
(C:\Users\kundai\AppData\Local\Programs\MiKTeX\tex/latex/microtype\mt-msa.cfg
File: mt-msa.cfg 2006/02/04 v1.1 microtype config. file: AMS symbols (a) (RS)
)
LaTeX Font Info:    Trying to load font information for U+msb on input line 96.


(C:\Users\kundai\AppData\Local\Programs\MiKTeX\tex/latex/amsfonts\umsb.fd
File: umsb.fd 2013/01/14 v3.01 AMS symbols B
)
(C:\Users\kundai\AppData\Local\Programs\MiKTeX\tex/latex/microtype\mt-msb.cfg
File: mt-msb.cfg 2005/06/01 v1.0 microtype config. file: AMS symbols (b) (RS)
)
[1

{C:/Users/kundai/AppData/Local/MiKTeX/fonts/map/pdftex/pdftex.map}] [2]
(molecular-spectroscopy-categorical-propagation.toc [3

]
Overfull \hbox (5.75641pt too wide) in paragraph at lines 57--57
 [] [][][]\T1/cmr/bx/n/10.95 Hardware-Based Vir-tual Spec-trom-e-try: Com-put-e
rs as Os-cil-la-tory In-stru-ments[][] []  
 []

[4] [5] [6])
\tf@toc=\write4
\openout4 = `molecular-spectroscopy-categorical-propagation.toc'.

 [7] (sections/oscillatory-reality.tex

Package natbib Warning: Citation `kuramoto1984chemical' on page 8 undefined on 
input line 5.


Package natbib Warning: Citation `strogatz2018nonlinear' on page 8 undefined on
 input line 5.


Package natbib Warning: Citation `dirac1958quantum' on page 8 undefined on inpu
t line 7.


Package natbib Warning: Citation `poincare1890probleme' on page 8 undefined on 
input line 7.

[8

]

Package natbib Warning: Citation `poincare1890probleme' on page 9 undefined on 
input line 42.

<figures/Figure19_Oscillation_Harvesting.png, id=1035, 960.7092pt x 900.7251pt>

File: figures/Figure19_Oscillation_Harvesting.png Graphic file (type png)
<use figures/Figure19_Oscillation_Harvesting.png>
Package pdftex.def Info: figures/Figure19_Oscillation_Harvesting.png  used on i
nput line 48.
(pdftex.def)             Requested size: 430.31812pt x 403.45337pt.

Package natbib Warning: Citation `dirac1958quantum' on page 9 undefined on inpu
t line 60.

[9] [10 <./figures/Figure19_Oscillation_Harvesting.png>] [11]
<figures/clock_domains_statistical_analysis.png, id=1058, 1085.7363pt x 697.646
4pt>
File: figures/clock_domains_statistical_analysis.png Graphic file (type png)
<use figures/clock_domains_statistical_analysis.png>
Package pdftex.def Info: figures/clock_domains_statistical_analysis.png  used o
n input line 149.
(pdftex.def)             Requested size: 430.31812pt x 276.49876pt.


LaTeX Warning: Command \textdegree invalid in math mode on input line 166.


LaTeX Warning: Command \textdegree invalid in math mode on input line 166.

Missing character: There is no ° in font cmr10!

LaTeX Warning: Command \textdegree invalid in math mode on input line 166.


LaTeX Warning: Command \textdegree invalid in math mode on input line 166.

Missing character: There is no ° in font cmr10!

LaTeX Warning: Command \textdegree invalid in math mode on input line 166.


LaTeX Warning: Command \textdegree invalid in math mode on input line 166.

Missing character: There is no ° in font cmr10!

LaTeX Warning: Command \textdegree invalid in math mode on input line 166.


LaTeX Warning: Command \textdegree invalid in math mode on input line 166.

Missing character: There is no ° in font cmr10!
[12] [13 <./figures/clock_domains_statistical_analysis.png>]

Package natbib Warning: Citation `landauer1961' on page 14 undefined on input l
ine 206.


Overfull \hbox (7.59735pt too wide) in paragraph at lines 227--228
\T1/cmr/m/it/10.95 num-ber of ac-ces-si-ble modes at each hi-er-ar-chi-cal leve
l is bounded by ther-mo-dy-namic and information-
 []

[14]) [15] (sections/categorical-state-propagation.tex
Overfull \hbox (21.84607pt too wide) in paragraph at lines 7--8
[]\T1/cmr/m/n/10.95 The res-o-lu-tion lies in rec-og-niz-ing that \T1/cmr/bx/n/
10.95 os-cil-la-tory pat-terns do not per-sist in-def-i-nitely^^Vthey
 []

[16

] [17] [18] [19] [20]
Overfull \hbox (2.38014pt too wide) in paragraph at lines 184--185
[]\T1/cmr/bx/it/10.95 Navigation short-cuts emerge\T1/cmr/m/it/10.95 : Dense ca
t-e-gor-i-cal graphs de-velop "ex-press routes" through
 []

[21] [22]
<figures/rate_of_categorical_completion_20251109_065136.png, id=1179, 1189.0824
pt x 1024.3068pt>
File: figures/rate_of_categorical_completion_20251109_065136.png Graphic file (
type png)
<use figures/rate_of_categorical_completion_20251109_065136.png>
Package pdftex.def Info: figures/rate_of_categorical_completion_20251109_065136
.png  used on input line 260.
(pdftex.def)             Requested size: 452.9679pt x 390.19403pt.
 [23] [24 <./figures/rate_of_categorical_completion_20251109_065136.png>]

Package natbib Warning: Citation `kuramoto1984chemical' on page 25 undefined on
 input line 318.

<figures/separated_containers_20251109_065323.png, id=1201, 1149.093pt x 693.31
02pt>
File: figures/separated_containers_20251109_065323.png Graphic file (type png)
<use figures/separated_containers_20251109_065323.png>
Package pdftex.def Info: figures/separated_containers_20251109_065323.png  used
 on input line 347.
(pdftex.def)             Requested size: 430.31812pt x 259.631pt.

Package natbib Warning: Citation `kuramoto1984chemical' on page 25 undefined on
 input line 367.


Package natbib Warning: Citation `strogatz2000' on page 25 undefined on input l
ine 367.

[25] [26 <./figures/separated_containers_20251109_065323.png>] [27] [28]
[29] [30]

LaTeX Warning: Reference `thm:recursive_self_similarity' on page 31 undefined o
n input line 590.

[31] [32]
<figures/mixing_process_20251109_070752.png, id=1308, 1149.093pt x 701.7417pt>
File: figures/mixing_process_20251109_070752.png Graphic file (type png)
<use figures/mixing_process_20251109_070752.png>
Package pdftex.def Info: figures/mixing_process_20251109_070752.png  used on in
put line 695.
(pdftex.def)             Requested size: 430.31812pt x 262.78842pt.
 [33] [34 <./figures/mixing_process_20251109_070752.png>]) [35]
(sections/st-stellas-coordinates.tex
Overfull \hbox (23.3037pt too wide) in paragraph at lines 1--1
[]\T1/cmr/bx/n/14.4 The St-Stellas En-tropy Frame-work: Com-press-ing In-fin-it
y Through
 []

[36

]
<figures/st_stellas_validation.png, id=1347, 961.6728pt x 800.0289pt>
File: figures/st_stellas_validation.png Graphic file (type png)
<use figures/st_stellas_validation.png>
Package pdftex.def Info: figures/st_stellas_validation.png  used on input line 
50.
(pdftex.def)             Requested size: 430.31812pt x 357.98325pt.
 [37] [38 <./figures/st_stellas_validation.png>]
<figures/parameter_sweep_results.png, id=1369, 1149.093pt x 711.8595pt>
File: figures/parameter_sweep_results.png Graphic file (type png)
<use figures/parameter_sweep_results.png>
Package pdftex.def Info: figures/parameter_sweep_results.png  used on input lin
e 146.
(pdftex.def)             Requested size: 430.31812pt x 266.57735pt.
 [39] [40 <./figures/parameter_sweep_results.png>] [41] [42]
Overfull \hbox (14.51051pt too wide) in paragraph at lines 274--275
[][]\T1/cmr/bx/n/10.95 Theorem 3.11 \T1/cmr/m/n/10.95 (Re-cur-sive S-Struc-ture
)\T1/cmr/bx/n/10.95 . []\T1/cmr/m/it/10.95 Each S-coordinate de-com-poses into 
its own tri-dimensional
 []

<figures/recursive_bmd_analysis.png, id=1414, 1004.553pt x 852.786pt>
File: figures/recursive_bmd_analysis.png Graphic file (type png)
<use figures/recursive_bmd_analysis.png>
Package pdftex.def Info: figures/recursive_bmd_analysis.png  used on input line
 292.
(pdftex.def)             Requested size: 430.31812pt x 365.31151pt.
) [43] [44 <./figures/recursive_bmd_analysis.png>]
(sections/hardware-cheminformatics.tex
Overfull \hbox (55.99522pt too wide) in paragraph at lines 5--6
\T1/cmr/m/n/10.95 Traditional molec-u-lar spec-troscopy op-er-ates un-der the a
s-sump-tion that phys-i-cal in-stru-ments^^Vspectrometers,
 []

<figures/hardware_oscillation_signatures.png, id=1431, 842.4273pt x 444.7014pt>

File: figures/hardware_oscillation_signatures.png Graphic file (type png)
<use figures/hardware_oscillation_signatures.png>
Package pdftex.def Info: figures/hardware_oscillation_signatures.png  used on i
nput line 45.
(pdftex.def)             Requested size: 443.9066pt x 234.3335pt.
[45

] [46 <./figures/hardware_oscillation_signatures.png>]
Overfull \hbox (16.74681pt too wide) in paragraph at lines 119--120
[][]\T1/cmr/bx/n/10.95 Theorem 4.5 \T1/cmr/m/n/10.95 (Hard-ware Clock Syn-chro-
niza-tion Per-for-mance)\T1/cmr/bx/n/10.95 . []\T1/cmr/m/it/10.95 Hard-ware clo
ck in-te-gra-tion achieves: 
 []

[47]
Overfull \hbox (1.58731pt too wide) in paragraph at lines 147--148
\T1/cmr/m/n/10.95 Standard com-puter dis-plays pro-vide molec-u-lar ex-ci-ta-ti
on ca-pa-bil-i-ties through wavelength-specific
 []

[48]
Overfull \hbox (4.5829pt too wide) in paragraph at lines 189--190
[]\T1/cmr/m/n/10.95 Multi-wavelength co-or-di-na-tion cre-ates con-struc-tive i
n-ter-fer-ence ef-fects that sta-bilise molec-
 []

[49]
<figures/cv_chemical_analysis.png, id=1489, 867.24pt x 722.7pt>
File: figures/cv_chemical_analysis.png Graphic file (type png)
<use figures/cv_chemical_analysis.png>
Package pdftex.def Info: figures/cv_chemical_analysis.png  used on input line 2
74.
(pdftex.def)             Requested size: 362.37569pt x 301.97705pt.
 [50] [51 <./figures/cv_chemical_analysis.png>]
Package hyperref Info: bookmark level for unknown algorithm defaults to 0 on in
put line 340.
 [52] [53]

LaTeX Warning: Reference `thm:s_convergence' on page 54 undefined on input line
 417.

[54]
Overfull \hbox (34.9618pt too wide) in paragraph at lines 478--488
 [][] 
 []

<figures/spectral_analysis.png, id=1534, 867.24pt x 578.16pt>
File: figures/spectral_analysis.png Graphic file (type png)
<use figures/spectral_analysis.png>
Package pdftex.def Info: figures/spectral_analysis.png  used on input line 514.

(pdftex.def)             Requested size: 452.9679pt x 301.97705pt.
[55] [56 <./figures/spectral_analysis.png>]
Overfull \hbox (4.84192pt too wide) in paragraph at lines 538--539
[]\T1/cmr/bx/n/10.95 Hardware-molecular syn-chro-niza-tion\T1/cmr/m/n/10.95 : D
i-rect CPU clock in-te-gra-tion achieves 3.2$\OMS/cmsy/m/n/10.95 ^^F$\T1/cmr/m/
n/10.95 0.4$\OMS/cmsy/m/n/10.95 ^^B$
 []

) [57] (sections/triangular-amplification.tex
<figures/Figure2_Cascade_Progression.png, id=1566, 831.5868pt x 800.2698pt>
File: figures/Figure2_Cascade_Progression.png Graphic file (type png)
<use figures/Figure2_Cascade_Progression.png>
Package pdftex.def Info: figures/Figure2_Cascade_Progression.png  used on input
 line 28.
(pdftex.def)             Requested size: 443.9066pt x 427.19376pt.

Overfull \hbox (0.49289pt too wide) in paragraph at lines 63--64
[][]\T1/cmr/bx/n/10.95 Definition 5.4 \T1/cmr/m/n/10.95 (Re-cur-sive Cat-e-gor-
i-cal State)\T1/cmr/bx/n/10.95 . []\T1/cmr/m/n/10.95 For cat-e-gor-i-cal states
 $\OML/cmm/m/it/10.95 C[]; C[]; C[]$ \T1/cmr/m/n/10.95 with S-entropy
 []

[58

] [59 <./figures/Figure2_Cascade_Progression.png>]
! Undefined control sequence.
l.139 ...h}_{\text{direct}}: C_1 \xrightsquigarrow
                                                  {\text{ref}} C_3^{\text{re...
The control sequence at the end of the top line
of your error message was never \def'ed. If you have
misspelled it (e.g., `\hobx'), type `I' and the correct
spelling (e.g., `I\hbox'). Otherwise just continue,
and I'll forget about whatever was undefined.

[60]
<figures/triangular_amplification_20251116_051857.png, id=1603, 933.9693pt x 77
9.7933pt>
File: figures/triangular_amplification_20251116_051857.png Graphic file (type p
ng)
<use figures/triangular_amplification_20251116_051857.png>
Package pdftex.def Info: figures/triangular_amplification_20251116_051857.png  
used on input line 169.
(pdftex.def)             Requested size: 430.31812pt x 359.29231pt.
) [61] [62 <./figures/triangular_amplification_20251116_051857.png>]
(sections/photon-light-field.tex [63

]
<figures/complementarity_analysis_lower_half.png, id=1634, 1510.443pt x 904.579
5pt>
File: figures/complementarity_analysis_lower_half.png Graphic file (type png)
<use figures/complementarity_analysis_lower_half.png>
Package pdftex.def Info: figures/complementarity_analysis_lower_half.png  used 
on input line 113.
(pdftex.def)             Requested size: 452.9679pt x 271.26552pt.

! Dimension too large.
\caption@slc ...ke {#1}{#2}}\ifdim \wd \@tempboxa 
                                                  >\caption@width \endgroup ...
l.122         }
               
I can't work with sizes bigger than about 19 feet.
Continue and I'll use the largest value I can.


LaTeX Warning: Float too large for page by 124.75888pt on input line 124.

[64] [65 <./figures/complementarity_analysis_lower_half.png>] [66] [67]
<figures/bmd_equivalence_20251105_124315.png, id=1679, 1148.6112pt x 711.8595pt
>
File: figures/bmd_equivalence_20251105_124315.png Graphic file (type png)
<use figures/bmd_equivalence_20251105_124315.png>
Package pdftex.def Info: figures/bmd_equivalence_20251105_124315.png  used on i
nput line 247.
(pdftex.def)             Requested size: 430.31812pt x 266.68596pt.
)
[68] [69 <./figures/bmd_equivalence_20251105_124315.png>]
(sections/dynamic-categorical-systems.tex [70

]
<figures/unpertubed_comparison_20251109_065121.png, id=1707, 1075.6185pt x 894.
7026pt>
File: figures/unpertubed_comparison_20251109_065121.png Graphic file (type png)

<use figures/unpertubed_comparison_20251109_065121.png>
Package pdftex.def Info: figures/unpertubed_comparison_20251109_065121.png  use
d on input line 104.
(pdftex.def)             Requested size: 430.31812pt x 357.94296pt.

! Dimension too large.
\caption@slc ...ke {#1}{#2}}\ifdim \wd \@tempboxa 
                                                  >\caption@width \endgroup ...
l.105 ...s 10^{-21}$~J/K, CATEGORICALLY DISTINCT.}
                                                  
I can't work with sizes bigger than about 19 feet.
Continue and I'll use the largest value I can.


LaTeX Warning: Float too large for page by 184.23631pt on input line 107.

[71] [72 <./figures/unpertubed_comparison_20251109_065121.png>] [73] [74]
[75]
Overfull \hbox (28.1016pt too wide) in paragraph at lines 314--315
[][]\T1/cmr/bx/n/10.95 Theorem 7.18 \T1/cmr/m/n/10.95 (Cat-e-gor-i-cal Geodesic
s)\T1/cmr/bx/n/10.95 . []\T1/cmr/m/it/10.95 Phys-i-cal pro-cesses fol-low geode
sics in cat-e-gor-i-cal space^^Vpaths
 []


Overfull \hbox (2.10504pt too wide) in paragraph at lines 326--327
[]\T1/cmr/m/n/10.95 The "work" to tra-verse cat-e-gor-i-cal space is quan-ti-fi
ed by S-distance. Min-i-miz-ing $[] \OML/cmm/m/it/10.95 S\OT1/cmr/m/n/10.95 (\O
ML/cmm/m/it/10.95 C[]; C[]\OT1/cmr/m/n/10.95 )\OML/cmm/m/it/10.95 dt$
 []

[76] [77] [78] [79]
<figures/reseperation_20251109_065105.png, id=1825, 1291.224pt x 842.1864pt>
File: figures/reseperation_20251109_065105.png Graphic file (type png)
<use figures/reseperation_20251109_065105.png>
Package pdftex.def Info: figures/reseperation_20251109_065105.png  used on inpu
t line 544.
(pdftex.def)             Requested size: 430.31812pt x 280.65958pt.


LaTeX Warning: Float too large for page by 11.75288pt on input line 547.


Overfull \hbox (0.63219pt too wide) in paragraph at lines 556--557
[]\T1/cmr/bx/n/10.95 Categorical ve-loc-ity\T1/cmr/m/n/10.95 : The fun-da-men-t
al dy-nam-i-cal quan-tity is the com-ple-tion rate $[]\OT1/cmr/m/n/10.95 (\OML/
cmm/m/it/10.95 t\OT1/cmr/m/n/10.95 ) \OMS/cmsy/m/n/10.95 ^^U
 []


Overfull \hbox (68.00014pt too wide) in paragraph at lines 572--573
[]\T1/cmr/bx/n/10.95 Multi-scale hi-er-ar-chies\T1/cmr/m/n/10.95 : Nested cat-e
-gor-i-cal struc-tures at quan-tum/molecular/mesoscopic/macroscopic
 []

[80] [81 <./figures/reseperation_20251109_065105.png>]) [82]
(sections/categorical-prediction-nodes.tex
<figures/Figure16_Dual_Function_Atoms.png, id=1854, 962.3955pt x 679.5789pt>
File: figures/Figure16_Dual_Function_Atoms.png Graphic file (type png)
<use figures/Figure16_Dual_Function_Atoms.png>
Package pdftex.def Info: figures/Figure16_Dual_Function_Atoms.png  used on inpu
t line 40.
(pdftex.def)             Requested size: 430.31812pt x 303.8582pt.
 [83

] [84 <./figures/Figure16_Dual_Function_Atoms.png>]
<figures/Figure10_Virtual_Spectrometer.png, id=1871, 979.9812pt x 744.1401pt>
File: figures/Figure10_Virtual_Spectrometer.png Graphic file (type png)
<use figures/Figure10_Virtual_Spectrometer.png>
Package pdftex.def Info: figures/Figure10_Virtual_Spectrometer.png  used on inp
ut line 112.
(pdftex.def)             Requested size: 430.31812pt x 326.75273pt.

! Missing $ inserted.
<inserted text> 
                $
l.113 ...tus (real cheminformatics, operational).}
                                                  
I've inserted a begin-math/end-math symbol since I think
you left one out. Proceed, with fingers crossed.

! Missing $ inserted.
<inserted text> 
                $
l.113 ...tus (real cheminformatics, operational).}
                                                  
I've inserted a begin-math/end-math symbol since I think
you left one out. Proceed, with fingers crossed.

! Missing $ inserted.
<inserted text> 
                $
l.113 ...tus (real cheminformatics, operational).}
                                                  
I've inserted a begin-math/end-math symbol since I think
you left one out. Proceed, with fingers crossed.

! Missing $ inserted.
<inserted text> 
                $
l.113 ...tus (real cheminformatics, operational).}
                                                  
I've inserted a begin-math/end-math symbol since I think
you left one out. Proceed, with fingers crossed.


Overfull \hbox (902.30275pt too wide) in paragraph at lines 113--113
\OT1/cmr/m/n/10.95 40\OML/cmm/m/it/10.95 occurrences; representing\OT1/cmr/m/n/
10.95 2\OML/cmm/m/it/10.95 :\OT1/cmr/m/n/10.95 2%\OML/cmm/m/it/10.95 formuladiv
ersityacrosssingleuniqueformula:Summarypaneldocumentssystemperformance\OT1/cmr/
m/n/10.95 (944\OML/cmm/m/it/10.95 :\OT1/cmr/m/n/10.95 9\OML/cmm/m/it/10.95 msex
ecution; \OT1/cmr/m/n/10.95 48\OML/cmm/m/it/10.95 mol=sanalysisrate\OT1/cmr/m/n
/10.95 )\OML/cmm/m/it/10.95 ; molecularpropertyranges; chemicaldiversitymetrics
; andvalidationstatus\OT1/cmr/m/n/10.95 (\OML/cmm/m/it/10.95 realcheminformatic
s; operational\OT1/cmr/m/n/10.95 )\OML/cmm/m/it/10.95 :$ 
 []

[85] [86 <./figures/Figure10_Virtual_Spectrometer.png>] [87]
<figures/categorical_spacetime_mapping_20251116_051656.png, id=1904, 933.2466pt
 x 705.3552pt>
File: figures/categorical_spacetime_mapping_20251116_051656.png Graphic file (t
ype png)
<use figures/categorical_spacetime_mapping_20251116_051656.png>
Package pdftex.def Info: figures/categorical_spacetime_mapping_20251116_051656.
png  used on input line 233.
(pdftex.def)             Requested size: 430.31812pt x 325.24225pt.
 [88] [89 <./figures/categorical_spacetime_mapping_20251116_051656.png>] [90] [
91]
<figures/phase_lock_network_completion_20251116_061212.png, id=1958, 933.9693pt
 x 779.7933pt>
File: figures/phase_lock_network_completion_20251116_061212.png Graphic file (t
ype png)
<use figures/phase_lock_network_completion_20251116_061212.png>
Package pdftex.def Info: figures/phase_lock_network_completion_20251116_061212.
png  used on input line 452.
(pdftex.def)             Requested size: 430.31812pt x 359.29231pt.
 [92] [93 <./figures/phase_lock_network_completion_20251116_061212.png>] [94] [
95] [96])
[97] (sections/experimental-validation.tex
Overfull \hbox (2.6884pt too wide) in paragraph at lines 10--11
[]\T1/cmr/bx/n/10.95 Triangular Am-pli-fi-ca-tion\T1/cmr/m/n/10.95 : Test-ing r
e-cur-sive cat-e-gor-i-cal ref-er-ences for pre-dic-tion speedup 
 []

<figures/Figure5_Hardware_Platform.png, id=2030, 736.4313pt x 546.843pt>
File: figures/Figure5_Hardware_Platform.png Graphic file (type png)
<use figures/Figure5_Hardware_Platform.png>
Package pdftex.def Info: figures/Figure5_Hardware_Platform.png  used on input l
ine 44.
(pdftex.def)             Requested size: 430.31812pt x 319.5389pt.
[98

] [99 <./figures/Figure5_Hardware_Platform.png>] [100] [101]
<figures/Figure18_Quantum_Classical_Processing.png, id=2072, 838.8138pt x 702.2
235pt>
File: figures/Figure18_Quantum_Classical_Processing.png Graphic file (type png)

<use figures/Figure18_Quantum_Classical_Processing.png>
Package pdftex.def Info: figures/Figure18_Quantum_Classical_Processing.png  use
d on input line 198.
(pdftex.def)             Requested size: 443.9066pt x 371.63022pt.


LaTeX Warning: Float too large for page by 129.92354pt on input line 242.

[102] [103 <./figures/Figure18_Quantum_Classical_Processing.png>]
<figures/zero_delay_positioning_20251116_051922.png, id=2091, 1068.1506pt x 782
.4432pt>
File: figures/zero_delay_positioning_20251116_051922.png Graphic file (type png
)
<use figures/zero_delay_positioning_20251116_051922.png>
Package pdftex.def Info: figures/zero_delay_positioning_20251116_051922.png  us
ed on input line 292.
(pdftex.def)             Requested size: 430.31812pt x 315.2163pt.
 [104]
[105 <./figures/zero_delay_positioning_20251116_051922.png>]
<figures/comprehensive_validation.png, id=2113, 1438.173pt x 1075.8594pt>
File: figures/comprehensive_validation.png Graphic file (type png)
<use figures/comprehensive_validation.png>
Package pdftex.def Info: figures/comprehensive_validation.png  used on input li
ne 360.
(pdftex.def)             Requested size: 452.9679pt x 338.84825pt.


LaTeX Warning: Float too large for page by 97.14157pt on input line 379.

[106] [107 <./figures/comprehensive_validation.png>]) [108]
(sections/results.tex

LaTeX Warning: Reference `fig:spacetime_mapping' on page 109 undefined on input
 line 44.

[109

] [110] [111]
<figures/Figure3_Pattern_Transfer.png, id=2151, 853.0269pt x 798.8244pt>
File: figures/Figure3_Pattern_Transfer.png Graphic file (type png)
<use figures/Figure3_Pattern_Transfer.png>
Package pdftex.def Info: figures/Figure3_Pattern_Transfer.png  used on input li
ne 157.
(pdftex.def)             Requested size: 443.9066pt x 415.70801pt.


LaTeX Warning: Float too large for page by 10.80125pt on input line 188.

[112] [113 <./figures/Figure3_Pattern_Transfer.png>]
Overfull \hbox (6.95721pt too wide) in paragraph at lines 305--317
 [][] 
 []

[114]
<figures/Figure1_Velocity_Enhancement.png, id=2172, 718.8456pt x 562.5015pt>
File: figures/Figure1_Velocity_Enhancement.png Graphic file (type png)
<use figures/Figure1_Velocity_Enhancement.png>
Package pdftex.def Info: figures/Figure1_Velocity_Enhancement.png  used on inpu
t line 321.
(pdftex.def)             Requested size: 430.31812pt x 336.72244pt.
 [115] [116 <./figures/Figure1_Velocity_Enhancement.png>]
<figures/Figure17_Information_Compression.png, id=2185, 838.8138pt x 692.8284pt
>
File: figures/Figure17_Information_Compression.png Graphic file (type png)
<use figures/Figure17_Information_Compression.png>
Package pdftex.def Info: figures/Figure17_Information_Compression.png  used on 
input line 388.
(pdftex.def)             Requested size: 443.9066pt x 366.65814pt.
 [117] [118 <./figures/Figure17_Information_Compression.png>]
<figures/Figure6_Positioning_Mechanism.png, id=2199, 952.5186pt x 774.0117pt>
File: figures/Figure6_Positioning_Mechanism.png Graphic file (type png)
<use figures/Figure6_Positioning_Mechanism.png>
Package pdftex.def Info: figures/Figure6_Positioning_Mechanism.png  used on inp
ut line 461.
(pdftex.def)             Requested size: 430.31812pt x 349.67206pt.
 [119] [120 <./figures/Figure6_Positioning_Mechanism.png>]
<figures/clock_domains_comparative_analysis.png, id=2211, 901.4478pt x 825.5643
pt>
File: figures/clock_domains_comparative_analysis.png Graphic file (type png)
<use figures/clock_domains_comparative_analysis.png>
Package pdftex.def Info: figures/clock_domains_comparative_analysis.png  used o
n input line 540.
(pdftex.def)             Requested size: 430.31812pt x 394.08707pt.
 [121] [122 <./figures/clock_domains_comparative_analysis.png>]
Overfull \hbox (13.7598pt too wide) in paragraph at lines 598--599
[]\T1/cmr/bx/n/10.95 Categorical-Spacetime Map-ping\T1/cmr/m/n/10.95 : Uni-ver-
sal cou-pling con-stant $\OML/cmm/m/it/10.95 [] \OT1/cmr/m/n/10.95 = 9\OML/cmm
/m/it/10.95 :\OT1/cmr/m/n/10.95 71 \OMS/cmsy/m/n/10.95 ^^F \OT1/cmr/m/n/10.95 0
\OML/cmm/m/it/10.95 :\OT1/cmr/m/n/10.95 18$ \T1/cmr/m/n/10.95 m/cat.unit
 []

) [123] (sections/discussion.tex
Overfull \hbox (1.70926pt too wide) in paragraph at lines 29--30
[]\T1/cmr/m/n/10.95 This du-al-ity par-al-lels other fun-da-men-tal physics du-
al-i-ties (wave-particle, position-momentum,
 []

[124

] [125]

! LaTeX Error: Unicode character âˆž (U+221E)
               not set up for use with LaTeX.

See the LaTeX manual or LaTeX Companion for explanation.
Type  H <return>  for immediate help.
 ...                                              
                                                  
l.121 This compression ratio (âˆž
                                 :3) represents theoretical maximum for opti...

You may provide a definition with
\DeclareUnicodeCharacter 

[126] [127]

! LaTeX Error: Unicode character â‰¥ (U+2265)
               not set up for use with LaTeX.

See the LaTeX manual or LaTeX Companion for explanation.
Type  H <return>  for immediate help.
 ...                                              
                                                  
l.199 ... clearly observed at large distances (â‰¥
                                                  1 km) where light travel t...

You may provide a definition with
\DeclareUnicodeCharacter 


! LaTeX Error: Unicode character â‰¥ (U+2265)
               not set up for use with LaTeX.

See the LaTeX manual or LaTeX Companion for explanation.
Type  H <return>  for immediate help.
 ...                                              
                                                  
l.199 ...es (â‰¥1 km) where light travel time (â‰¥
                                                  3 $\mu$s) exceeds timing u...

You may provide a definition with
\DeclareUnicodeCharacter 


! LaTeX Error: Unicode character â‰¤ (U+2264)
               not set up for use with LaTeX.

See the LaTeX manual or LaTeX Companion for explanation.
Type  H <return>  for immediate help.
 ...                                              
                                                  
l.220 ...tion uses relatively small molecules (â‰¤
                                                  14 heavy atoms). Scaling t...

You may provide a definition with
\DeclareUnicodeCharacter 

[128] [129]
Overfull \hbox (0.14381pt too wide) in paragraph at lines 285--286
[]\T1/cmr/m/n/10.95 The jour-ney from cat-e-gor-i-cal res-o-lu-tion of Gibbs' p
ara-dox through bi-o-log-i-cal Maxwell demons
 []

) [130] (molecular-spectroscopy-categorical-propagation.bbl
LaTeX Font Info:    Trying to load font information for T1+cmtt on input line 3
1.

(C:\Users\kundai\AppData\Local\Programs\MiKTeX\tex/latex/base\t1cmtt.fd
File: t1cmtt.fd 2023/04/13 v2.5m Standard LaTeX font definitions
)
Package microtype Info: Loading generic protrusion settings for font family
(microtype)             `cmtt' (encoding: T1).
(microtype)             For optimal results, create family-specific settings.
(microtype)             See the microtype manual for details.
)

Package natbib Warning: There were undefined citations.

[131

] (molecular-spectroscopy-categorical-propagation.aux)
 ***********
LaTeX2e <2023-11-01> patch level 1
L3 programming layer <2024-01-04>
 ***********


LaTeX Warning: There were undefined references.


LaTeX Warning: There were multiply-defined labels.

Package rerunfilecheck Info: File `molecular-spectroscopy-categorical-propagati
on.out' has not changed.
(rerunfilecheck)             Checksum: 4E18E620101587F3EE35FF6630B6FE21;47440.
 ) 
Here is how much of TeX's memory you used:
 18734 strings out of 474486
 308395 string characters out of 5743283
 1944542 words of memory out of 5000000
 39764 multiletter control sequences out of 15000+600000
 589994 words of font info for 121 fonts, out of 8000000 for 9000
 1141 hyphenation exceptions out of 8191
 79i,14n,93p,4141b,691s stack positions out of 10000i,1000n,20000p,200000b,200000s
 <C:\Users\kundai\AppData\Local\MiKTeX\fonts/pk/ljfour/jknappen/ec/dpi600\ect
t1095.pk> <C:\Users\kundai\AppData\Local\MiKTeX\fonts/pk/ljfour/jknappen/ec/dpi
600\ecrm0600.pk> <C:\Users\kundai\AppData\Local\MiKTeX\fonts/pk/ljfour/jknappen
/ec/dpi600\eccc1095.pk> <C:\Users\kundai\AppData\Local\MiKTeX\fonts/pk/ljfour/j
knappen/ec/dpi600\ecti0600.pk> <C:\Users\kundai\AppData\Local\MiKTeX\fonts/pk/l
jfour/jknappen/ec/dpi600\ecti0800.pk> <C:\Users\kundai\AppData\Local\MiKTeX\fon
ts/pk/ljfour/jknappen/ec/dpi600\ecbi1095.pk> <C:\Users\kundai\AppData\Local\MiK
TeX\fonts/pk/ljfour/jknappen/ec/dpi600\ecrm0800.pk> <C:\Users\kundai\AppData\Lo
cal\MiKTeX\fonts/pk/ljfour/jknappen/ec/dpi600\tcrm1095.pk> <C:\Users\kundai\App
Data\Local\MiKTeX\fonts/pk/ljfour/jknappen/ec/dpi600\ecti1095.pk> <C:\Users\kun
dai\AppData\Local\MiKTeX\fonts/pk/ljfour/jknappen/ec/dpi600\ecbx1200.pk> <C:\Us
ers\kundai\AppData\Local\MiKTeX\fonts/pk/ljfour/jknappen/ec/dpi600\ecbx1095.pk>
 <C:\Users\kundai\AppData\Local\MiKTeX\fonts/pk/ljfour/jknappen/ec/dpi600\ecbx1
440.pk> <C:\Users\kundai\AppData\Local\MiKTeX\fonts/pk/ljfour/jknappen/ec/dpi60
0\ecrm1095.pk> <C:\Users\kundai\AppData\Local\MiKTeX\fonts/pk/ljfour/jknappen/e
c/dpi600\ecrm0900.pk> <C:\Users\kundai\AppData\Local\MiKTeX\fonts/pk/ljfour/jkn
appen/ec/dpi600\tcrm0600.pk> <C:\Users\kundai\AppData\Local\MiKTeX\fonts/pk/ljf
our/jknappen/ec/dpi600\tcrm1000.pk> <C:\Users\kundai\AppData\Local\MiKTeX\fonts
/pk/ljfour/jknappen/ec/dpi600\ecrm1000.pk> <C:\Users\kundai\AppData\Local\MiKTe
X\fonts/pk/ljfour/jknappen/ec/dpi600\ecbx1000.pk> <C:\Users\kundai\AppData\Loca
l\MiKTeX\fonts/pk/ljfour/jknappen/ec/dpi600\tcrm0800.pk> <C:\Users\kundai\AppDa
ta\Local\MiKTeX\fonts/pk/ljfour/jknappen/ec/dpi600\ecrm1200.pk> <C:\Users\kunda
i\AppData\Local\MiKTeX\fonts/pk/ljfour/jknappen/ec/dpi600\ecbx1728.pk><C:/Users
/kundai/AppData/Local/Programs/MiKTeX/fonts/type1/public/amsfonts/cm/cmbx10.pfb
><C:/Users/kundai/AppData/Local/Programs/MiKTeX/fonts/type1/public/amsfonts/cm/
cmbx8.pfb><C:/Users/kundai/AppData/Local/Programs/MiKTeX/fonts/type1/public/ams
fonts/cm/cmex10.pfb><C:/Users/kundai/AppData/Local/Programs/MiKTeX/fonts/type1/
public/amsfonts/cm/cmmi10.pfb><C:/Users/kundai/AppData/Local/Programs/MiKTeX/fo
nts/type1/public/amsfonts/cm/cmmi6.pfb><C:/Users/kundai/AppData/Local/Programs/
MiKTeX/fonts/type1/public/amsfonts/cm/cmmi7.pfb><C:/Users/kundai/AppData/Local/
Programs/MiKTeX/fonts/type1/public/amsfonts/cm/cmmi8.pfb><C:/Users/kundai/AppDa
ta/Local/Programs/MiKTeX/fonts/type1/public/amsfonts/cm/cmmib10.pfb><C:/Users/k
undai/AppData/Local/Programs/MiKTeX/fonts/type1/public/amsfonts/cm/cmr10.pfb><C
:/Users/kundai/AppData/Local/Programs/MiKTeX/fonts/type1/public/amsfonts/cm/cmr
6.pfb><C:/Users/kundai/AppData/Local/Programs/MiKTeX/fonts/type1/public/amsfont
s/cm/cmr7.pfb><C:/Users/kundai/AppData/Local/Programs/MiKTeX/fonts/type1/public
/amsfonts/cm/cmr8.pfb><C:/Users/kundai/AppData/Local/Programs/MiKTeX/fonts/type
1/public/amsfonts/cm/cmsy10.pfb><C:/Users/kundai/AppData/Local/Programs/MiKTeX/
fonts/type1/public/amsfonts/cm/cmsy6.pfb><C:/Users/kundai/AppData/Local/Program
s/MiKTeX/fonts/type1/public/amsfonts/cm/cmsy8.pfb><C:/Users/kundai/AppData/Loca
l/Programs/MiKTeX/fonts/type1/public/amsfonts/symbols/msam10.pfb><C:/Users/kund
ai/AppData/Local/Programs/MiKTeX/fonts/type1/public/amsfonts/symbols/msbm10.pfb
><C:/Users/kundai/AppData/Local/Programs/MiKTeX/fonts/type1/public/amsfonts/sym
bols/msbm7.pfb>
Output written on molecular-spectroscopy-categorical-propagation.pdf (131 pages
, 22271431 bytes).
PDF statistics:
 3319 PDF objects out of 3580 (max. 8388607)
 948 named destinations out of 1000 (max. 500000)
 21663 words of extra memory for PDF output out of 24883 (max. 10000000)

