This is pdfTeX, Version 3.141592653-2.6-1.40.25 (MiKTeX 24.1) (preloaded format=pdflatex 2025.7.27)  22 NOV 2025 06:49
entering extended mode
 restricted \write18 enabled.
 %&-line parsing enabled.
**./hybrid-symbolic-thermodynamic-computing.tex
(hybrid-symbolic-thermodynamic-computing.tex
LaTeX2e <2023-11-01> patch level 1
L3 programming layer <2024-01-04>
(C:\Users\kundai\AppData\Local\Programs\MiKTeX\tex/latex/base\article.cls
Document Class: article 2023/05/17 v1.4n Standard LaTeX document class
(C:\Users\kundai\AppData\Local\Programs\MiKTeX\tex/latex/base\size12.clo
File: size12.clo 2023/05/17 v1.4n Standard LaTeX file (size option)
)
\c@part=\count187
\c@section=\count188
\c@subsection=\count189
\c@subsubsection=\count190
\c@paragraph=\count191
\c@subparagraph=\count192
\c@figure=\count193
\c@table=\count194
\abovecaptionskip=\skip48
\belowcaptionskip=\skip49
\bibindent=\dimen140
)
(C:\Users\kundai\AppData\Local\Programs\MiKTeX\tex/latex/base\inputenc.sty
Package: inputenc 2021/02/14 v1.3d Input encoding file
\inpenc@prehook=\toks17
\inpenc@posthook=\toks18
)
(C:\Users\kundai\AppData\Local\Programs\MiKTeX\tex/latex/base\fontenc.sty
Package: fontenc 2021/04/29 v2.0v Standard LaTeX package
)
(C:\Users\kundai\AppData\Local\Programs\MiKTeX\tex/latex/amsmath\amsmath.sty
Package: amsmath 2023/05/13 v2.17o AMS math features
\@mathmargin=\skip50

For additional information on amsmath, use the `?' option.
(C:\Users\kundai\AppData\Local\Programs\MiKTeX\tex/latex/amsmath\amstext.sty
Package: amstext 2021/08/26 v2.01 AMS text

(C:\Users\kundai\AppData\Local\Programs\MiKTeX\tex/latex/amsmath\amsgen.sty
File: amsgen.sty 1999/11/30 v2.0 generic functions
\@emptytoks=\toks19
\ex@=\dimen141
))
(C:\Users\kundai\AppData\Local\Programs\MiKTeX\tex/latex/amsmath\amsbsy.sty
Package: amsbsy 1999/11/29 v1.2d Bold Symbols
\pmbraise@=\dimen142
)
(C:\Users\kundai\AppData\Local\Programs\MiKTeX\tex/latex/amsmath\amsopn.sty
Package: amsopn 2022/04/08 v2.04 operator names
)
\inf@bad=\count195
LaTeX Info: Redefining \frac on input line 234.
\uproot@=\count196
\leftroot@=\count197
LaTeX Info: Redefining \overline on input line 399.
LaTeX Info: Redefining \colon on input line 410.
\classnum@=\count198
\DOTSCASE@=\count199
LaTeX Info: Redefining \ldots on input line 496.
LaTeX Info: Redefining \dots on input line 499.
LaTeX Info: Redefining \cdots on input line 620.
\Mathstrutbox@=\box51
\strutbox@=\box52
LaTeX Info: Redefining \big on input line 722.
LaTeX Info: Redefining \Big on input line 723.
LaTeX Info: Redefining \bigg on input line 724.
LaTeX Info: Redefining \Bigg on input line 725.
\big@size=\dimen143
LaTeX Font Info:    Redeclaring font encoding OML on input line 743.
LaTeX Font Info:    Redeclaring font encoding OMS on input line 744.
\macc@depth=\count266
LaTeX Info: Redefining \bmod on input line 905.
LaTeX Info: Redefining \pmod on input line 910.
LaTeX Info: Redefining \smash on input line 940.
LaTeX Info: Redefining \relbar on input line 970.
LaTeX Info: Redefining \Relbar on input line 971.
\c@MaxMatrixCols=\count267
\dotsspace@=\muskip16
\c@parentequation=\count268
\dspbrk@lvl=\count269
\tag@help=\toks20
\row@=\count270
\column@=\count271
\maxfields@=\count272
\andhelp@=\toks21
\eqnshift@=\dimen144
\alignsep@=\dimen145
\tagshift@=\dimen146
\tagwidth@=\dimen147
\totwidth@=\dimen148
\lineht@=\dimen149
\@envbody=\toks22
\multlinegap=\skip51
\multlinetaggap=\skip52
\mathdisplay@stack=\toks23
LaTeX Info: Redefining \[ on input line 2953.
LaTeX Info: Redefining \] on input line 2954.
)
(C:\Users\kundai\AppData\Local\Programs\MiKTeX\tex/latex/amsfonts\amssymb.sty
Package: amssymb 2013/01/14 v3.01 AMS font symbols

(C:\Users\kundai\AppData\Local\Programs\MiKTeX\tex/latex/amsfonts\amsfonts.sty
Package: amsfonts 2013/01/14 v3.01 Basic AMSFonts support
\symAMSa=\mathgroup4
\symAMSb=\mathgroup5
LaTeX Font Info:    Redeclaring math symbol \hbar on input line 98.
LaTeX Font Info:    Overwriting math alphabet `\mathfrak' in version `bold'
(Font)                  U/euf/m/n --> U/euf/b/n on input line 106.
)) (C:\Users\kundai\AppData\Local\Programs\MiKTeX\tex/latex/amscls\amsthm.sty
Package: amsthm 2020/05/29 v2.20.6
\thm@style=\toks24
\thm@bodyfont=\toks25
\thm@headfont=\toks26
\thm@notefont=\toks27
\thm@headpunct=\toks28
\thm@preskip=\skip53
\thm@postskip=\skip54
\thm@headsep=\skip55
\dth@everypar=\toks29
)
(C:\Users\kundai\AppData\Local\Programs\MiKTeX\tex/latex/mathtools\mathtools.st
y
Package: mathtools 2024/10/04 v1.31 mathematical typesetting tools
 (C:\Users\kundai\AppData\Local\Programs\MiKTeX\tex/latex/graphics\keyval.sty
Package: keyval 2022/05/29 v1.15 key=value parser (DPC)
\KV@toks@=\toks30
) (C:\Users\kundai\AppData\Local\Programs\MiKTeX\tex/latex/tools\calc.sty
Package: calc 2023/07/08 v4.3 Infix arithmetic (KKT,FJ)
\calc@Acount=\count273
\calc@Bcount=\count274
\calc@Adimen=\dimen150
\calc@Bdimen=\dimen151
\calc@Askip=\skip56
\calc@Bskip=\skip57
LaTeX Info: Redefining \setlength on input line 80.
LaTeX Info: Redefining \addtolength on input line 81.
\calc@Ccount=\count275
\calc@Cskip=\skip58
)
(C:\Users\kundai\AppData\Local\Programs\MiKTeX\tex/latex/mathtools\mhsetup.sty
Package: mhsetup 2021/03/18 v1.4 programming setup (MH)
)
\g_MT_multlinerow_int=\count276
\l_MT_multwidth_dim=\dimen152
\origjot=\skip59
\l_MT_shortvdotswithinadjustabove_dim=\dimen153
\l_MT_shortvdotswithinadjustbelow_dim=\dimen154
\l_MT_above_intertext_sep=\dimen155
\l_MT_below_intertext_sep=\dimen156
\l_MT_above_shortintertext_sep=\dimen157
\l_MT_below_shortintertext_sep=\dimen158
\xmathstrut@box=\box53
\xmathstrut@dim=\dimen159
) (C:\Users\kundai\AppData\Local\Programs\MiKTeX\tex/latex/physics\physics.sty
Package: physics 

(C:\Users\kundai\AppData\Local\Programs\MiKTeX\tex/latex/l3packages/xparse\xpar
se.sty
(C:\Users\kundai\AppData\Local\Programs\MiKTeX\tex/latex/l3kernel\expl3.sty
Package: expl3 2024-01-04 L3 programming layer (loader) 

(C:\Users\kundai\AppData\Local\Programs\MiKTeX\tex/latex/l3backend\l3backend-pd
ftex.def
File: l3backend-pdftex.def 2024-01-04 L3 backend support: PDF output (pdfTeX)
\l__color_backend_stack_int=\count277
\l__pdf_internal_box=\box54
))
Package: xparse 2023-10-10 L3 Experimental document command parser
))
(C:\Users\kundai\AppData\Local\Programs\MiKTeX\tex/latex/graphics\graphicx.sty
Package: graphicx 2021/09/16 v1.2d Enhanced LaTeX Graphics (DPC,SPQR)

(C:\Users\kundai\AppData\Local\Programs\MiKTeX\tex/latex/graphics\graphics.sty
Package: graphics 2022/03/10 v1.4e Standard LaTeX Graphics (DPC,SPQR)

(C:\Users\kundai\AppData\Local\Programs\MiKTeX\tex/latex/graphics\trig.sty
Package: trig 2021/08/11 v1.11 sin cos tan (DPC)
)
(C:\Users\kundai\AppData\Local\Programs\MiKTeX\tex/latex/graphics-cfg\graphics.
cfg
File: graphics.cfg 2016/06/04 v1.11 sample graphics configuration
)
Package graphics Info: Driver file: pdftex.def on input line 107.

(C:\Users\kundai\AppData\Local\Programs\MiKTeX\tex/latex/graphics-def\pdftex.de
f
File: pdftex.def 2022/09/22 v1.2b Graphics/color driver for pdftex
))
\Gin@req@height=\dimen160
\Gin@req@width=\dimen161
)
(C:\Users\kundai\AppData\Local\Programs\MiKTeX\tex/latex/hyperref\hyperref.sty
Package: hyperref 2023-11-26 v7.01g Hypertext links for LaTeX

(C:\Users\kundai\AppData\Local\Programs\MiKTeX\tex/generic/iftex\iftex.sty
Package: iftex 2022/02/03 v1.0f TeX engine tests
)
(C:\Users\kundai\AppData\Local\Programs\MiKTeX\tex/generic/infwarerr\infwarerr.
sty
Package: infwarerr 2019/12/03 v1.5 Providing info/warning/error messages (HO)
)
(C:\Users\kundai\AppData\Local\Programs\MiKTeX\tex/latex/kvsetkeys\kvsetkeys.st
y
Package: kvsetkeys 2022-10-05 v1.19 Key value parser (HO)
)
(C:\Users\kundai\AppData\Local\Programs\MiKTeX\tex/generic/kvdefinekeys\kvdefin
ekeys.sty
Package: kvdefinekeys 2019-12-19 v1.6 Define keys (HO)
)
(C:\Users\kundai\AppData\Local\Programs\MiKTeX\tex/generic/pdfescape\pdfescape.
sty
Package: pdfescape 2019/12/09 v1.15 Implements pdfTeX's escape features (HO)

(C:\Users\kundai\AppData\Local\Programs\MiKTeX\tex/generic/ltxcmds\ltxcmds.sty
Package: ltxcmds 2023-12-04 v1.26 LaTeX kernel commands for general use (HO)
)
(C:\Users\kundai\AppData\Local\Programs\MiKTeX\tex/generic/pdftexcmds\pdftexcmd
s.sty
Package: pdftexcmds 2020-06-27 v0.33 Utility functions of pdfTeX for LuaTeX (HO
)
Package pdftexcmds Info: \pdf@primitive is available.
Package pdftexcmds Info: \pdf@ifprimitive is available.
Package pdftexcmds Info: \pdfdraftmode found.
))
(C:\Users\kundai\AppData\Local\Programs\MiKTeX\tex/latex/hycolor\hycolor.sty
Package: hycolor 2020-01-27 v1.10 Color options for hyperref/bookmark (HO)
)
(C:\Users\kundai\AppData\Local\Programs\MiKTeX\tex/latex/letltxmacro\letltxmacr
o.sty
Package: letltxmacro 2019/12/03 v1.6 Let assignment for LaTeX macros (HO)
)
(C:\Users\kundai\AppData\Local\Programs\MiKTeX\tex/latex/auxhook\auxhook.sty
Package: auxhook 2019-12-17 v1.6 Hooks for auxiliary files (HO)
)
(C:\Users\kundai\AppData\Local\Programs\MiKTeX\tex/latex/hyperref\nameref.sty
Package: nameref 2023-11-26 v2.56 Cross-referencing by name of section

(C:\Users\kundai\AppData\Local\Programs\MiKTeX\tex/latex/refcount\refcount.sty
Package: refcount 2019/12/15 v3.6 Data extraction from label references (HO)
)
(C:\Users\kundai\AppData\Local\Programs\MiKTeX\tex/generic/gettitlestring\getti
tlestring.sty
Package: gettitlestring 2019/12/15 v1.6 Cleanup title references (HO)

(C:\Users\kundai\AppData\Local\Programs\MiKTeX\tex/latex/kvoptions\kvoptions.st
y
Package: kvoptions 2022-06-15 v3.15 Key value format for package options (HO)
))
\c@section@level=\count278
)
(C:\Users\kundai\AppData\Local\Programs\MiKTeX\tex/latex/etoolbox\etoolbox.sty
Package: etoolbox 2020/10/05 v2.5k e-TeX tools for LaTeX (JAW)
\etb@tempcnta=\count279
)
\@linkdim=\dimen162
\Hy@linkcounter=\count280
\Hy@pagecounter=\count281
(C:\Users\kundai\AppData\Local\Programs\MiKTeX\tex/latex/hyperref\pd1enc.def
File: pd1enc.def 2023-11-26 v7.01g Hyperref: PDFDocEncoding definition (HO)
Now handling font encoding PD1 ...
... no UTF-8 mapping file for font encoding PD1
)
(C:\Users\kundai\AppData\Local\Programs\MiKTeX\tex/generic/intcalc\intcalc.sty
Package: intcalc 2019/12/15 v1.3 Expandable calculations with integers (HO)
)
\Hy@SavedSpaceFactor=\count282
(C:\Users\kundai\AppData\Local\Programs\MiKTeX\tex/latex/hyperref\puenc.def
File: puenc.def 2023-11-26 v7.01g Hyperref: PDF Unicode definition (HO)
Now handling font encoding PU ...
... no UTF-8 mapping file for font encoding PU
)
Package hyperref Info: Hyper figures OFF on input line 4181.
Package hyperref Info: Link nesting OFF on input line 4186.
Package hyperref Info: Hyper index ON on input line 4189.
Package hyperref Info: Plain pages OFF on input line 4196.
Package hyperref Info: Backreferencing OFF on input line 4201.
Package hyperref Info: Implicit mode ON; LaTeX internals redefined.
Package hyperref Info: Bookmarks ON on input line 4448.
\c@Hy@tempcnt=\count283

(C:\Users\kundai\AppData\Local\Programs\MiKTeX\tex/latex/url\url.sty
\Urlmuskip=\muskip17
Package: url 2013/09/16  ver 3.4  Verb mode for urls, etc.
)
LaTeX Info: Redefining \url on input line 4786.
\XeTeXLinkMargin=\dimen163

(C:\Users\kundai\AppData\Local\Programs\MiKTeX\tex/generic/bitset\bitset.sty
Package: bitset 2019/12/09 v1.3 Handle bit-vector datatype (HO)

(C:\Users\kundai\AppData\Local\Programs\MiKTeX\tex/generic/bigintcalc\bigintcal
c.sty
Package: bigintcalc 2019/12/15 v1.5 Expandable calculations on big integers (HO
)
))
\Fld@menulength=\count284
\Field@Width=\dimen164
\Fld@charsize=\dimen165
Package hyperref Info: Hyper figures OFF on input line 6065.
Package hyperref Info: Link nesting OFF on input line 6070.
Package hyperref Info: Hyper index ON on input line 6073.
Package hyperref Info: backreferencing OFF on input line 6080.
Package hyperref Info: Link coloring OFF on input line 6085.
Package hyperref Info: Link coloring with OCG OFF on input line 6090.
Package hyperref Info: PDF/A mode OFF on input line 6095.

(C:\Users\kundai\AppData\Local\Programs\MiKTeX\tex/latex/base\atbegshi-ltx.sty
Package: atbegshi-ltx 2021/01/10 v1.0c Emulation of the original atbegshi
package with kernel methods
)
\Hy@abspage=\count285
\c@Item=\count286
\c@Hfootnote=\count287
)
Package hyperref Info: Driver (autodetected): hpdftex.
 (C:\Users\kundai\AppData\Local\Programs\MiKTeX\tex/latex/hyperref\hpdftex.def
File: hpdftex.def 2023-11-26 v7.01g Hyperref driver for pdfTeX

(C:\Users\kundai\AppData\Local\Programs\MiKTeX\tex/latex/base\atveryend-ltx.sty
Package: atveryend-ltx 2020/08/19 v1.0a Emulation of the original atveryend pac
kage
with kernel methods
)
\Fld@listcount=\count288
\c@bookmark@seq@number=\count289

(C:\Users\kundai\AppData\Local\Programs\MiKTeX\tex/latex/rerunfilecheck\rerunfi
lecheck.sty
Package: rerunfilecheck 2025-06-21 v1.11 Rerun checks for auxiliary files (HO)

(C:\Users\kundai\AppData\Local\Programs\MiKTeX\tex/generic/uniquecounter\unique
counter.sty
Package: uniquecounter 2019/12/15 v1.4 Provide unlimited unique counter (HO)
)
Package uniquecounter Info: New unique counter `rerunfilecheck' on input line 2
84.
)
\Hy@SectionHShift=\skip60
)
(C:\Users\kundai\AppData\Local\Programs\MiKTeX\tex/latex/cleveref\cleveref.sty
Package: cleveref 2018/03/27 v0.21.4 Intelligent cross-referencing
Package cleveref Info: `hyperref' support loaded on input line 2370.
LaTeX Info: Redefining \cref on input line 2370.
LaTeX Info: Redefining \Cref on input line 2370.
LaTeX Info: Redefining \crefrange on input line 2370.
LaTeX Info: Redefining \Crefrange on input line 2370.
LaTeX Info: Redefining \cpageref on input line 2370.
LaTeX Info: Redefining \Cpageref on input line 2370.
LaTeX Info: Redefining \cpagerefrange on input line 2370.
LaTeX Info: Redefining \Cpagerefrange on input line 2370.
LaTeX Info: Redefining \labelcref on input line 2370.
LaTeX Info: Redefining \labelcpageref on input line 2370.
Package cleveref Info: `amsthm' support loaded on input line 3026.
) (C:\Users\kundai\AppData\Local\Programs\MiKTeX\tex/latex/booktabs\booktabs.st
y
Package: booktabs 2020/01/12 v1.61803398 Publication quality tables
\heavyrulewidth=\dimen166
\lightrulewidth=\dimen167
\cmidrulewidth=\dimen168
\belowrulesep=\dimen169
\belowbottomsep=\dimen170
\aboverulesep=\dimen171
\abovetopsep=\dimen172
\cmidrulesep=\dimen173
\cmidrulekern=\dimen174
\defaultaddspace=\dimen175
\@cmidla=\count290
\@cmidlb=\count291
\@aboverulesep=\dimen176
\@belowrulesep=\dimen177
\@thisruleclass=\count292
\@lastruleclass=\count293
\@thisrulewidth=\dimen178
)
(C:\Users\kundai\AppData\Local\Programs\MiKTeX\tex/latex/multirow\multirow.sty
Package: multirow 2024/11/12 v2.9 Span multiple rows of a table
\multirow@colwidth=\skip61
\multirow@cntb=\count294
\multirow@dima=\skip62
\bigstrutjot=\dimen179
) (C:\Users\kundai\AppData\Local\Programs\MiKTeX\tex/latex/geometry\geometry.st
y
Package: geometry 2020/01/02 v5.9 Page Geometry
(C:\Users\kundai\AppData\Local\Programs\MiKTeX\tex/generic/iftex\ifvtex.sty
Package: ifvtex 2019/10/25 v1.7 ifvtex legacy package. Use iftex instead.
)
\Gm@cnth=\count295
\Gm@cntv=\count296
\c@Gm@tempcnt=\count297
\Gm@bindingoffset=\dimen180
\Gm@wd@mp=\dimen181
\Gm@odd@mp=\dimen182
\Gm@even@mp=\dimen183
\Gm@layoutwidth=\dimen184
\Gm@layoutheight=\dimen185
\Gm@layouthoffset=\dimen186
\Gm@layoutvoffset=\dimen187
\Gm@dimlist=\toks31

(C:\Users\kundai\AppData\Local\Programs\MiKTeX\tex/latex/geometry\geometry.cfg)
) (C:\Users\kundai\AppData\Local\Programs\MiKTeX\tex/latex/natbib\natbib.sty
Package: natbib 2010/09/13 8.31b (PWD, AO)
\bibhang=\skip63
\bibsep=\skip64
LaTeX Info: Redefining \cite on input line 694.
\c@NAT@ctr=\count298
)
(C:\Users\kundai\AppData\Local\Programs\MiKTeX\tex/latex/float\float.sty
Package: float 2001/11/08 v1.3d Float enhancements (AL)
\c@float@type=\count299
\float@exts=\toks32
\float@box=\box55
\@float@everytoks=\toks33
\@floatcapt=\box56
)
(C:\Users\kundai\AppData\Local\Programs\MiKTeX\tex/latex/pgf/frontendlayer\tikz
.sty
(C:\Users\kundai\AppData\Local\Programs\MiKTeX\tex/latex/pgf/basiclayer\pgf.sty

(C:\Users\kundai\AppData\Local\Programs\MiKTeX\tex/latex/pgf/utilities\pgfrcs.s
ty
(C:\Users\kundai\AppData\Local\Programs\MiKTeX\tex/generic/pgf/utilities\pgfuti
l-common.tex
\pgfutil@everybye=\toks34
\pgfutil@tempdima=\dimen188
\pgfutil@tempdimb=\dimen189
)
(C:\Users\kundai\AppData\Local\Programs\MiKTeX\tex/generic/pgf/utilities\pgfuti
l-latex.def
\pgfutil@abb=\box57
)
(C:\Users\kundai\AppData\Local\Programs\MiKTeX\tex/generic/pgf/utilities\pgfrcs
.code.tex
(C:\Users\kundai\AppData\Local\Programs\MiKTeX\tex/generic/pgf\pgf.revision.tex
)
Package: pgfrcs 2023-01-15 v3.1.10 (3.1.10)
))
Package: pgf 2023-01-15 v3.1.10 (3.1.10)

(C:\Users\kundai\AppData\Local\Programs\MiKTeX\tex/latex/pgf/basiclayer\pgfcore
.sty
(C:\Users\kundai\AppData\Local\Programs\MiKTeX\tex/latex/pgf/systemlayer\pgfsys
.sty
(C:\Users\kundai\AppData\Local\Programs\MiKTeX\tex/generic/pgf/systemlayer\pgfs
ys.code.tex
Package: pgfsys 2023-01-15 v3.1.10 (3.1.10)

(C:\Users\kundai\AppData\Local\Programs\MiKTeX\tex/generic/pgf/utilities\pgfkey
s.code.tex
\pgfkeys@pathtoks=\toks35
\pgfkeys@temptoks=\toks36

(C:\Users\kundai\AppData\Local\Programs\MiKTeX\tex/generic/pgf/utilities\pgfkey
slibraryfiltered.code.tex
\pgfkeys@tmptoks=\toks37
))
\pgf@x=\dimen190
\pgf@y=\dimen191
\pgf@xa=\dimen192
\pgf@ya=\dimen193
\pgf@xb=\dimen194
\pgf@yb=\dimen195
\pgf@xc=\dimen196
\pgf@yc=\dimen197
\pgf@xd=\dimen198
\pgf@yd=\dimen199
\w@pgf@writea=\write3
\r@pgf@reada=\read2
\c@pgf@counta=\count300
\c@pgf@countb=\count301
\c@pgf@countc=\count302
\c@pgf@countd=\count303
\t@pgf@toka=\toks38
\t@pgf@tokb=\toks39
\t@pgf@tokc=\toks40
\pgf@sys@id@count=\count304

(C:\Users\kundai\AppData\Local\Programs\MiKTeX\tex/generic/pgf/systemlayer\pgf.
cfg
File: pgf.cfg 2023-01-15 v3.1.10 (3.1.10)
)
Driver file for pgf: pgfsys-pdftex.def

(C:\Users\kundai\AppData\Local\Programs\MiKTeX\tex/generic/pgf/systemlayer\pgfs
ys-pdftex.def
File: pgfsys-pdftex.def 2023-01-15 v3.1.10 (3.1.10)

(C:\Users\kundai\AppData\Local\Programs\MiKTeX\tex/generic/pgf/systemlayer\pgfs
ys-common-pdf.def
File: pgfsys-common-pdf.def 2023-01-15 v3.1.10 (3.1.10)
)))
(C:\Users\kundai\AppData\Local\Programs\MiKTeX\tex/generic/pgf/systemlayer\pgfs
yssoftpath.code.tex
File: pgfsyssoftpath.code.tex 2023-01-15 v3.1.10 (3.1.10)
\pgfsyssoftpath@smallbuffer@items=\count305
\pgfsyssoftpath@bigbuffer@items=\count306
)
(C:\Users\kundai\AppData\Local\Programs\MiKTeX\tex/generic/pgf/systemlayer\pgfs
ysprotocol.code.tex
File: pgfsysprotocol.code.tex 2023-01-15 v3.1.10 (3.1.10)
))
(C:\Users\kundai\AppData\Local\Programs\MiKTeX\tex/latex/xcolor\xcolor.sty
Package: xcolor 2023/11/15 v3.01 LaTeX color extensions (UK)

(C:\Users\kundai\AppData\Local\Programs\MiKTeX\tex/latex/graphics-cfg\color.cfg
File: color.cfg 2016/01/02 v1.6 sample color configuration
)
Package xcolor Info: Driver file: pdftex.def on input line 274.

(C:\Users\kundai\AppData\Local\Programs\MiKTeX\tex/latex/graphics\mathcolor.ltx
)
Package xcolor Info: Model `cmy' substituted by `cmy0' on input line 1350.
Package xcolor Info: Model `hsb' substituted by `rgb' on input line 1354.
Package xcolor Info: Model `RGB' extended on input line 1366.
Package xcolor Info: Model `HTML' substituted by `rgb' on input line 1368.
Package xcolor Info: Model `Hsb' substituted by `hsb' on input line 1369.
Package xcolor Info: Model `tHsb' substituted by `hsb' on input line 1370.
Package xcolor Info: Model `HSB' substituted by `hsb' on input line 1371.
Package xcolor Info: Model `Gray' substituted by `gray' on input line 1372.
Package xcolor Info: Model `wave' substituted by `hsb' on input line 1373.
)
(C:\Users\kundai\AppData\Local\Programs\MiKTeX\tex/generic/pgf/basiclayer\pgfco
re.code.tex
Package: pgfcore 2023-01-15 v3.1.10 (3.1.10)

(C:\Users\kundai\AppData\Local\Programs\MiKTeX\tex/generic/pgf/math\pgfmath.cod
e.tex
(C:\Users\kundai\AppData\Local\Programs\MiKTeX\tex/generic/pgf/math\pgfmathutil
.code.tex)
(C:\Users\kundai\AppData\Local\Programs\MiKTeX\tex/generic/pgf/math\pgfmathpars
er.code.tex
\pgfmath@dimen=\dimen256
\pgfmath@count=\count307
\pgfmath@box=\box58
\pgfmath@toks=\toks41
\pgfmath@stack@operand=\toks42
\pgfmath@stack@operation=\toks43
)
(C:\Users\kundai\AppData\Local\Programs\MiKTeX\tex/generic/pgf/math\pgfmathfunc
tions.code.tex)
(C:\Users\kundai\AppData\Local\Programs\MiKTeX\tex/generic/pgf/math\pgfmathfunc
tions.basic.code.tex)
(C:\Users\kundai\AppData\Local\Programs\MiKTeX\tex/generic/pgf/math\pgfmathfunc
tions.trigonometric.code.tex)
(C:\Users\kundai\AppData\Local\Programs\MiKTeX\tex/generic/pgf/math\pgfmathfunc
tions.random.code.tex)
(C:\Users\kundai\AppData\Local\Programs\MiKTeX\tex/generic/pgf/math\pgfmathfunc
tions.comparison.code.tex)
(C:\Users\kundai\AppData\Local\Programs\MiKTeX\tex/generic/pgf/math\pgfmathfunc
tions.base.code.tex)
(C:\Users\kundai\AppData\Local\Programs\MiKTeX\tex/generic/pgf/math\pgfmathfunc
tions.round.code.tex)
(C:\Users\kundai\AppData\Local\Programs\MiKTeX\tex/generic/pgf/math\pgfmathfunc
tions.misc.code.tex)
(C:\Users\kundai\AppData\Local\Programs\MiKTeX\tex/generic/pgf/math\pgfmathfunc
tions.integerarithmetics.code.tex)
(C:\Users\kundai\AppData\Local\Programs\MiKTeX\tex/generic/pgf/math\pgfmathcalc
.code.tex)
(C:\Users\kundai\AppData\Local\Programs\MiKTeX\tex/generic/pgf/math\pgfmathfloa
t.code.tex
\c@pgfmathroundto@lastzeros=\count308
))
(C:\Users\kundai\AppData\Local\Programs\MiKTeX\tex/generic/pgf/math\pgfint.code
.tex)
(C:\Users\kundai\AppData\Local\Programs\MiKTeX\tex/generic/pgf/basiclayer\pgfco
repoints.code.tex
File: pgfcorepoints.code.tex 2023-01-15 v3.1.10 (3.1.10)
\pgf@picminx=\dimen257
\pgf@picmaxx=\dimen258
\pgf@picminy=\dimen259
\pgf@picmaxy=\dimen260
\pgf@pathminx=\dimen261
\pgf@pathmaxx=\dimen262
\pgf@pathminy=\dimen263
\pgf@pathmaxy=\dimen264
\pgf@xx=\dimen265
\pgf@xy=\dimen266
\pgf@yx=\dimen267
\pgf@yy=\dimen268
\pgf@zx=\dimen269
\pgf@zy=\dimen270
)
(C:\Users\kundai\AppData\Local\Programs\MiKTeX\tex/generic/pgf/basiclayer\pgfco
repathconstruct.code.tex
File: pgfcorepathconstruct.code.tex 2023-01-15 v3.1.10 (3.1.10)
\pgf@path@lastx=\dimen271
\pgf@path@lasty=\dimen272
)
(C:\Users\kundai\AppData\Local\Programs\MiKTeX\tex/generic/pgf/basiclayer\pgfco
repathusage.code.tex
File: pgfcorepathusage.code.tex 2023-01-15 v3.1.10 (3.1.10)
\pgf@shorten@end@additional=\dimen273
\pgf@shorten@start@additional=\dimen274
)
(C:\Users\kundai\AppData\Local\Programs\MiKTeX\tex/generic/pgf/basiclayer\pgfco
rescopes.code.tex
File: pgfcorescopes.code.tex 2023-01-15 v3.1.10 (3.1.10)
\pgfpic=\box59
\pgf@hbox=\box60
\pgf@layerbox@main=\box61
\pgf@picture@serial@count=\count309
)
(C:\Users\kundai\AppData\Local\Programs\MiKTeX\tex/generic/pgf/basiclayer\pgfco
regraphicstate.code.tex
File: pgfcoregraphicstate.code.tex 2023-01-15 v3.1.10 (3.1.10)
\pgflinewidth=\dimen275
)
(C:\Users\kundai\AppData\Local\Programs\MiKTeX\tex/generic/pgf/basiclayer\pgfco
retransformations.code.tex
File: pgfcoretransformations.code.tex 2023-01-15 v3.1.10 (3.1.10)
\pgf@pt@x=\dimen276
\pgf@pt@y=\dimen277
\pgf@pt@temp=\dimen278
)
(C:\Users\kundai\AppData\Local\Programs\MiKTeX\tex/generic/pgf/basiclayer\pgfco
requick.code.tex
File: pgfcorequick.code.tex 2023-01-15 v3.1.10 (3.1.10)
)
(C:\Users\kundai\AppData\Local\Programs\MiKTeX\tex/generic/pgf/basiclayer\pgfco
reobjects.code.tex
File: pgfcoreobjects.code.tex 2023-01-15 v3.1.10 (3.1.10)
)
(C:\Users\kundai\AppData\Local\Programs\MiKTeX\tex/generic/pgf/basiclayer\pgfco
repathprocessing.code.tex
File: pgfcorepathprocessing.code.tex 2023-01-15 v3.1.10 (3.1.10)
)
(C:\Users\kundai\AppData\Local\Programs\MiKTeX\tex/generic/pgf/basiclayer\pgfco
rearrows.code.tex
File: pgfcorearrows.code.tex 2023-01-15 v3.1.10 (3.1.10)
\pgfarrowsep=\dimen279
)
(C:\Users\kundai\AppData\Local\Programs\MiKTeX\tex/generic/pgf/basiclayer\pgfco
reshade.code.tex
File: pgfcoreshade.code.tex 2023-01-15 v3.1.10 (3.1.10)
\pgf@max=\dimen280
\pgf@sys@shading@range@num=\count310
\pgf@shadingcount=\count311
)
(C:\Users\kundai\AppData\Local\Programs\MiKTeX\tex/generic/pgf/basiclayer\pgfco
reimage.code.tex
File: pgfcoreimage.code.tex 2023-01-15 v3.1.10 (3.1.10)
)
(C:\Users\kundai\AppData\Local\Programs\MiKTeX\tex/generic/pgf/basiclayer\pgfco
reexternal.code.tex
File: pgfcoreexternal.code.tex 2023-01-15 v3.1.10 (3.1.10)
\pgfexternal@startupbox=\box62
)
(C:\Users\kundai\AppData\Local\Programs\MiKTeX\tex/generic/pgf/basiclayer\pgfco
relayers.code.tex
File: pgfcorelayers.code.tex 2023-01-15 v3.1.10 (3.1.10)
)
(C:\Users\kundai\AppData\Local\Programs\MiKTeX\tex/generic/pgf/basiclayer\pgfco
retransparency.code.tex
File: pgfcoretransparency.code.tex 2023-01-15 v3.1.10 (3.1.10)
)
(C:\Users\kundai\AppData\Local\Programs\MiKTeX\tex/generic/pgf/basiclayer\pgfco
repatterns.code.tex
File: pgfcorepatterns.code.tex 2023-01-15 v3.1.10 (3.1.10)
)
(C:\Users\kundai\AppData\Local\Programs\MiKTeX\tex/generic/pgf/basiclayer\pgfco
rerdf.code.tex
File: pgfcorerdf.code.tex 2023-01-15 v3.1.10 (3.1.10)
)))
(C:\Users\kundai\AppData\Local\Programs\MiKTeX\tex/generic/pgf/modules\pgfmodul
eshapes.code.tex
File: pgfmoduleshapes.code.tex 2023-01-15 v3.1.10 (3.1.10)
\pgfnodeparttextbox=\box63
)
(C:\Users\kundai\AppData\Local\Programs\MiKTeX\tex/generic/pgf/modules\pgfmodul
eplot.code.tex
File: pgfmoduleplot.code.tex 2023-01-15 v3.1.10 (3.1.10)
)
(C:\Users\kundai\AppData\Local\Programs\MiKTeX\tex/latex/pgf/compatibility\pgfc
omp-version-0-65.sty
Package: pgfcomp-version-0-65 2023-01-15 v3.1.10 (3.1.10)
\pgf@nodesepstart=\dimen281
\pgf@nodesepend=\dimen282
)
(C:\Users\kundai\AppData\Local\Programs\MiKTeX\tex/latex/pgf/compatibility\pgfc
omp-version-1-18.sty
Package: pgfcomp-version-1-18 2023-01-15 v3.1.10 (3.1.10)
))
(C:\Users\kundai\AppData\Local\Programs\MiKTeX\tex/latex/pgf/utilities\pgffor.s
ty
(C:\Users\kundai\AppData\Local\Programs\MiKTeX\tex/latex/pgf/utilities\pgfkeys.
sty
(C:\Users\kundai\AppData\Local\Programs\MiKTeX\tex/generic/pgf/utilities\pgfkey
s.code.tex))
(C:\Users\kundai\AppData\Local\Programs\MiKTeX\tex/latex/pgf/math\pgfmath.sty
(C:\Users\kundai\AppData\Local\Programs\MiKTeX\tex/generic/pgf/math\pgfmath.cod
e.tex))
(C:\Users\kundai\AppData\Local\Programs\MiKTeX\tex/generic/pgf/utilities\pgffor
.code.tex
Package: pgffor 2023-01-15 v3.1.10 (3.1.10)
\pgffor@iter=\dimen283
\pgffor@skip=\dimen284
\pgffor@stack=\toks44
\pgffor@toks=\toks45
))
(C:\Users\kundai\AppData\Local\Programs\MiKTeX\tex/generic/pgf/frontendlayer/ti
kz\tikz.code.tex
Package: tikz 2023-01-15 v3.1.10 (3.1.10)

(C:\Users\kundai\AppData\Local\Programs\MiKTeX\tex/generic/pgf/libraries\pgflib
raryplothandlers.code.tex
File: pgflibraryplothandlers.code.tex 2023-01-15 v3.1.10 (3.1.10)
\pgf@plot@mark@count=\count312
\pgfplotmarksize=\dimen285
)
\tikz@lastx=\dimen286
\tikz@lasty=\dimen287
\tikz@lastxsaved=\dimen288
\tikz@lastysaved=\dimen289
\tikz@lastmovetox=\dimen290
\tikz@lastmovetoy=\dimen291
\tikzleveldistance=\dimen292
\tikzsiblingdistance=\dimen293
\tikz@figbox=\box64
\tikz@figbox@bg=\box65
\tikz@tempbox=\box66
\tikz@tempbox@bg=\box67
\tikztreelevel=\count313
\tikznumberofchildren=\count314
\tikznumberofcurrentchild=\count315
\tikz@fig@count=\count316

(C:\Users\kundai\AppData\Local\Programs\MiKTeX\tex/generic/pgf/modules\pgfmodul
ematrix.code.tex
File: pgfmodulematrix.code.tex 2023-01-15 v3.1.10 (3.1.10)
\pgfmatrixcurrentrow=\count317
\pgfmatrixcurrentcolumn=\count318
\pgf@matrix@numberofcolumns=\count319
)
\tikz@expandcount=\count320

(C:\Users\kundai\AppData\Local\Programs\MiKTeX\tex/generic/pgf/frontendlayer/ti
kz/libraries\tikzlibrarytopaths.code.tex
File: tikzlibrarytopaths.code.tex 2023-01-15 v3.1.10 (3.1.10)
)))
(C:\Users\kundai\AppData\Local\Programs\MiKTeX\tex/latex/algorithms\algorithm.s
ty
Package: algorithm 2009/08/24 v0.1 Document Style `algorithm' - floating enviro
nment
 (C:\Users\kundai\AppData\Local\Programs\MiKTeX\tex/latex/base\ifthen.sty
Package: ifthen 2022/04/13 v1.1d Standard LaTeX ifthen package (DPC)
)
\@float@every@algorithm=\toks46
\c@algorithm=\count321
)
(C:\Users\kundai\AppData\Local\Programs\MiKTeX\tex/latex/algorithms\algorithmic
.sty
Package: algorithmic 2009/08/24 v0.1 Document Style `algorithmic'
\c@ALC@unique=\count322
\c@ALC@line=\count323
\c@ALC@rem=\count324
\c@ALC@depth=\count325
\ALC@tlm=\skip65
\algorithmicindent=\skip66
)
(C:\Users\kundai\AppData\Local\Programs\MiKTeX\tex/generic/pgf/libraries\pgflib
raryarrows.meta.code.tex
File: pgflibraryarrows.meta.code.tex 2023-01-15 v3.1.10 (3.1.10)
\pgfarrowinset=\dimen294
\pgfarrowlength=\dimen295
\pgfarrowwidth=\dimen296
\pgfarrowlinewidth=\dimen297
)
(C:\Users\kundai\AppData\Local\Programs\MiKTeX\tex/generic/pgf/frontendlayer/ti
kz/libraries\tikzlibrarypositioning.code.tex
File: tikzlibrarypositioning.code.tex 2023-01-15 v3.1.10 (3.1.10)
)
(C:\Users\kundai\AppData\Local\Programs\MiKTeX\tex/generic/pgf/frontendlayer/ti
kz/libraries\tikzlibrarycalc.code.tex
File: tikzlibrarycalc.code.tex 2023-01-15 v3.1.10 (3.1.10)
)
(C:\Users\kundai\AppData\Local\Programs\MiKTeX\tex/generic/pgf/frontendlayer/ti
kz/libraries\tikzlibraryshapes.geometric.code.tex
File: tikzlibraryshapes.geometric.code.tex 2023-01-15 v3.1.10 (3.1.10)

(C:\Users\kundai\AppData\Local\Programs\MiKTeX\tex/generic/pgf/libraries/shapes
\pgflibraryshapes.geometric.code.tex
File: pgflibraryshapes.geometric.code.tex 2023-01-15 v3.1.10 (3.1.10)
))
\c@theorem=\count326


! LaTeX Error: Command \Omega already defined.
               Or name \end... illegal, see p.192 of the manual.

See the LaTeX manual or LaTeX Companion for explanation.
Type  H <return>  for immediate help.
 ...                                              
                                                  
l.43 \newcommand{\Omega}{\Omega}
                                
Your command was ignored.
Type  I <command> <return>  to replace it with another command,
or  <return>  to continue without it.


! LaTeX Error: Command \Phi already defined.
               Or name \end... illegal, see p.192 of the manual.

See the LaTeX manual or LaTeX Companion for explanation.
Type  H <return>  for immediate help.
 ...                                              
                                                  
l.44 \newcommand{\Phi}{\Phi}
                            
Your command was ignored.
Type  I <command> <return>  to replace it with another command,
or  <return>  to continue without it.

(hybrid-symbolic-thermodynamic-computing.aux)
\openout1 = `hybrid-symbolic-thermodynamic-computing.aux'.

LaTeX Font Info:    Checking defaults for OML/cmm/m/it on input line 59.
LaTeX Font Info:    ... okay on input line 59.
LaTeX Font Info:    Checking defaults for OMS/cmsy/m/n on input line 59.
LaTeX Font Info:    ... okay on input line 59.
LaTeX Font Info:    Checking defaults for OT1/cmr/m/n on input line 59.
LaTeX Font Info:    ... okay on input line 59.
LaTeX Font Info:    Checking defaults for T1/cmr/m/n on input line 59.
LaTeX Font Info:    ... okay on input line 59.
LaTeX Font Info:    Checking defaults for TS1/cmr/m/n on input line 59.
LaTeX Font Info:    ... okay on input line 59.
LaTeX Font Info:    Checking defaults for OMX/cmex/m/n on input line 59.
LaTeX Font Info:    ... okay on input line 59.
LaTeX Font Info:    Checking defaults for U/cmr/m/n on input line 59.
LaTeX Font Info:    ... okay on input line 59.
LaTeX Font Info:    Checking defaults for PD1/pdf/m/n on input line 59.
LaTeX Font Info:    ... okay on input line 59.
LaTeX Font Info:    Checking defaults for PU/pdf/m/n on input line 59.
LaTeX Font Info:    ... okay on input line 59.

(C:\Users\kundai\AppData\Local\Programs\MiKTeX\tex/context/base/mkii\supp-pdf.m
kii
[Loading MPS to PDF converter (version 2006.09.02).]
\scratchcounter=\count327
\scratchdimen=\dimen298
\scratchbox=\box68
\nofMPsegments=\count328
\nofMParguments=\count329
\everyMPshowfont=\toks47
\MPscratchCnt=\count330
\MPscratchDim=\dimen299
\MPnumerator=\count331
\makeMPintoPDFobject=\count332
\everyMPtoPDFconversion=\toks48
)
(C:\Users\kundai\AppData\Local\Programs\MiKTeX\tex/latex/epstopdf-pkg\epstopdf-
base.sty
Package: epstopdf-base 2020-01-24 v2.11 Base part for package epstopdf
Package epstopdf-base Info: Redefining graphics rule for `.eps' on input line 4
85.

(C:\Users\kundai\AppData\Local\Programs\MiKTeX\tex/latex/00miktex\epstopdf-sys.
cfg
File: epstopdf-sys.cfg 2021/03/18 v2.0 Configuration of epstopdf for MiKTeX
))
Package hyperref Info: Link coloring OFF on input line 59.
 (hybrid-symbolic-thermodynamic-computing.out)
(hybrid-symbolic-thermodynamic-computing.out)
\@outlinefile=\write4
\openout4 = `hybrid-symbolic-thermodynamic-computing.out'.


*geometry* driver: auto-detecting
*geometry* detected driver: pdftex
*geometry* verbose mode - [ preamble ] result:
* driver: pdftex
* paper: a4paper
* layout: <same size as paper>
* layoutoffset:(h,v)=(0.0pt,0.0pt)
* modes: 
* h-part:(L,W,R)=(72.26999pt, 452.9679pt, 72.26999pt)
* v-part:(T,H,B)=(72.26999pt, 700.50687pt, 72.26999pt)
* \paperwidth=597.50787pt
* \paperheight=845.04684pt
* \textwidth=452.9679pt
* \textheight=700.50687pt
* \oddsidemargin=0.0pt
* \evensidemargin=0.0pt
* \topmargin=-37.0pt
* \headheight=12.0pt
* \headsep=25.0pt
* \topskip=12.0pt
* \footskip=30.0pt
* \marginparwidth=35.0pt
* \marginparsep=10.0pt
* \columnsep=10.0pt
* \skip\footins=10.8pt plus 4.0pt minus 2.0pt
* \hoffset=0.0pt
* \voffset=0.0pt
* \mag=1000
* \@twocolumnfalse
* \@twosidefalse
* \@mparswitchfalse
* \@reversemarginfalse
* (1in=72.27pt=25.4mm, 1cm=28.453pt)

LaTeX Font Info:    Trying to load font information for U+msa on input line 62.

(C:\Users\kundai\AppData\Local\Programs\MiKTeX\tex/latex/amsfonts\umsa.fd
File: umsa.fd 2013/01/14 v3.01 AMS symbols A
)
LaTeX Font Info:    Trying to load font information for U+msb on input line 62.


(C:\Users\kundai\AppData\Local\Programs\MiKTeX\tex/latex/amsfonts\umsb.fd
File: umsb.fd 2013/01/14 v3.01 AMS symbols B
)
LaTeX Font Info:    Trying to load font information for T1+cmtt on input line 6
2.

(C:\Users\kundai\AppData\Local\Programs\MiKTeX\tex/latex/base\t1cmtt.fd
File: t1cmtt.fd 2023/04/13 v2.5m Standard LaTeX font definitions
)
[1

{C:/Users/kundai/AppData/Local/MiKTeX/fonts/map/pdftex/pdftex.map}]
Overfull \hbox (5.41771pt too wide) in paragraph at lines 70--71
\T1/cmr/m/n/10.95 amygdala cir-cuits in-creased from 0.32 (de-pressed base-line
) to 0.77 (post-intervention),
 []

[2] (hybrid-symbolic-thermodynamic-computing.toc [3]
Overfull \hbox (17.81702pt too wide) in paragraph at lines 58--58
 [] [][]\T1/cmr/bx/n/12 Symbolic-Thermodynamic Bridge: Suf-fi-ciency Through In
-for-ma-tion Catal- 
 []

[4])
\tf@toc=\write5
\openout5 = `hybrid-symbolic-thermodynamic-computing.toc'.

 [5] (sections/introduction.tex
Overfull \hbox (6.17255pt too wide) in paragraph at lines 1--1
[]\T1/cmr/bx/n/17.28 Introduction: In-for-ma-tion Catal-y-sis in Bi-o-log-i-cal
 Sys-
 []


Overfull \hbox (7.70699pt too wide) in paragraph at lines 26--27
\T1/cmr/m/n/12 This work presents Kwasa-Kwasa, a com-pre-hen-sive frame-work im
-ple-ment-ing consciousness-
 []

[6]

! LaTeX Error: Unicode character тБ║ (U+207A)
               not set up for use with LaTeX.

See the LaTeX manual or LaTeX Companion for explanation.
Type  H <return>  for immediate help.
 ...                                              
                                                  
l.36 ...s \textit{oscillatory}тАФbased on the HтБ║
                                                   electric field ($\sim 10^...

You may provide a definition with
\DeclareUnicodeCharacter 


! LaTeX Error: Unicode character тБ║ (U+207A)
               not set up for use with LaTeX.

See the LaTeX manual or LaTeX Companion for explanation.
Type  H <return>  for immediate help.
 ...                                              
                                                  
l.36 ...molecules create perturbations in the HтБ║
                                                   field that develop incomp...

You may provide a definition with
\DeclareUnicodeCharacter 

[7] [8]

! LaTeX Error: Unicode character тБ║ (U+207A)
               not set up for use with LaTeX.

See the LaTeX manual or LaTeX Companion for explanation.
Type  H <return>  for immediate help.
 ...                                              
                                                  
l.102 ...the oscillatory computing substrate (HтБ║
                                                   field reality + OтВВ cate...

You may provide a definition with
\DeclareUnicodeCharacter 


! LaTeX Error: Unicode character тВВ (U+2082)
               not set up for use with LaTeX.

See the LaTeX manual or LaTeX Companion for explanation.
Type  H <return>  for immediate help.
 ...                                              
                                                  
l.102 ...ting substrate (HтБ║ field reality + OтВВ
                                                   categorical clock + oscil...

You may provide a definition with
\DeclareUnicodeCharacter 

[9]) (sections/biological-maxwell-demon.tex
Overfull \hbox (17.449pt too wide) in paragraph at lines 1--1
[]\T1/cmr/bx/n/17.28 Theoretical Foun-da-tions: Bi-o-log-i-cal Maxwell's Demons
 
 []


Package natbib Warning: Citation `Maxwell1871' on page 10 undefined on input li
ne 5.


Package natbib Warning: Citation `Szilard1929' on page 10 undefined on input li
ne 5.


Package natbib Warning: Citation `Brillouin1951' on page 10 undefined on input 
line 5.


Package natbib Warning: Citation `Landauer1961' on page 10 undefined on input l
ine 5.


Package natbib Warning: Citation `Bennett1982' on page 10 undefined on input li
ne 5.


Package natbib Warning: Citation `Leff1990' on page 10 undefined on input line 
5.


Package natbib Warning: Citation `Haldane1930' on page 10 undefined on input li
ne 7.


Package natbib Warning: Citation `Monod1971' on page 10 undefined on input line
 7.


Package natbib Warning: Citation `Jacob1977' on page 10 undefined on input line
 7.


Package natbib Warning: Citation `Lwoff1962' on page 10 undefined on input line
 7.


Package natbib Warning: Citation `Mizraji2021' on page 10 undefined on input li
ne 9.


Overfull \hbox (0.20477pt too wide) in paragraph at lines 15--16
\T1/cmr/m/n/12 A chem-i-cal cat-a-lyst in-creases re-ac-tion rates by low-er-in
g ac-ti-va-tion en-ergy bar-ri-ers, thereby
 []

[10] [11] [12]

Package natbib Warning: Citation `Mizraji2021' on page 13 undefined on input li
ne 155.

[13] [14] [15]

Package natbib Warning: Citation `Monod1971' on page 16 undefined on input line
 261.


Overfull \hbox (6.26712pt too wide) in paragraph at lines 261--262
\T1/cmr/m/n/12 BMDs ex-hibit ap-par-ent goal-directedness with-out ex-plicit pr
o-gram-ming, a prop-erty Monod
 []

[16] [17]) (sections/prerequisites-for-computation.tex [18] [19]
Overfull \hbox (2.44542pt too wide) in paragraph at lines 101--102
[]\T1/cmr/bx/n/12 Proposition 3.3 \T1/cmr/m/n/12 (Point Arith-metic with Cer-ta
inty Prop-a-ga-tion)\T1/cmr/bx/n/12 . []\T1/cmr/m/it/12 Points com-pose through

 []

[20] [21] [22] [23]
Overfull \hbox (22.2391pt too wide) in paragraph at lines 319--320
[]\T1/cmr/bx/n/12 Theorem 3.11 \T1/cmr/m/n/12 (Paradigm Con-flict Res-o-lu-tion
 Ne-ces-sity)\T1/cmr/bx/n/12 . []\T1/cmr/m/it/12 The three com-pu-ta-tional par
adigms
 []

[24]
Overfull \hbox (3.15129pt too wide) in paragraph at lines 354--355
[]\T1/cmr/m/n/12 These are con-tra-dic-tory rec-om-men-da-tions from the same i
n-put data, pro-cessed through
 []

) (sections/oscillatory-computing.tex

Package hyperref Warning: Token not allowed in a PDF string (Unicode):
(hyperref)                removing `\mathsurround' on input line 3.


Package hyperref Warning: Token not allowed in a PDF string (Unicode):
(hyperref)                removing `\z@' on input line 3.


Package hyperref Warning: Token not allowed in a PDF string (Unicode):
(hyperref)                removing `superscript' on input line 3.

[25] [26]
Overfull \hbox (7.122pt too wide) in paragraph at lines 115--116
[]\T1/cmr/bx/n/12 Proposition 4.6 \T1/cmr/m/n/12 (Oxy-gen Cat-e-gor-i-cal Su-pe
-ri-or-ity)\T1/cmr/bx/n/12 . []\T1/cmr/m/it/12 No other bi-o-log-i-cally rel-e-
vant molecule
 []

[27]

! LaTeX Error: Unicode character тЙб (U+2261)
               not set up for use with LaTeX.

See the LaTeX manual or LaTeX Companion for explanation.
Type  H <return>  for immediate help.
 ...                                              
                                                  
l.204 ...orem}[Oscillatory Hole тЙб BMD Operation]
                                                  
You may provide a definition with
\DeclareUnicodeCharacter 

[28] [29]
Overfull \hbox (2.50807pt too wide) in paragraph at lines 282--283
[]\T1/cmr/bx/n/12 Theorem 4.11 \T1/cmr/m/n/12 (Manda-tory Hole Com-ple-tion)\T1
/cmr/bx/n/12 . []\T1/cmr/m/it/12 Os-cil-la-tory holes MUST be filled^^Vcascade
 []

[30] [31]) (sections/symbolic-thermodynamics.tex
Overfull \hbox (20.4695pt too wide) in paragraph at lines 1--1
[]\T1/cmr/bx/n/17.28 Symbolic-Thermodynamic Bridge: Suf-fi-ciency Through
 []

[32] [33]
Overfull \hbox (2.03632pt too wide) in paragraph at lines 67--68
[]\T1/cmr/bx/n/12 Theorem 5.2 \T1/cmr/m/n/12 (S-En-tropy Com-pres-sion Prin-ci-
ple)\T1/cmr/bx/n/12 . []\T1/cmr/m/it/12 S-entropy co-or-di-nates $\OT1/cmr/m/n/
12 (\OML/cmm/m/it/12 S[]; S[]; S[]\OT1/cmr/m/n/12 )$ \T1/cmr/m/it/12 com-
 []

[34] [35]
Overfull \hbox (9.61273pt too wide) in paragraph at lines 161--162
[]\T1/cmr/bx/n/12 The op-er-a-tor $\OMS/cmsy/m/n/12 R$ \T1/cmr/bx/n/12 is not e
x-ter-nally im-posed^^Vit's CON-TAINED in $\OT1/cmr/bx/n/12 s\OT1/cmr/m/n/12 (\
OML/cmm/m/it/12 t[]\OT1/cmr/m/n/12 )$ \T1/cmr/bx/n/12 through
 []


Overfull \hbox (7.27486pt too wide) in paragraph at lines 195--196
[]\T1/cmr/bx/n/12 BMD res-o-lu-tion\T1/cmr/m/n/12 : Global ther-mo-dy-namic ana
l-y-sis in-cludes down-stream con-se-quences: 
 []

[36]
Overfull \hbox (7.05064pt too wide) in paragraph at lines 238--238
[]\T1/cmr/bx/n/14.4 Fuzzy-Linear-Logic In-te-gra-tion Through Os-cil-la-tory Su
b-strate 
 []

[37] [38]
Overfull \hbox (7.05855pt too wide) in paragraph at lines 352--353
\T1/cmr/m/n/12 The V8 net-work is there-fore com-pu-ta-tion-ally nec-es-sary fo
r hy-brid symbolic-thermodynamic
 []

[39]) (sections/language-design.tex [40] [41] [42]
Overfull \hbox (16.08234pt too wide) in paragraph at lines 137--138
[]\T1/cmr/bx/n/12 Theorem 6.7 \T1/cmr/m/n/12 (Res-o-lu-tion In-fer-ence Se-man-
tics)\T1/cmr/bx/n/12 . []\T1/cmr/m/it/12 Res-o-lu-tion eval-u-a-tion im-ple-men
ts Bayesian
 []


Overfull \hbox (21.5879pt too wide) in paragraph at lines 148--149
[]\T1/cmr/bx/n/12 Proposition 6.8 \T1/cmr/m/n/12 (Res-o-lu-tion Com-po-si-tion)
\T1/cmr/bx/n/12 . []\T1/cmr/m/it/12 Res-o-lu-tions com-pose hi-er-ar-chi-cally^
^Vconclusions
 []

[43]

! LaTeX Error: Unicode character тВВ (U+2082)
               not set up for use with LaTeX.

See the LaTeX manual or LaTeX Companion for explanation.
Type  H <return>  for immediate help.
 ...                                              
                                                  
l.217 ...-existing categorical possibilities (OтВВ
                                                   quantum states).
You may provide a definition with
\DeclareUnicodeCharacter 

[44] [45] [46] [47]
Overfull \hbox (24.73715pt too wide) in paragraph at lines 396--397
[]\T1/cmr/bx/n/12 Proposition 6.15 \T1/cmr/m/n/12 (Lan-guage-Ag-nos-tic Re-sult
s)\T1/cmr/bx/n/12 . []\T1/cmr/m/it/12 All poly-glot func-tion calls re-turn Tur
bulance-
 []

[48]

! LaTeX Error: Unicode character ╧А (U+03C0)
               not set up for use with LaTeX.

See the LaTeX manual or LaTeX Companion for explanation.
Type  H <return>  for immediate help.
 ...                                              
                                                  
l.502 \end{verbatim}
                    
You may provide a definition with
\DeclareUnicodeCharacter 

[49] [50] [51] [52]

! LaTeX Error: Unicode character тЙе (U+2265)
               not set up for use with LaTeX.

See the LaTeX manual or LaTeX Companion for explanation.
Type  H <return>  for immediate help.
 ...                                              
                                                  
l.669 \end{verbatim}
                    
You may provide a definition with
\DeclareUnicodeCharacter 


! LaTeX Error: Unicode character тЙе (U+2265)
               not set up for use with LaTeX.

See the LaTeX manual or LaTeX Companion for explanation.
Type  H <return>  for immediate help.
 ...                                              
                                                  
l.669 \end{verbatim}
                    
You may provide a definition with
\DeclareUnicodeCharacter 


! LaTeX Error: Unicode character тЙе (U+2265)
               not set up for use with LaTeX.

See the LaTeX manual or LaTeX Companion for explanation.
Type  H <return>  for immediate help.
 ...                                              
                                                  
l.669 \end{verbatim}
                    
You may provide a definition with
\DeclareUnicodeCharacter 

) (sections/four-file-architecture.tex
Overfull \hbox (0.80336pt too wide) in paragraph at lines 1--1
[]\T1/cmr/bx/n/17.28 Four-File Ex-e-cu-tion Ar-chi-tec-ture: Metacog-ni-tive Or
-
 []

[53] [54] [55] [56] [57] [58] [59] [60]

! LaTeX Error: Unicode character тЬУ (U+2713)
               not set up for use with LaTeX.

See the LaTeX manual or LaTeX Companion for explanation.
Type  H <return>  for immediate help.
 ...                                              
                                                  
l.376 \end{verbatim}
                    
You may provide a definition with
\DeclareUnicodeCharacter 


! LaTeX Error: Unicode character тЬУ (U+2713)
               not set up for use with LaTeX.

See the LaTeX manual or LaTeX Companion for explanation.
Type  H <return>  for immediate help.
 ...                                              
                                                  
l.376 \end{verbatim}
                    
You may provide a definition with
\DeclareUnicodeCharacter 


! LaTeX Error: Unicode character тЬЧ (U+2717)
               not set up for use with LaTeX.

See the LaTeX manual or LaTeX Companion for explanation.
Type  H <return>  for immediate help.
 ...                                              
                                                  
l.376 \end{verbatim}
                    
You may provide a definition with
\DeclareUnicodeCharacter 

[61] [62]
LaTeX Font Info:    Trying to load font information for TS1+cmtt on input line 
659.

(C:\Users\kundai\AppData\Local\Programs\MiKTeX\tex/latex/base\ts1cmtt.fd
File: ts1cmtt.fd 2023/04/13 v2.5m Standard LaTeX font definitions
)
[63] [64] [65] [66] [67]
Overfull \hbox (22.39102pt too wide) in paragraph at lines 960--960
[]    \T1/cmtt/m/n/12 required_tables: ["meg_recordings", "eeg_recordings", "pa
tient_metadata"][] 
 []

[68] [69] [70] [71] [72] [73]

! LaTeX Error: Unicode character тЙе (U+2265)
               not set up for use with LaTeX.

See the LaTeX manual or LaTeX Companion for explanation.
Type  H <return>  for immediate help.
 ...                                              
                                                  
l.1356 \end{verbatim}
                     
You may provide a definition with
\DeclareUnicodeCharacter 

[74] [75]
Overfull \hbox (10.04404pt too wide) in paragraph at lines 1356--1356
[]    \T1/cmtt/m/n/12 decision: "Delegate numerical computation to consciousnes
s_analysis.py"[] 
 []

[76] [77]
Overfull \hbox (3.87054pt too wide) in paragraph at lines 1356--1356
[]      \T1/cmtt/m/n/12 recommendation: "Acknowledge paradigm shift, update tre
atment model"[] 
 []

[78]
Overfull \hbox (16.21753pt too wide) in paragraph at lines 1356--1356
[]    \T1/cmtt/m/n/12 decision: "Validate that understanding is authentic, not 
self-deceptive"[] 
 []


Overfull \hbox (40.9115pt too wide) in paragraph at lines 1356--1356
[]        \T1/cmtt/m/n/12 details: "Predicted confidence matches actual accurac
y (validation set)"[] 
 []


Overfull \hbox (40.9115pt too wide) in paragraph at lines 1356--1356
[]      \T1/cmtt/m/n/12 recommendation: "Always activate full network for consc
iousness protocols"[] 
 []


Overfull \hbox (22.39102pt too wide) in paragraph at lines 1356--1356
[]      \T1/cmtt/m/n/12 recommendation: "Default to Bayesian integration, not a
d-hoc weighting"[] 
 []


Overfull \hbox (3.87054pt too wide) in paragraph at lines 1356--1356
[]      \T1/cmtt/m/n/12 recommendation: "Include dream phase, but filter insigh
ts carefully"[] 
 []

[79]
Overfull \hbox (34.738pt too wide) in paragraph at lines 1356--1356
[]      \T1/cmtt/m/n/12 recommendation: "Always validate authenticity before cl
inical deployment"[] 
 []


Overfull \hbox (53.25848pt too wide) in paragraph at lines 1356--1356
[]      \T1/cmtt/m/n/12 mitigation: "Consider relaxing threshold or improving m
easurement precision"[] 
 []

[80]
Overfull \hbox (10.04404pt too wide) in paragraph at lines 1356--1356
[]      \T1/cmtt/m/n/12 metrics: ["HAM-D score", "MEG phase coherence", "H+ fie
ld stability"][] 
 []


Overfull \hbox (10.04404pt too wide) in paragraph at lines 1356--1356
[]      \T1/cmtt/m/n/12 alert_conditions: ["No improvement by week 2", "Coheren
ce decreases"][] 
 []


! LaTeX Error: Unicode character тЙе (U+2265)
               not set up for use with LaTeX.

See the LaTeX manual or LaTeX Companion for explanation.
Type  H <return>  for immediate help.
 ...                                              
                                                  
l.1356 \end{verbatim}
                     
You may provide a definition with
\DeclareUnicodeCharacter 

[81] [82]

! LaTeX Error: Unicode character тЙб (U+2261)
               not set up for use with LaTeX.

See the LaTeX manual or LaTeX Companion for explanation.
Type  H <return>  for immediate help.
 ...                                              
                                                  
l.1429 \item .trb тЙб
                      Prefrontal cortex (executive planning)
You may provide a definition with
\DeclareUnicodeCharacter 


! LaTeX Error: Unicode character тЙб (U+2261)
               not set up for use with LaTeX.

See the LaTeX manual or LaTeX Companion for explanation.
Type  H <return>  for immediate help.
 ...                                              
                                                  
l.1430 \item .fs тЙб
                     Anterior cingulate (monitoring, error detection)
You may provide a definition with
\DeclareUnicodeCharacter 


! LaTeX Error: Unicode character тЙб (U+2261)
               not set up for use with LaTeX.

See the LaTeX manual or LaTeX Companion for explanation.
Type  H <return>  for immediate help.
 ...                                              
                                                  
l.1431 \item .ghd тЙб
                      Sensory cortices + motor cortex (environmental interac...

You may provide a definition with
\DeclareUnicodeCharacter 


! LaTeX Error: Unicode character тЙб (U+2261)
               not set up for use with LaTeX.

See the LaTeX manual or LaTeX Companion for explanation.
Type  H <return>  for immediate help.
 ...                                              
                                                  
l.1432 \item .hre тЙб
                      Hippocampus (episodic memory, learning)
You may provide a definition with
\DeclareUnicodeCharacter 

) (sections/v8-intelligence-network.tex
Overfull \hbox (20.36957pt too wide) in paragraph at lines 1--1
[]\T1/cmr/bx/n/17.28 V8 In-tel-li-gence Net-work: Se-man-tic Pro-cess-ing Throu
gh
 []

[83] [84] [85] [86]
Overfull \hbox (17.94118pt too wide) in paragraph at lines 176--177
[]\T1/cmr/m/it/12 Causal model\T1/cmr/m/n/12 : $[] \OMS/cmsy/m/n/12 ! [] ! []$ 

 []

Package hyperref Info: bookmark level for unknown algorithm defaults to 0 on in
put line 187.
[87] [88]

! LaTeX Error: Unicode character тБ║ (U+207A)
               not set up for use with LaTeX.

See the LaTeX manual or LaTeX Companion for explanation.
Type  H <return>  for immediate help.
 ...                                              
                                                  
l.268 ...ypothesis 2: "Gut microbiome affects HтБ║
                                                   field through vagal signa...

You may provide a definition with
\DeclareUnicodeCharacter 


Overfull \hbox (3.01639pt too wide) in paragraph at lines 291--292
\T1/cmr/m/n/12 by iden-ti-fy-ing fail-ure modes, per-tur-ba-tion sen-si-tiv-i-t
ies, and worst-case sce-nar-ios^^Vensuring
 []

[89]

! LaTeX Error: Unicode character тЙИ (U+2248)
               not set up for use with LaTeX.

See the LaTeX manual or LaTeX Companion for explanation.
Type  H <return>  for immediate help.
 ...                                              
                                                  
l.315 ...lysis: Placebo response in depression тЙИ
                                                   35-45\%
You may provide a definition with
\DeclareUnicodeCharacter 


Overfull \hbox (6.60849pt too wide) in paragraph at lines 337--338
[]\T1/cmr/m/n/12 Recommendation: "Pro-ceed with cau-tion, close mon-i-tor-ing, 
con-sider subtype-specific
 []


Overfull \hbox (4.43379pt too wide) in paragraph at lines 354--355
[]\T1/cmr/bx/n/12 Example 8.19 \T1/cmr/m/n/12 (De-pres-sion Paradigm Shift De-t
ec-tion)\T1/cmr/bx/n/12 . []Cur-rent paradigm\T1/cmr/m/n/12 : Monoamine
 []

[90] [91] [92] [93]

! LaTeX Error: Unicode character тЙа (U+2260)
               not set up for use with LaTeX.

See the LaTeX manual or LaTeX Companion for explanation.
Type  H <return>  for immediate help.
 ...                                              
                                                  
l.549 ...Premises independent (MEG measurement тЙа
                                                   causal model)
You may provide a definition with
\DeclareUnicodeCharacter 

[94] [95]) (sections/thermodynamic-consequences.tex

! LaTeX Error: Unicode character тЙб (U+2261)
               not set up for use with LaTeX.

See the LaTeX manual or LaTeX Companion for explanation.
Type  H <return>  for immediate help.
 ...                                              
                                                  
l.7 ...em}[Computation тЙб S-Entropy Minimization]
                                                  
You may provide a definition with
\DeclareUnicodeCharacter 

[96] [97]

! LaTeX Error: Unicode character тБ║ (U+207A)
               not set up for use with LaTeX.

See the LaTeX manual or LaTeX Companion for explanation.
Type  H <return>  for immediate help.
 ...                                              
                                                  
l.137 \textbf{Local impossibility}: Creating HтБ║
                                                  holes (positive charge reg...

You may provide a definition with
\DeclareUnicodeCharacter 


! LaTeX Error: Unicode character тБ║ (U+207A)
               not set up for use with LaTeX.

See the LaTeX manual or LaTeX Companion for explanation.
Type  H <return>  for immediate help.
 ...                                              
                                                  
l.146 ...АФthermal fluctuations cannot create HтБ║
                                                   holes.
You may provide a definition with
\DeclareUnicodeCharacter 

[98]

! LaTeX Error: Unicode character тБ║ (U+207A)
               not set up for use with LaTeX.

See the LaTeX manual or LaTeX Companion for explanation.
Type  H <return>  for immediate help.
 ...                                              
                                                  
l.150 \textbf{BMD resolution}: Neurons couple HтБ║
                                                   hole creation to ATP hydr...

You may provide a definition with
\DeclareUnicodeCharacter 


! LaTeX Error: Unicode character тБ║ (U+207A)
               not set up for use with LaTeX.

See the LaTeX manual or LaTeX Companion for explanation.
Type  H <return>  for immediate help.
 ...                                              
                                                  
l.155 ...). They make the locally impossible (HтБ║
                                                   holes) globally necessary...

You may provide a definition with
\DeclareUnicodeCharacter 


Overfull \hbox (27.6465pt too wide) in paragraph at lines 155--156
\T1/cmr/m/n/12 make the lo-cally im-pos-si-ble (H holes) glob-ally nec-es-sary 
(sur-vival), achiev-ing $\OML/cmm/m/it/12 p[]\OT1/cmr/m/n/12 (\OML/cmm/m/it/12 
H[][]\OT1/cmr/m/n/12 ) \OMS/cmsy/m/n/12 ^^Y
 []


! LaTeX Error: Unicode character тЙб (U+2261)
               not set up for use with LaTeX.

See the LaTeX manual or LaTeX Companion for explanation.
Type  H <return>  for immediate help.
 ...                                              
                                                  
l.162 ...Information Value тЙб Catalytic Efficacy]
                                                  
You may provide a definition with
\DeclareUnicodeCharacter 

[99]

! LaTeX Error: Unicode character тВВ (U+2082)
               not set up for use with LaTeX.

See the LaTeX manual or LaTeX Companion for explanation.
Type  H <return>  for immediate help.
 ...                                              
                                                  
l.237 \item Matter (OтВВ
                        , COтВВ, nutrients, waste)
You may provide a definition with
\DeclareUnicodeCharacter 


! LaTeX Error: Unicode character тВВ (U+2082)
               not set up for use with LaTeX.

See the LaTeX manual or LaTeX Companion for explanation.
Type  H <return>  for immediate help.
 ...                                              
                                                  
l.237 \item Matter (OтВВ, COтВВ
                               , nutrients, waste)
You may provide a definition with
\DeclareUnicodeCharacter 

[100]

! LaTeX Error: Unicode character тВВ (U+2082)
               not set up for use with LaTeX.

See the LaTeX manual or LaTeX Companion for explanation.
Type  H <return>  for immediate help.
 ...                                              
                                                  
l.286 \textbf{Atmospheric OтВВ}
                               : ~10┬▓┬╣ molecules per breath, each in one o...

You may provide a definition with
\DeclareUnicodeCharacter 


! LaTeX Error: Unicode character тВВ (U+2082)
               not set up for use with LaTeX.

See the LaTeX manual or LaTeX Companion for explanation.
Type  H <return>  for immediate help.
 ...                                              
                                                  
l.293 ...on}: Biological systems select which OтВВ
                                                   categorical states to met...

You may provide a definition with
\DeclareUnicodeCharacter 


Overfull \hbox (2.47493pt too wide) in paragraph at lines 293--294
[]\T1/cmr/bx/n/12 Utilization\T1/cmr/m/n/12 : Bi-o-log-i-cal sys-tems se-lect w
hich O cat-e-gor-i-cal states to me-tab-o-lize^^VBMD
 []


! LaTeX Error: Unicode character тВВ (U+2082)
               not set up for use with LaTeX.

See the LaTeX manual or LaTeX Companion for explanation.
Type  H <return>  for immediate help.
 ...                                              
                                                  
l.297 ...utes \textit{with} atmosphere, using OтВВ
                                                   categorical states as com...

You may provide a definition with
\DeclareUnicodeCharacter 

[101] [102] [103]) (sections/clinical-validation.tex

! LaTeX Error: Unicode character тЙе (U+2265)
               not set up for use with LaTeX.

See the LaTeX manual or LaTeX Companion for explanation.
Type  H <return>  for immediate help.
 ...                                              
                                                  
l.16 ...pression Rating Scale (HAM-D-17) score тЙе
                                                   18 (moderate-severe)
You may provide a definition with
\DeclareUnicodeCharacter 


! LaTeX Error: Unicode character тЙе (U+2265)
               not set up for use with LaTeX.

See the LaTeX manual or LaTeX Companion for explanation.
Type  H <return>  for immediate help.
 ...                                              
                                                  
l.17 \item Medication-free for тЙе
                                   2 weeks (5 half-lives of previous medicat...

You may provide a definition with
\DeclareUnicodeCharacter 

[104]
Overfull \hbox (8.06651pt too wide) in paragraph at lines 40--41
[]\T1/cmr/m/n/12 Clinical Global Impression-Severity (CGI-S): Mean = 4.8 \TS1/c
mr/m/n/12 ▒ \T1/cmr/m/n/12 0.7 (moderately-markedly
 []


! LaTeX Error: Unicode character тБ║ (U+207A)
               not set up for use with LaTeX.

See the LaTeX manual or LaTeX Companion for explanation.
Type  H <return>  for immediate help.
 ...                                              
                                                  
l.62 HтБ║
          field coherence (40 THz) & 0.45 & 0.12 & 0.67 & -33\% \\
You may provide a definition with
\DeclareUnicodeCharacter 


! LaTeX Error: Unicode character тВВ (U+2082)
               not set up for use with LaTeX.

See the LaTeX manual or LaTeX Companion for explanation.
Type  H <return>  for immediate help.
 ...                                              
                                                  
l.63 OтВВ
          completion rate (Hz) & 1.8 & 0.4 & 2.5 & -28\% \\
You may provide a definition with
\DeclareUnicodeCharacter 


Overfull \hbox (3.53438pt too wide) in paragraph at lines 76--77
[]\T1/cmr/m/n/12 Interpretation: High S-entropy in-di-cates large dis-tance fro
m op-ti-mal state^^Vsubstantial
 []

! Missing $ inserted.
<inserted text> 
                $
l.82 \textbf{.trb file} (`depression_
                                     treatment.trb`): 8-phase protocol orche...
I've inserted a begin-math/end-math symbol since I think
you left one out. Proceed, with fingers crossed.

! Missing $ inserted.
<inserted text> 
                $
l.83 \begin{enumerate}
                      
I've inserted a begin-math/end-math symbol since I think
you left one out. Proceed, with fingers crossed.

! Missing \endgroup inserted.
<inserted text> 
                \endgroup 
l.83 \begin{enumerate}
                      
I've inserted something that you may have forgotten.
(See the <inserted text> above.)
With luck, this will get me unwedged. But if you
really didn't forget anything, try typing `2' now; then
my insertion and my current dilemma will both disappear.


Overfull \hbox (18.57791pt too wide) in paragraph at lines 82--83
\T1/cmr/bx/n/12 .trb file \T1/cmr/m/n/12 (`depression$[]\OML/cmm/m/it/12 reatme
nt:trb\OT1/cmr/m/n/12 `) : 8 \OMS/cmsy/m/n/12 ^^@ \OML/cmm/m/it/12 phaseprotoco
lorchestratingV\OT1/cmr/m/n/12 8\OML/cmm/m/it/12 intelligencenetwork$ 
 []

[105
pdfTeX warning (ext4): destination with the same identifier (name{table.1}) has
 been already used, duplicate ignored
<argument> ...shipout:D \box_use:N \l_shipout_box 
                                                  \__shipout_drop_firstpage_...
l.84 \item I
            nitialize V8 network]

! LaTeX Error: Lonely \item--perhaps a missing list environment.

See the LaTeX manual or LaTeX Companion for explanation.
Type  H <return>  for immediate help.
 ...                                              
                                                  
l.84 \item I
            nitialize V8 network
Try typing  <return>  to proceed.
If that doesn't work, type  X <return>  to quit.


Underfull \hbox (badness 10000) detected at line 84
[][]
 []


! LaTeX Error: Lonely \item--perhaps a missing list environment.

See the LaTeX manual or LaTeX Companion for explanation.
Type  H <return>  for immediate help.
 ...                                              
                                                  
l.85 \item L
            oad resources from .ghd
Try typing  <return>  to proceed.
If that doesn't work, type  X <return>  to quit.


Underfull \hbox (badness 10000) detected at line 85
[][]
 []


! LaTeX Error: Lonely \item--perhaps a missing list environment.

See the LaTeX manual or LaTeX Companion for explanation.
Type  H <return>  for immediate help.
 ...                                              
                                                  
l.86 \item S
            emantic interpretation of MEG data (Mzekezeke)
Try typing  <return>  to proceed.
If that doesn't work, type  X <return>  to quit.


Underfull \hbox (badness 10000) detected at line 86
[][]
 []


! LaTeX Error: Lonely \item--perhaps a missing list environment.

See the LaTeX manual or LaTeX Companion for explanation.
Type  H <return>  for immediate help.
 ...                                              
                                                  
l.87 \item D
            elegate numerical computation to Python workers
Try typing  <return>  to proceed.
If that doesn't work, type  X <return>  to quit.


Underfull \hbox (badness 10000) detected at line 87
[][]
 []


! LaTeX Error: Lonely \item--perhaps a missing list environment.

See the LaTeX manual or LaTeX Companion for explanation.
Type  H <return>  for immediate help.
 ...                                              
                                                  
l.88 \item B
            ayesian evidence integration (Resolution)
Try typing  <return>  to proceed.
If that doesn't work, type  X <return>  to quit.


Underfull \hbox (badness 10000) detected at line 88
[][]
 []


! LaTeX Error: Lonely \item--perhaps a missing list environment.

See the LaTeX manual or LaTeX Companion for explanation.
Type  H <return>  for immediate help.
 ...                                              
                                                  
l.89 \item D
            ream-state creative exploration (Champagne)
Try typing  <return>  to proceed.
If that doesn't work, type  X <return>  to quit.


Underfull \hbox (badness 10000) detected at line 89
[][]
 []


! LaTeX Error: Lonely \item--perhaps a missing list environment.

See the LaTeX manual or LaTeX Companion for explanation.
Type  H <return>  for immediate help.
 ...                                              
                                                  
l.90 \item M
            ulti-expert consensus (all V8 modules)
Try typing  <return>  to proceed.
If that doesn't work, type  X <return>  to quit.


Underfull \hbox (badness 10000) detected at line 90
[][]
 []


! LaTeX Error: Lonely \item--perhaps a missing list environment.

See the LaTeX manual or LaTeX Companion for explanation.
Type  H <return>  for immediate help.
 ...                                              
                                                  
l.91 \item A
            uthenticity validation (Pungwe)
Try typing  <return>  to proceed.
If that doesn't work, type  X <return>  to quit.


Underfull \hbox (badness 10000) detected at line 91
[][]
 []


! LaTeX Error: \begin{document} ended by \end{enumerate}.

See the LaTeX manual or LaTeX Companion for explanation.
Type  H <return>  for immediate help.
 ...                                              
                                                  
l.92 \end{enumerate}
                    
Your command was ignored.
Type  I <command> <return>  to replace it with another command,
or  <return>  to continue without it.

! Extra \endgroup.
<recently read> \endgroup 
                          
l.92 \end{enumerate}
                    
Things are pretty mixed up, but I think the worst is over.

! Missing $ inserted.
<inserted text> 
                $
l.94 \textbf{.fs file} (`depression_
                                    treatment.fs`): Real-time monitoring das...
I've inserted a begin-math/end-math symbol since I think
you left one out. Proceed, with fingers crossed.

! Missing $ inserted.
<inserted text> 
                $
l.95 \begin{itemize}
                    
I've inserted a begin-math/end-math symbol since I think
you left one out. Proceed, with fingers crossed.

! Missing } inserted.
<inserted text> 
                }
l.95 \begin{itemize}
                    
I've inserted something that you may have forgotten.
(See the <inserted text> above.)
With luck, this will get me unwedged. But if you
really didn't forget anything, try typing `2' now; then
my insertion and my current dilemma will both disappear.

! Missing \endgroup inserted.
<inserted text> 
                \endgroup 
l.95 \begin{itemize}
                    
I've inserted something that you may have forgotten.
(See the <inserted text> above.)
With luck, this will get me unwedged. But if you
really didn't forget anything, try typing `2' now; then
my insertion and my current dilemma will both disappear.

! Too many }'s.
\@par ... \@noitemerr {\@@par }\fi \else {\@@par }
                                                  \fi 
l.95 \begin{itemize}
                    
You've closed more groups than you opened.
Such booboos are generally harmless, so keep going.


! LaTeX Error: Lonely \item--perhaps a missing list environment.

See the LaTeX manual or LaTeX Companion for explanation.
Type  H <return>  for immediate help.
 ...                                              
                                                  
l.96 \item O
            scillatory dynamics visualization (40 Hz update)
Try typing  <return>  to proceed.
If that doesn't work, type  X <return>  to quit.


Underfull \hbox (badness 10000) detected at line 96
[][]
 []


! LaTeX Error: Lonely \item--perhaps a missing list environment.

See the LaTeX manual or LaTeX Companion for explanation.
Type  H <return>  for immediate help.
 ...                                              
                                                  
l.97 \item S
            -entropy trajectory (10 Hz update)
Try typing  <return>  to proceed.
If that doesn't work, type  X <return>  to quit.


Underfull \hbox (badness 10000) detected at line 97
[][]
 []


! LaTeX Error: Lonely \item--perhaps a missing list environment.

See the LaTeX manual or LaTeX Companion for explanation.
Type  H <return>  for immediate help.
 ...                                              
                                                  
l.98 \item V
            8 network activity (5 Hz update)
Try typing  <return>  to proceed.
If that doesn't work, type  X <return>  to quit.


Underfull \hbox (badness 10000) detected at line 98
[][]
 []


! LaTeX Error: Lonely \item--perhaps a missing list environment.

See the LaTeX manual or LaTeX Companion for explanation.
Type  H <return>  for immediate help.
 ...                                              
                                                  
l.99 \item A
            uthenticity dashboard (1 Hz update)
Try typing  <return>  to proceed.
If that doesn't work, type  X <return>  to quit.


Underfull \hbox (badness 10000) detected at line 99
[][]
 []


! LaTeX Error: \begin{document} ended by \end{itemize}.

See the LaTeX manual or LaTeX Companion for explanation.
Type  H <return>  for immediate help.
 ...                                              
                                                  
l.100 \end{itemize}
                   
Your command was ignored.
Type  I <command> <return>  to replace it with another command,
or  <return>  to continue without it.

! Extra \endgroup.
<recently read> \endgroup 
                          
l.100 \end{itemize}
                   
Things are pretty mixed up, but I think the worst is over.

! Missing $ inserted.
<inserted text> 
                $
l.102 \textbf{.ghd file} (`depression_
                                      treatment.ghd`): Resource network incl...
I've inserted a begin-math/end-math symbol since I think
you left one out. Proceed, with fingers crossed.

! Missing $ inserted.
<inserted text> 
                $
l.103 \begin{itemize}
                     
I've inserted a begin-math/end-math symbol since I think
you left one out. Proceed, with fingers crossed.

! Missing } inserted.
<inserted text> 
                }
l.103 \begin{itemize}
                     
I've inserted something that you may have forgotten.
(See the <inserted text> above.)
With luck, this will get me unwedged. But if you
really didn't forget anything, try typing `2' now; then
my insertion and my current dilemma will both disappear.

! Missing \endgroup inserted.
<inserted text> 
                \endgroup 
l.103 \begin{itemize}
                     
I've inserted something that you may have forgotten.
(See the <inserted text> above.)
With luck, this will get me unwedged. But if you
really didn't forget anything, try typing `2' now; then
my insertion and my current dilemma will both disappear.

! Too many }'s.
\@par ... \@noitemerr {\@@par }\fi \else {\@@par }
                                                  \fi 
l.103 \begin{itemize}
                     
You've closed more groups than you opened.
Such booboos are generally harmless, so keep going.


! LaTeX Error: Lonely \item--perhaps a missing list environment.

See the LaTeX manual or LaTeX Companion for explanation.
Type  H <return>  for immediate help.
 ...                                              
                                                  
l.104 \item M
             EG/EEG database (PostgreSQL)
Try typing  <return>  to proceed.
If that doesn't work, type  X <return>  to quit.


Underfull \hbox (badness 10000) detected at line 104
[][]
 []


! LaTeX Error: Lonely \item--perhaps a missing list environment.

See the LaTeX manual or LaTeX Companion for explanation.
Type  H <return>  for immediate help.
 ...                                              
                                                  
l.105 \item N
             eurotransmitter database (REST API)
Try typing  <return>  to proceed.
If that doesn't work, type  X <return>  to quit.


Underfull \hbox (badness 10000) detected at line 105
[][]
 []


! LaTeX Error: Lonely \item--perhaps a missing list environment.

See the LaTeX manual or LaTeX Companion for explanation.
Type  H <return>  for immediate help.
 ...                                              
                                                  
l.106 \item G
             enetic database (AWS S3/Athena)
Try typing  <return>  to proceed.
If that doesn't work, type  X <return>  to quit.


Underfull \hbox (badness 10000) detected at line 106
[][]
 []


! LaTeX Error: Lonely \item--perhaps a missing list environment.

See the LaTeX manual or LaTeX Companion for explanation.
Type  H <return>  for immediate help.
 ...                                              
                                                  
l.107 \item P
             ython/R/Julia computational workers
Try typing  <return>  to proceed.
If that doesn't work, type  X <return>  to quit.


Underfull \hbox (badness 10000) detected at line 107
[][]
 []


! LaTeX Error: Lonely \item--perhaps a missing list environment.

See the LaTeX manual or LaTeX Companion for explanation.
Type  H <return>  for immediate help.
 ...                                              
                                                  
l.108 \item V
             8 module APIs (8 microservices)
Try typing  <return>  to proceed.
If that doesn't work, type  X <return>  to quit.


Underfull \hbox (badness 10000) detected at line 108
[][]
 []


! LaTeX Error: Lonely \item--perhaps a missing list environment.

See the LaTeX manual or LaTeX Companion for explanation.
Type  H <return>  for immediate help.
 ...                                              
                                                  
l.109 \item C
             linical integration (FHIR EHR system)
Try typing  <return>  to proceed.
If that doesn't work, type  X <return>  to quit.


Underfull \hbox (badness 10000) detected at line 109
[][]
 []


! LaTeX Error: \begin{document} ended by \end{itemize}.

See the LaTeX manual or LaTeX Companion for explanation.
Type  H <return>  for immediate help.
 ...                                              
                                                  
l.110 \end{itemize}
                   
Your command was ignored.
Type  I <command> <return>  to replace it with another command,
or  <return>  to continue without it.

! Extra \endgroup.
<recently read> \endgroup 
                          
l.110 \end{itemize}
                   
Things are pretty mixed up, but I think the worst is over.

! Missing $ inserted.
<inserted text> 
                $
l.112 \textbf{.hre file} (`depression_
                                      treatment.hre`): Metacognitive decisio...
I've inserted a begin-math/end-math symbol since I think
you left one out. Proceed, with fingers crossed.

! Missing $ inserted.
<inserted text> 
                $
l.113 \begin{itemize}
                     
I've inserted a begin-math/end-math symbol since I think
you left one out. Proceed, with fingers crossed.

! Missing } inserted.
<inserted text> 
                }
l.113 \begin{itemize}
                     
I've inserted something that you may have forgotten.
(See the <inserted text> above.)
With luck, this will get me unwedged. But if you
really didn't forget anything, try typing `2' now; then
my insertion and my current dilemma will both disappear.

! Missing \endgroup inserted.
<inserted text> 
                \endgroup 
l.113 \begin{itemize}
                     
I've inserted something that you may have forgotten.
(See the <inserted text> above.)
With luck, this will get me unwedged. But if you
really didn't forget anything, try typing `2' now; then
my insertion and my current dilemma will both disappear.


Overfull \hbox (24.51175pt too wide) in paragraph at lines 112--113
[]\T1/cmr/bx/n/12 .hre file \T1/cmr/m/n/12 (`depression$[]\OML/cmm/m/it/12 reat
ment:hre\OT1/cmr/m/n/12 `) : \OML/cmm/m/it/12 Metacognitivedecisionlogcapturing
 \OT1/cmr/m/n/12 :
 []

! Too many }'s.
\@par ... \@noitemerr {\@@par }\fi \else {\@@par }
                                                  \fi 
l.113 \begin{itemize}
                     
You've closed more groups than you opened.
Such booboos are generally harmless, so keep going.


! LaTeX Error: Lonely \item--perhaps a missing list environment.

See the LaTeX manual or LaTeX Companion for explanation.
Type  H <return>  for immediate help.
 ...                                              
                                                  
l.114 \item S
             cientific hypothesis and predictions
Try typing  <return>  to proceed.
If that doesn't work, type  X <return>  to quit.


Underfull \hbox (badness 10000) detected at line 114
[][]
 []


! LaTeX Error: Lonely \item--perhaps a missing list environment.

See the LaTeX manual or LaTeX Companion for explanation.
Type  H <return>  for immediate help.
 ...                                              
                                                  
l.115 \item D
             etailed decision rationale for each phase
Try typing  <return>  to proceed.
If that doesn't work, type  X <return>  to quit.


Underfull \hbox (badness 10000) detected at line 115
[][]
 []


! LaTeX Error: Lonely \item--perhaps a missing list environment.

See the LaTeX manual or LaTeX Companion for explanation.
Type  H <return>  for immediate help.
 ...                                              
                                                  
l.116 \item C
             onfidence evolution timeline
Try typing  <return>  to proceed.
If that doesn't work, type  X <return>  to quit.


Underfull \hbox (badness 10000) detected at line 116
[][]
 []


! LaTeX Error: Lonely \item--perhaps a missing list environment.

See the LaTeX manual or LaTeX Companion for explanation.
Type  H <return>  for immediate help.
 ...                                              
                                                  
l.117 \item S
             uccessful/failure pattern identification
Try typing  <return>  to proceed.
If that doesn't work, type  X <return>  to quit.


Underfull \hbox (badness 10000) detected at line 117
[][]
 []


! LaTeX Error: Lonely \item--perhaps a missing list environment.

See the LaTeX manual or LaTeX Companion for explanation.
Type  H <return>  for immediate help.
 ...                                              
                                                  
l.118 \item S
             ession outcomes and recommendations
Try typing  <return>  to proceed.
If that doesn't work, type  X <return>  to quit.


Underfull \hbox (badness 10000) detected at line 118
[][]
 []


! LaTeX Error: \begin{document} ended by \end{itemize}.

See the LaTeX manual or LaTeX Companion for explanation.
Type  H <return>  for immediate help.
 ...                                              
                                                  
l.119 \end{itemize}
                   
Your command was ignored.
Type  I <command> <return>  to replace it with another command,
or  <return>  to continue without it.

! Extra \endgroup.
<recently read> \endgroup 
                          
l.119 \end{itemize}
                   
Things are pretty mixed up, but I think the worst is over.

[106]
Overfull \hbox (21.48535pt too wide) in paragraph at lines 139--140
[]\T1/cmr/bx/n/12 Genetic pro-file\T1/cmr/m/n/12 : CYP2D6 nor-mal me-tab-o-lize
r, HT-TLPR short/short
 []

[107]

! LaTeX Error: Unicode character тЙе (U+2265)
               not set up for use with LaTeX.

See the LaTeX manual or LaTeX Companion for explanation.
Type  H <return>  for immediate help.
 ...                                              
                                                  
l.184 \item Response (тЙе
                         50\% HAM-D reduction): 35/42 patients (83\%)
You may provide a definition with
\DeclareUnicodeCharacter 


! LaTeX Error: Unicode character тЙд (U+2264)
               not set up for use with LaTeX.

See the LaTeX manual or LaTeX Companion for explanation.
Type  H <return>  for immediate help.
 ...                                              
                                                  
l.185 \item Remission (HAM-D тЙд
                                 7): 24/42 patients (57\%)
You may provide a definition with
\DeclareUnicodeCharacter 


! LaTeX Error: Unicode character тЙИ (U+2248)
               not set up for use with LaTeX.

See the LaTeX manual or LaTeX Companion for explanation.
Type  H <return>  for immediate help.
 ...                                              
                                                  
l.192 ...ndard SSRI monotherapy: Response rate тЙИ
                                                   60-65\%, Remission rate т...

You may provide a definition with
\DeclareUnicodeCharacter 


! LaTeX Error: Unicode character тЙИ (U+2248)
               not set up for use with LaTeX.

See the LaTeX manual or LaTeX Companion for explanation.
Type  H <return>  for immediate help.
 ...                                              
                                                  
l.192 ...onse rate тЙИ 60-65\%, Remission rate тЙИ
                                                   35-40\%
You may provide a definition with
\DeclareUnicodeCharacter 


! LaTeX Error: Unicode character тБ║ (U+207A)
               not set up for use with LaTeX.

See the LaTeX manual or LaTeX Companion for explanation.
Type  H <return>  for immediate help.
 ...                                              
                                                  
l.209 HтБ║
           coherence & 0.45┬▒0.12 & 0.69┬▒0.09 & +0.24 & +53\% & <0.001 \\
You may provide a definition with
\DeclareUnicodeCharacter 


! LaTeX Error: Unicode character тВВ (U+2082)
               not set up for use with LaTeX.

See the LaTeX manual or LaTeX Companion for explanation.
Type  H <return>  for immediate help.
 ...                                              
                                                  
l.210 OтВВ
           completion rate & 1.8┬▒0.4 & 2.4┬▒0.3 & +0.6 Hz & +33\% & <0.001 \\
You may provide a definition with
\DeclareUnicodeCharacter 

[108
pdfTeX warning (ext4): destination with the same identifier (name{table.2}) has
 been already used, duplicate ignored
<argument> ...shipout:D \box_use:N \l_shipout_box 
                                                  \__shipout_drop_firstpage_...
l.246 
      
pdfTeX warning (ext4): destination with the same identifier (name{table.3}) has
 been already used, duplicate ignored
<argument> ...shipout:D \box_use:N \l_shipout_box 
                                                  \__shipout_drop_firstpage_...
l.246 
      ]
Overfull \hbox (22.36137pt too wide) in paragraph at lines 249--250
\T1/cmr/m/n/12 na-tion, cor-re-lat-ing with clin-i-cal non-response^^Vsuggestin
g S-navigation
 []

[109
pdfTeX warning (ext4): destination with the same identifier (name{table.4}) has
 been already used, duplicate ignored
<argument> ...shipout:D \box_use:N \l_shipout_box 
                                                  \__shipout_drop_firstpage_...
l.281 \item M
             oderate authenticity (0.7-0.9): 6/42 patients (14\%)] [110
pdfTeX warning (ext4): destination with the same identifier (name{table.5}) has
 been already used, duplicate ignored
<argument> ...shipout:D \box_use:N \l_shipout_box 
                                                  \__shipout_drop_firstpage_...
l.331 \item M
             etacognitive authenticity validation]
Overfull \hbox (1.54564pt too wide) in paragraph at lines 353--354
[]\T1/cmr/m/n/12 Pungwe anal-y-sis: De-tected goal con-fu-sion (au-then-tic-ity
 score
 []

[111]
Overfull \hbox (31.95493pt too wide) in paragraph at lines 406--407
\T1/cmr/m/n/12 plex-ity^^VO(1) com-plex-ity due to ther-mo-dy-namic com-pu-ta-t
ion paradigm. 
 []

[112
pdfTeX warning (ext4): destination with the same identifier (name{table.6}) has
 been already used, duplicate ignored
<argument> ...shipout:D \box_use:N \l_shipout_box 
                                                  \__shipout_drop_firstpage_...
l.417 
      
pdfTeX warning (ext4): destination with the same identifier (name{table.7}) has
 been already used, duplicate ignored
<argument> ...shipout:D \box_use:N \l_shipout_box 
                                                  \__shipout_drop_firstpage_...
l.417 
      ] [113]
Overfull \hbox (5.22667pt too wide) in paragraph at lines 450--451
[]\T1/cmr/m/n/12 Randomized con-trolled trial com-par-ing Kwasa-Kwasa to stan-
 []

)
Overfull \hbox (35.51073pt too wide) in paragraph at lines 108--109
\T1/cmr/m/n/12 un-der-stand-ing emerges from in-for-ma-tion cat-a-lysts ($\OMS/
cmsy/m/n/12 C \OT1/cmr/m/n/12 = [][] \OMS/cmsy/m/n/12 ^^N [][]$\T1/cmr/m/n/12 )

 []


Overfull \hbox (17.14067pt too wide) in paragraph at lines 110--111
[]\T1/cmr/m/n/12 The Tur-bu-lance lan-guage re-al-izes this the-ory through thr
ee paradigms
 []


Overfull \hbox (3.4425pt too wide) in paragraph at lines 113--114
\T1/cmr/m/n/12 sure-ments through ex-plicit cer-tainty rep-re-sen-ta-tion and p
rop-
 []

[114]
Overfull \hbox (2.6158pt too wide) in paragraph at lines 115--116
\T1/cmr/m/n/12 and con-tentions (chal-leng-ing ev-i-dence). The res-o-lu-tion m
ech-
 []


Overfull \hbox (12.47032pt too wide) in paragraph at lines 115--116
\T1/cmr/m/n/12 dence bounds and ac-tion-able rec-om-men-da-tions. This paradigm

 []


Overfull \hbox (0.37508pt too wide) in paragraph at lines 115--116
\T1/cmr/m/n/12 for-mal-izes how bi-o-log-i-cal sys-tems achieve ro-bust un-der-
stand-
 []


Overfull \hbox (1.89412pt too wide) in paragraph at lines 117--118
[]\T1/cmr/bx/n/12 BMDs \T1/cmr/m/n/12 pro-vide ex-plicit com-pu-ta-tional prim-
i-tives for thought
 []


Overfull \hbox (16.56801pt too wide) in paragraph at lines 117--118
\T1/cmr/m/n/12 core bi-o-log-i-cal Maxwell's de-mon op-er-a-tion. The BMD parad
igm
 []


Overfull \hbox (2.931pt too wide) in paragraph at lines 122--123
\T1/cmr/m/n/12 ple spe-cial-ized func-tions. The eight mod-ules^^VMzekezeke, Ze
ngeza,
 []


Overfull \hbox (45.32117pt too wide) in paragraph at lines 122--123
\T1/cmr/m/n/12 Dig-gi-den, Spec-tac-u-lar, Hatata, Cham-pagne, Nico-tine, Pungw
e^^Vimplement
 []

[115]
Overfull \hbox (14.21071pt too wide) in paragraph at lines 127--128
\T1/cmr/m/n/12 terns as se-man-tic con-tent, en-abling sig-nal en-hance-ment th
rough
 []


Overfull \hbox (3.3772pt too wide) in paragraph at lines 131--132
\T1/cmr/m/n/12 di-nary find-ings that chal-lenge cur-rent the-o-ret-i-cal frame
-works,
 []


Overfull \hbox (2.50104pt too wide) in paragraph at lines 139--140
[]\T1/cmr/bx/n/12 Metacognitive au-then-tic-ity val-i-da-tion \T1/cmr/m/n/12 (P
ungwe) de-tects
 []


Overfull \hbox (29.67072pt too wide) in paragraph at lines 142--143
\T1/cmr/m/n/12 in-for-ma-tion catal-y-sis func-tions: se-man-tic data un-der-st
and-ing (Zengeza),
 []


Overfull \hbox (9.5354pt too wide) in paragraph at lines 142--143
\T1/cmr/m/n/12 (Di-adochi), paradigm shift as-sess-ment (Spec-tac-u-lar), con-t
ext preser-
 []

[116]
Overfull \hbox (52.79323pt too wide) in paragraph at lines 149--150
\T1/cmr/m/n/12 by travers-ing tri-dimensional S-entropy space $\OT1/cmr/m/n/12 
(\OML/cmm/m/it/12 S[]; S[]; S[]\OT1/cmr/m/n/12 )$\T1/cmr/m/n/12 ,
 []


Overfull \hbox (1.31055pt too wide) in paragraph at lines 149--150
\T1/cmr/m/n/12 en-tropy nav-i-ga-tion dis-tance. So-lu-tions emerge through ali
gn-
 []


Overfull \hbox (11.79594pt too wide) in paragraph at lines 149--150
\T1/cmr/m/n/12 nat-u-rally evolve to-ward con-fig-u-ra-tions that min-i-mize S-
entropy
 []


Overfull \hbox (7.74974pt too wide) in paragraph at lines 151--152
\T1/cmr/m/n/12 ground-ing mech-a-nism cre-ates pos-i-tive charge holes in elect
ron-
 []


Overfull \hbox (4.35612pt too wide) in paragraph at lines 151--152
\T1/cmr/m/n/12 glob-ally nec-es-sary through tar-geted prob-a-bil-ity en-hance-
ment. 
 []


Overfull \hbox (55.92775pt too wide) in paragraph at lines 153--154
\T1/cmr/m/n/12 for-mu-la-tion, se-man-tic in-for-ma-tion value $\OML/cmm/m/it/1
2 V\OT1/cmr/m/n/12 (\OML/cmm/m/it/12 I\OT1/cmr/m/n/12 ) = [][](\OML/cmm/m/it/12
 P[]=P[]\OT1/cmr/m/n/12 )$\T1/cmr/m/n/12 ,
 []


Overfull \hbox (5.65176pt too wide) in paragraph at lines 153--154
\T1/cmr/m/n/12 mea-sure of in-for-ma-tion qual-ity guides BMD op-er-a-tions, wh
ere
 []


Overfull \hbox (2.78983pt too wide) in paragraph at lines 155--156
\T1/cmr/m/n/12 com-pu-ta-tion that ex-tends be-yond or-gan-is-mal bound-aries i
nto
 []


Overfull \hbox (1.44098pt too wide) in paragraph at lines 155--156
\T1/cmr/m/n/12 en-vi-ron-men-tal in-for-ma-tion pro-cess-ing. This dis-tributed
 com-
 []

[117]
Overfull \hbox (11.20163pt too wide) in paragraph at lines 164--165
[]\T1/cmr/m/n/12 The hy-brid symbolic-thermodynamic com-pu-ta-tional paradigm o
pens
 []


Overfull \hbox (12.05023pt too wide) in paragraph at lines 164--165
\T1/cmr/m/n/12 four-file ex-e-cu-tion ar-chi-tec-ture, and three core Tur-bu-la
nce paradigms
 []


Overfull \hbox (6.92491pt too wide) in paragraph at lines 164--165
\T1/cmr/m/n/12 tran-si-tion ma-chines to in-for-ma-tion catal-y-sis net-works, 
from Boolean
 []

[118] (hybrid-symbolic-thermodynamic-computing.bbl)

Package natbib Warning: There were undefined citations.

[119] (hybrid-symbolic-thermodynamic-computing.aux)
 ***********
LaTeX2e <2023-11-01> patch level 1
L3 programming layer <2024-01-04>
 ***********
Package rerunfilecheck Info: File `hybrid-symbolic-thermodynamic-computing.out'
 has not changed.
(rerunfilecheck)             Checksum: C96D675E97B664AE820ED9F13354475B;36206.
 ) 
Here is how much of TeX's memory you used:
 26688 strings out of 474486
 501288 string characters out of 5743283
 1944542 words of memory out of 5000000
 47769 multiletter control sequences out of 15000+600000
 587676 words of font info for 108 fonts, out of 8000000 for 9000
 1141 hyphenation exceptions out of 8191
 84i,18n,93p,1056b,682s stack positions out of 10000i,1000n,20000p,200000b,200000s
 <C:\Users\kundai\AppData\Local\MiKTeX\fonts/pk/ljfour/jknappen/ec/dpi600\tct
t1200.pk> <C:\Users\kundai\AppData\Local\MiKTeX\fonts/pk/ljfour/jknappen/ec/dpi
600\ecit1200.pk> <C:\Users\kundai\AppData\Local\MiKTeX\fonts/pk/ljfour/jknappen
/ec/dpi600\tcbx1440.pk> <C:\Users\kundai\AppData\Local\MiKTeX\fonts/pk/ljfour/j
knappen/ec/dpi600\tcti1200.pk> <C:\Users\kundai\AppData\Local\MiKTeX\fonts/pk/l
jfour/jknappen/ec/dpi600\ecti0600.pk> <C:\Users\kundai\AppData\Local\MiKTeX\fon
ts/pk/ljfour/jknappen/ec/dpi600\ecbx1000.pk> <C:\Users\kundai\AppData\Local\MiK
TeX\fonts/pk/ljfour/jknappen/ec/dpi600\ecbi1200.pk> <C:\Users\kundai\AppData\Lo
cal\MiKTeX\fonts/pk/ljfour/jknappen/ec/dpi600\ecbx0800.pk> <C:\Users\kundai\App
Data\Local\MiKTeX\fonts/pk/ljfour/jknappen/ec/dpi600\ecti0800.pk> <C:\Users\kun
dai\AppData\Local\MiKTeX\fonts/pk/ljfour/jknappen/ec/dpi600\ecrm0600.pk> <C:\Us
ers\kundai\AppData\Local\MiKTeX\fonts/pk/ljfour/jknappen/ec/dpi600\ectt1200.pk>
 <C:\Users\kundai\AppData\Local\MiKTeX\fonts/pk/ljfour/jknappen/ec/dpi600\ecti1
200.pk> <C:\Users\kundai\AppData\Local\MiKTeX\fonts/pk/ljfour/jknappen/ec/dpi60
0\ecbx1440.pk> <C:\Users\kundai\AppData\Local\MiKTeX\fonts/pk/ljfour/jknappen/e
c/dpi600\tcrm1200.pk> <C:\Users\kundai\AppData\Local\MiKTeX\fonts/pk/ljfour/jkn
appen/ec/dpi600\ecbx1200.pk> <C:\Users\kundai\AppData\Local\MiKTeX\fonts/pk/ljf
our/jknappen/ec/dpi600\ecbx1728.pk> <C:\Users\kundai\AppData\Local\MiKTeX\fonts
/pk/ljfour/jknappen/ec/dpi600\ecrm1200.pk> <C:\Users\kundai\AppData\Local\MiKTe
X\fonts/pk/ljfour/jknappen/ec/dpi600\ectt1095.pk> <C:\Users\kundai\AppData\Loca
l\MiKTeX\fonts/pk/ljfour/jknappen/ec/dpi600\ecti1095.pk> <C:\Users\kundai\AppDa
ta\Local\MiKTeX\fonts/pk/ljfour/jknappen/ec/dpi600\ecrm0800.pk> <C:\Users\kunda
i\AppData\Local\MiKTeX\fonts/pk/ljfour/jknappen/ec/dpi600\ecrm1095.pk> <C:\User
s\kundai\AppData\Local\MiKTeX\fonts/pk/ljfour/jknappen/ec/dpi600\ecbx1095.pk> <
C:\Users\kundai\AppData\Local\MiKTeX\fonts/pk/ljfour/jknappen/ec/dpi600\ecti144
0.pk> <C:\Users\kundai\AppData\Local\MiKTeX\fonts/pk/ljfour/jknappen/ec/dpi600\
ectt1440.pk> <C:\Users\kundai\AppData\Local\MiKTeX\fonts/pk/ljfour/jknappen/ec/
dpi600\ecrm1440.pk> <C:\Users\kundai\AppData\Local\MiKTeX\fonts/pk/ljfour/jknap
pen/ec/dpi600\ecbx2074.pk><C:/Users/kundai/AppData/Local/Programs/MiKTeX/fonts/
type1/public/amsfonts/cm/cmbx12.pfb><C:/Users/kundai/AppData/Local/Programs/MiK
TeX/fonts/type1/public/amsfonts/cm/cmbx8.pfb><C:/Users/kundai/AppData/Local/Pro
grams/MiKTeX/fonts/type1/public/amsfonts/cm/cmex10.pfb><C:/Users/kundai/AppData
/Local/Programs/MiKTeX/fonts/type1/public/amsfonts/cm/cmmi10.pfb><C:/Users/kund
ai/AppData/Local/Programs/MiKTeX/fonts/type1/public/amsfonts/cm/cmmi12.pfb><C:/
Users/kundai/AppData/Local/Programs/MiKTeX/fonts/type1/public/amsfonts/cm/cmmi6
.pfb><C:/Users/kundai/AppData/Local/Programs/MiKTeX/fonts/type1/public/amsfonts
/cm/cmmi8.pfb><C:/Users/kundai/AppData/Local/Programs/MiKTeX/fonts/type1/public
/amsfonts/cm/cmr10.pfb><C:/Users/kundai/AppData/Local/Programs/MiKTeX/fonts/typ
e1/public/amsfonts/cm/cmr12.pfb><C:/Users/kundai/AppData/Local/Programs/MiKTeX/
fonts/type1/public/amsfonts/cm/cmr6.pfb><C:/Users/kundai/AppData/Local/Programs
/MiKTeX/fonts/type1/public/amsfonts/cm/cmr8.pfb><C:/Users/kundai/AppData/Local/
Programs/MiKTeX/fonts/type1/public/amsfonts/cm/cmsy10.pfb><C:/Users/kundai/AppD
ata/Local/Programs/MiKTeX/fonts/type1/public/amsfonts/cm/cmsy8.pfb><C:/Users/ku
ndai/AppData/Local/Programs/MiKTeX/fonts/type1/public/amsfonts/symbols/msam10.p
fb><C:/Users/kundai/AppData/Local/Programs/MiKTeX/fonts/type1/public/amsfonts/s
ymbols/msbm10.pfb>
Output written on hybrid-symbolic-thermodynamic-computing.pdf (119 pages, 95597
3 bytes).
PDF statistics:
 2796 PDF objects out of 2984 (max. 8388607)
 725 named destinations out of 1000 (max. 500000)
 1061 words of extra memory for PDF output out of 10000 (max. 10000000)

