\BOOKMARK [1][-]{section.1}{\376\377\000I\000n\000t\000r\000o\000d\000u\000c\000t\000i\000o\000n}{}% 1
\BOOKMARK [2][-]{subsection.1.1}{\376\377\000M\000o\000t\000i\000v\000a\000t\000i\000o\000n\000\040\000a\000n\000d\000\040\000V\000i\000s\000i\000o\000n}{section.1}% 2
\BOOKMARK [2][-]{subsection.1.2}{\376\377\000P\000h\000i\000l\000o\000s\000o\000p\000h\000i\000c\000a\000l\000\040\000F\000o\000u\000n\000d\000a\000t\000i\000o\000n}{section.1}% 3
\BOOKMARK [2][-]{subsection.1.3}{\376\377\000C\000o\000r\000e\000\040\000C\000o\000n\000t\000r\000i\000b\000u\000t\000i\000o\000n\000s}{section.1}% 4
\BOOKMARK [2][-]{subsection.1.4}{\376\377\000T\000e\000c\000h\000n\000i\000c\000a\000l\000\040\000A\000r\000c\000h\000i\000t\000e\000c\000t\000u\000r\000e\000\040\000O\000v\000e\000r\000v\000i\000e\000w}{section.1}% 5
\BOOKMARK [1][-]{section.2}{\376\377\000T\000h\000e\000o\000r\000e\000t\000i\000c\000a\000l\000\040\000F\000o\000u\000n\000d\000a\000t\000i\000o\000n\000s}{}% 6
\BOOKMARK [2][-]{subsection.2.1}{\376\377\000B\000i\000o\000l\000o\000g\000i\000c\000a\000l\000\040\000M\000a\000x\000w\000e\000l\000l\000'\000s\000\040\000D\000e\000m\000o\000n\000s\000\040\000a\000n\000d\000\040\000I\000n\000f\000o\000r\000m\000a\000t\000i\000o\000n\000\040\000C\000a\000t\000a\000l\000y\000s\000i\000s}{section.2}% 7
\BOOKMARK [3][-]{subsubsection.2.1.1}{\376\377\000C\000o\000n\000c\000e\000p\000t\000u\000a\000l\000\040\000F\000r\000a\000m\000e\000w\000o\000r\000k}{subsection.2.1}% 8
\BOOKMARK [3][-]{subsubsection.2.1.2}{\376\377\000M\000u\000l\000t\000i\000-\000S\000c\000a\000l\000e\000\040\000S\000e\000m\000a\000n\000t\000i\000c\000\040\000A\000r\000c\000h\000i\000t\000e\000c\000t\000u\000r\000e}{subsection.2.1}% 9
\BOOKMARK [3][-]{subsubsection.2.1.3}{\376\377\000C\000r\000o\000s\000s\000-\000M\000o\000d\000a\000l\000\040\000S\000e\000m\000a\000n\000t\000i\000c\000\040\000B\000M\000D\000\040\000N\000e\000t\000w\000o\000r\000k\000s}{subsection.2.1}% 10
\BOOKMARK [2][-]{subsection.2.2}{\376\377\000I\000n\000f\000o\000r\000m\000a\000t\000i\000o\000n\000-\000T\000h\000e\000o\000r\000e\000t\000i\000c\000\040\000F\000o\000u\000n\000d\000a\000t\000i\000o\000n\000s}{section.2}% 11
\BOOKMARK [3][-]{subsubsection.2.2.1}{\376\377\000E\000n\000t\000r\000o\000p\000y\000\040\000a\000n\000d\000\040\000S\000e\000m\000a\000n\000t\000i\000c\000\040\000O\000r\000g\000a\000n\000i\000z\000a\000t\000i\000o\000n}{subsection.2.2}% 12
\BOOKMARK [3][-]{subsubsection.2.2.2}{\376\377\000T\000h\000e\000r\000m\000o\000d\000y\000n\000a\000m\000i\000c\000\040\000C\000o\000n\000s\000t\000r\000a\000i\000n\000t\000s}{subsection.2.2}% 13
\BOOKMARK [1][-]{section.3}{\376\377\000R\000e\000v\000o\000l\000u\000t\000i\000o\000n\000a\000r\000y\000\040\000P\000a\000r\000a\000d\000i\000g\000m\000s}{}% 14
\BOOKMARK [2][-]{subsection.3.1}{\376\377\000P\000o\000i\000n\000t\000s\000\040\000a\000n\000d\000\040\000R\000e\000s\000o\000l\000u\000t\000i\000o\000n\000s\000:\000\040\000P\000r\000o\000b\000a\000b\000i\000l\000i\000s\000t\000i\000c\000\040\000L\000a\000n\000g\000u\000a\000g\000e\000\040\000P\000r\000o\000c\000e\000s\000s\000i\000n\000g}{section.3}% 15
\BOOKMARK [3][-]{subsubsection.3.1.1}{\376\377\000T\000h\000e\000o\000r\000e\000t\000i\000c\000a\000l\000\040\000F\000o\000u\000n\000d\000a\000t\000i\000o\000n}{subsection.3.1}% 16
\BOOKMARK [3][-]{subsubsection.3.1.2}{\376\377\000M\000a\000t\000h\000e\000m\000a\000t\000i\000c\000a\000l\000\040\000F\000r\000a\000m\000e\000w\000o\000r\000k}{subsection.3.1}% 17
\BOOKMARK [3][-]{subsubsection.3.1.3}{\376\377\000I\000m\000p\000l\000e\000m\000e\000n\000t\000a\000t\000i\000o\000n\000\040\000A\000r\000c\000h\000i\000t\000e\000c\000t\000u\000r\000e}{subsection.3.1}% 18
\BOOKMARK [2][-]{subsection.3.2}{\376\377\000P\000o\000s\000i\000t\000i\000o\000n\000a\000l\000\040\000S\000e\000m\000a\000n\000t\000i\000c\000s\000:\000\040\000P\000o\000s\000i\000t\000i\000o\000n\000\040\000a\000s\000\040\000P\000r\000i\000m\000a\000r\000y\000\040\000M\000e\000a\000n\000i\000n\000g}{section.3}% 19
\BOOKMARK [3][-]{subsubsection.3.2.1}{\376\377\000C\000o\000r\000e\000\040\000I\000n\000s\000i\000g\000h\000t}{subsection.3.2}% 20
\BOOKMARK [3][-]{subsubsection.3.2.2}{\376\377\000T\000e\000c\000h\000n\000i\000c\000a\000l\000\040\000I\000m\000p\000l\000e\000m\000e\000n\000t\000a\000t\000i\000o\000n}{subsection.3.2}% 21
\BOOKMARK [3][-]{subsubsection.3.2.3}{\376\377\000P\000o\000s\000i\000t\000i\000o\000n\000a\000l\000\040\000W\000e\000i\000g\000h\000t\000\040\000C\000a\000l\000c\000u\000l\000a\000t\000i\000o\000n}{subsection.3.2}% 22
\BOOKMARK [2][-]{subsection.3.3}{\376\377\000P\000e\000r\000t\000u\000r\000b\000a\000t\000i\000o\000n\000\040\000V\000a\000l\000i\000d\000a\000t\000i\000o\000n\000:\000\040\000T\000e\000s\000t\000i\000n\000g\000\040\000P\000r\000o\000b\000a\000b\000i\000l\000i\000s\000t\000i\000c\000\040\000R\000o\000b\000u\000s\000t\000n\000e\000s\000s}{section.3}% 23
\BOOKMARK [3][-]{subsubsection.3.3.1}{\376\377\000C\000o\000n\000c\000e\000p\000t\000u\000a\000l\000\040\000F\000r\000a\000m\000e\000w\000o\000r\000k}{subsection.3.3}% 24
\BOOKMARK [3][-]{subsubsection.3.3.2}{\376\377\000E\000i\000g\000h\000t\000\040\000T\000y\000p\000e\000s\000\040\000o\000f\000\040\000S\000y\000s\000t\000e\000m\000a\000t\000i\000c\000\040\000P\000e\000r\000t\000u\000r\000b\000a\000t\000i\000o\000n\000s}{subsection.3.3}% 25
\BOOKMARK [3][-]{subsubsection.3.3.3}{\376\377\000S\000t\000a\000b\000i\000l\000i\000t\000y\000\040\000S\000c\000o\000r\000i\000n\000g\000\040\000A\000l\000g\000o\000r\000i\000t\000h\000m}{subsection.3.3}% 26
\BOOKMARK [2][-]{subsection.3.4}{\376\377\000H\000y\000b\000r\000i\000d\000\040\000P\000r\000o\000c\000e\000s\000s\000i\000n\000g\000\040\000w\000i\000t\000h\000\040\000P\000r\000o\000b\000a\000b\000i\000l\000i\000s\000t\000i\000c\000\040\000L\000o\000o\000p\000s}{section.3}% 27
\BOOKMARK [3][-]{subsubsection.3.4.1}{\376\377\000P\000a\000r\000a\000d\000i\000g\000m\000\040\000I\000n\000n\000o\000v\000a\000t\000i\000o\000n}{subsection.3.4}% 28
\BOOKMARK [3][-]{subsubsection.3.4.2}{\376\377\000F\000o\000u\000r\000\040\000S\000p\000e\000c\000i\000a\000l\000i\000z\000e\000d\000\040\000L\000o\000o\000p\000\040\000T\000y\000p\000e\000s}{subsection.3.4}% 29
\BOOKMARK [3][-]{subsubsection.3.4.3}{\376\377\000P\000r\000o\000b\000a\000b\000i\000l\000i\000s\000t\000i\000c\000\040\000F\000l\000o\000o\000r\000\040\000A\000r\000c\000h\000i\000t\000e\000c\000t\000u\000r\000e}{subsection.3.4}% 30
\BOOKMARK [1][-]{section.4}{\376\377\000T\000h\000e\000\040\000T\000u\000r\000b\000u\000l\000a\000n\000c\000e\000\040\000D\000o\000m\000a\000i\000n\000-\000S\000p\000e\000c\000i\000f\000i\000c\000\040\000L\000a\000n\000g\000u\000a\000g\000e}{}% 31
\BOOKMARK [2][-]{subsection.4.1}{\376\377\000L\000a\000n\000g\000u\000a\000g\000e\000\040\000D\000e\000s\000i\000g\000n\000\040\000P\000h\000i\000l\000o\000s\000o\000p\000h\000y}{section.4}% 32
\BOOKMARK [2][-]{subsection.4.2}{\376\377\000C\000o\000r\000e\000\040\000S\000y\000n\000t\000a\000x\000\040\000E\000l\000e\000m\000e\000n\000t\000s}{section.4}% 33
\BOOKMARK [3][-]{subsubsection.4.2.1}{\376\377\000F\000u\000n\000c\000t\000i\000o\000n\000\040\000D\000e\000c\000l\000a\000r\000a\000t\000i\000o\000n\000s}{subsection.4.2}% 34
\BOOKMARK [3][-]{subsubsection.4.2.2}{\376\377\000V\000a\000r\000i\000a\000b\000l\000e\000\040\000D\000e\000c\000l\000a\000r\000a\000t\000i\000o\000n\000\040\000S\000y\000s\000t\000e\000m\000s}{subsection.4.2}% 35
\BOOKMARK [3][-]{subsubsection.4.2.3}{\376\377\000C\000o\000n\000d\000i\000t\000i\000o\000n\000a\000l\000\040\000L\000o\000g\000i\000c\000\040\000w\000i\000t\000h\000\040\000g\000i\000v\000e\000n}{subsection.4.2}% 36
\BOOKMARK [2][-]{subsection.4.3}{\376\377\000S\000c\000i\000e\000n\000t\000i\000f\000i\000c\000\040\000D\000a\000t\000a\000\040\000S\000t\000r\000u\000c\000t\000u\000r\000e\000s}{section.4}% 37
\BOOKMARK [3][-]{subsubsection.4.3.1}{\376\377\000I\000n\000f\000o\000r\000m\000a\000t\000i\000o\000n\000\040\000C\000a\000t\000a\000l\000y\000s\000i\000s\000\040\000O\000p\000e\000r\000a\000t\000i\000o\000n\000s}{subsection.4.3}% 38
\BOOKMARK [3][-]{subsubsection.4.3.2}{\376\377\000C\000r\000o\000s\000s\000-\000S\000c\000a\000l\000e\000\040\000C\000o\000o\000r\000d\000i\000n\000a\000t\000i\000o\000n}{subsection.4.3}% 39
\BOOKMARK [1][-]{section.5}{\376\377\000S\000y\000s\000t\000e\000m\000\040\000A\000r\000c\000h\000i\000t\000e\000c\000t\000u\000r\000e}{}% 40
\BOOKMARK [2][-]{subsection.5.1}{\376\377\000F\000r\000a\000m\000e\000w\000o\000r\000k\000\040\000A\000r\000c\000h\000i\000t\000e\000c\000t\000u\000r\000e\000\040\000O\000v\000e\000r\000v\000i\000e\000w}{section.5}% 41
\BOOKMARK [2][-]{subsection.5.2}{\376\377\000C\000o\000r\000e\000\040\000M\000o\000d\000u\000l\000e\000\040\000S\000t\000r\000u\000c\000t\000u\000r\000e}{section.5}% 42
\BOOKMARK [3][-]{subsubsection.5.2.1}{\376\377\000F\000r\000a\000m\000e\000w\000o\000r\000k\000\040\000C\000o\000r\000e\000\040\000\050\000s\000r\000c\000/\000l\000i\000b\000.\000r\000s\000\051}{subsection.5.2}% 43
\BOOKMARK [3][-]{subsubsection.5.2.2}{\376\377\000T\000u\000r\000b\000u\000l\000a\000n\000c\000e\000\040\000L\000a\000n\000g\000u\000a\000g\000e\000\040\000E\000n\000g\000i\000n\000e\000\040\000\050\000s\000r\000c\000/\000t\000u\000r\000b\000u\000l\000a\000n\000c\000e\000/\000\051}{subsection.5.2}% 44
\BOOKMARK [3][-]{subsubsection.5.2.3}{\376\377\000T\000e\000x\000t\000\040\000P\000r\000o\000c\000e\000s\000s\000i\000n\000g\000\040\000E\000n\000g\000i\000n\000e\000\040\000\050\000s\000r\000c\000/\000t\000e\000x\000t\000\137\000u\000n\000i\000t\000/\000\051}{subsection.5.2}% 45
\BOOKMARK [2][-]{subsection.5.3}{\376\377\000A\000b\000s\000t\000r\000a\000c\000t\000\040\000S\000y\000n\000t\000a\000x\000\040\000T\000r\000e\000e\000\040\000I\000m\000p\000l\000e\000m\000e\000n\000t\000a\000t\000i\000o\000n}{section.5}% 46
\BOOKMARK [3][-]{subsubsection.5.3.1}{\376\377\000C\000o\000r\000e\000\040\000A\000S\000T\000\040\000N\000o\000d\000e\000\040\000T\000y\000p\000e\000s}{subsection.5.3}% 47
\BOOKMARK [3][-]{subsubsection.5.3.2}{\376\377\000P\000o\000s\000i\000t\000i\000o\000n\000\040\000a\000n\000d\000\040\000S\000p\000a\000n\000\040\000T\000r\000a\000c\000k\000i\000n\000g}{subsection.5.3}% 48
\BOOKMARK [1][-]{section.6}{\376\377\000M\000u\000l\000t\000i\000-\000M\000o\000d\000a\000l\000\040\000P\000r\000o\000c\000e\000s\000s\000i\000n\000g\000\040\000A\000r\000c\000h\000i\000t\000e\000c\000t\000u\000r\000e}{}% 49
\BOOKMARK [2][-]{subsection.6.1}{\376\377\000C\000r\000o\000s\000s\000-\000M\000o\000d\000a\000l\000\040\000B\000M\000D\000\040\000N\000e\000t\000w\000o\000r\000k\000s}{section.6}% 50
\BOOKMARK [3][-]{subsubsection.6.1.1}{\376\377\000T\000e\000x\000t\000\040\000P\000r\000o\000c\000e\000s\000s\000i\000n\000g\000\040\000B\000M\000D\000s}{subsection.6.1}% 51
\BOOKMARK [3][-]{subsubsection.6.1.2}{\376\377\000I\000m\000a\000g\000e\000\040\000P\000r\000o\000c\000e\000s\000s\000i\000n\000g\000\040\000B\000M\000D\000s}{subsection.6.1}% 52
\BOOKMARK [3][-]{subsubsection.6.1.3}{\376\377\000A\000u\000d\000i\000o\000\040\000P\000r\000o\000c\000e\000s\000s\000i\000n\000g\000\040\000B\000M\000D\000s}{subsection.6.1}% 53
\BOOKMARK [2][-]{subsection.6.2}{\376\377\000C\000r\000o\000s\000s\000-\000M\000o\000d\000a\000l\000\040\000C\000o\000o\000r\000d\000i\000n\000a\000t\000i\000o\000n\000\040\000P\000r\000o\000t\000o\000c\000o\000l}{section.6}% 54
\BOOKMARK [3][-]{subsubsection.6.2.1}{\376\377\000S\000e\000m\000a\000n\000t\000i\000c\000\040\000C\000o\000h\000e\000r\000e\000n\000c\000e\000\040\000V\000a\000l\000i\000d\000a\000t\000i\000o\000n}{subsection.6.2}% 55
\BOOKMARK [1][-]{section.7}{\376\377\000S\000c\000i\000e\000n\000t\000i\000f\000i\000c\000\040\000A\000p\000p\000l\000i\000c\000a\000t\000i\000o\000n\000s\000\040\000I\000n\000t\000e\000g\000r\000a\000t\000i\000o\000n}{}% 56
\BOOKMARK [2][-]{subsection.7.1}{\376\377\000C\000h\000e\000m\000i\000n\000f\000o\000r\000m\000a\000t\000i\000c\000s\000\040\000I\000n\000t\000e\000g\000r\000a\000t\000i\000o\000n}{section.7}% 57
\BOOKMARK [3][-]{subsubsection.7.1.1}{\376\377\000M\000o\000l\000e\000c\000u\000l\000a\000r\000\040\000I\000n\000f\000o\000r\000m\000a\000t\000i\000o\000n\000\040\000C\000a\000t\000a\000l\000y\000s\000i\000s}{subsection.7.1}% 58
\BOOKMARK [3][-]{subsubsection.7.1.2}{\376\377\000M\000u\000l\000t\000i\000-\000S\000c\000a\000l\000e\000\040\000C\000h\000e\000m\000i\000c\000a\000l\000\040\000P\000r\000o\000c\000e\000s\000s\000i\000n\000g}{subsection.7.1}% 59
\BOOKMARK [2][-]{subsection.7.2}{\376\377\000M\000a\000s\000s\000\040\000S\000p\000e\000c\000t\000r\000o\000m\000e\000t\000r\000y\000\040\000F\000r\000a\000m\000e\000w\000o\000r\000k}{section.7}% 60
\BOOKMARK [3][-]{subsubsection.7.2.1}{\376\377\000S\000e\000m\000a\000n\000t\000i\000c\000\040\000U\000n\000d\000e\000r\000s\000t\000a\000n\000d\000i\000n\000g\000\040\000o\000f\000\040\000S\000p\000e\000c\000t\000r\000a\000l\000\040\000D\000a\000t\000a}{subsection.7.2}% 61
\BOOKMARK [3][-]{subsubsection.7.2.2}{\376\377\000V\0008\000\040\000I\000n\000t\000e\000l\000l\000i\000g\000e\000n\000c\000e\000\040\000N\000e\000t\000w\000o\000r\000k\000\040\000f\000o\000r\000\040\000S\000p\000e\000c\000t\000r\000o\000m\000e\000t\000r\000y}{subsection.7.2}% 62
\BOOKMARK [2][-]{subsection.7.3}{\376\377\000S\000y\000s\000t\000e\000m\000s\000\040\000B\000i\000o\000l\000o\000g\000y\000\040\000a\000n\000d\000\040\000G\000e\000n\000o\000m\000i\000c\000s}{section.7}% 63
\BOOKMARK [3][-]{subsubsection.7.3.1}{\376\377\000G\000e\000n\000o\000m\000i\000c\000\040\000B\000M\000D\000\040\000O\000p\000e\000r\000a\000t\000i\000o\000n\000s}{subsection.7.3}% 64
\BOOKMARK [1][-]{section.8}{\376\377\000K\000n\000o\000w\000l\000e\000d\000g\000e\000\040\000M\000a\000n\000a\000g\000e\000m\000e\000n\000t\000\040\000a\000n\000d\000\040\000E\000v\000i\000d\000e\000n\000c\000e\000\040\000I\000n\000t\000e\000g\000r\000a\000t\000i\000o\000n}{}% 65
\BOOKMARK [2][-]{subsection.8.1}{\376\377\000K\000n\000o\000w\000l\000e\000d\000g\000e\000\040\000D\000a\000t\000a\000b\000a\000s\000e\000\040\000A\000r\000c\000h\000i\000t\000e\000c\000t\000u\000r\000e}{section.8}% 66
\BOOKMARK [3][-]{subsubsection.8.1.1}{\376\377\000D\000a\000t\000a\000b\000a\000s\000e\000\040\000S\000c\000h\000e\000m\000a\000\040\000D\000e\000s\000i\000g\000n}{subsection.8.1}% 67
\BOOKMARK [3][-]{subsubsection.8.1.2}{\376\377\000E\000v\000i\000d\000e\000n\000c\000e\000\040\000I\000n\000t\000e\000g\000r\000a\000t\000i\000o\000n\000\040\000W\000o\000r\000k\000f\000l\000o\000w}{subsection.8.1}% 68
\BOOKMARK [2][-]{subsection.8.2}{\376\377\000C\000i\000t\000a\000t\000i\000o\000n\000\040\000M\000a\000n\000a\000g\000e\000m\000e\000n\000t\000\040\000S\000y\000s\000t\000e\000m}{section.8}% 69
\BOOKMARK [3][-]{subsubsection.8.2.1}{\376\377\000A\000u\000t\000o\000m\000a\000t\000i\000c\000\040\000C\000i\000t\000a\000t\000i\000o\000n\000\040\000V\000a\000l\000i\000d\000a\000t\000i\000o\000n}{subsection.8.2}% 70
\BOOKMARK [1][-]{section.9}{\376\377\000T\000e\000c\000h\000n\000i\000c\000a\000l\000\040\000V\000a\000l\000i\000d\000a\000t\000i\000o\000n\000\040\000a\000n\000d\000\040\000R\000e\000c\000o\000n\000s\000t\000r\000u\000c\000t\000i\000o\000n}{}% 71
\BOOKMARK [2][-]{subsection.9.1}{\376\377\000R\000e\000c\000o\000n\000s\000t\000r\000u\000c\000t\000i\000o\000n\000-\000B\000a\000s\000e\000d\000\040\000V\000a\000l\000i\000d\000a\000t\000i\000o\000n}{section.9}% 72
\BOOKMARK [3][-]{subsubsection.9.1.1}{\376\377\000S\000e\000m\000a\000n\000t\000i\000c\000\040\000F\000i\000d\000e\000l\000i\000t\000y\000\040\000M\000e\000t\000r\000i\000c\000s}{subsection.9.1}% 73
\BOOKMARK [3][-]{subsubsection.9.1.2}{\376\377\000R\000e\000c\000o\000n\000s\000t\000r\000u\000c\000t\000i\000o\000n\000\040\000A\000l\000g\000o\000r\000i\000t\000h\000m}{subsection.9.1}% 74
\BOOKMARK [2][-]{subsection.9.2}{\376\377\000P\000e\000r\000f\000o\000r\000m\000a\000n\000c\000e\000\040\000M\000e\000t\000r\000i\000c\000s\000\040\000a\000n\000d\000\040\000B\000e\000n\000c\000h\000m\000a\000r\000k\000i\000n\000g}{section.9}% 75
\BOOKMARK [3][-]{subsubsection.9.2.1}{\376\377\000S\000e\000m\000a\000n\000t\000i\000c\000\040\000U\000n\000d\000e\000r\000s\000t\000a\000n\000d\000i\000n\000g\000\040\000B\000e\000n\000c\000h\000m\000a\000r\000k\000s}{subsection.9.2}% 76
\BOOKMARK [3][-]{subsubsection.9.2.2}{\376\377\000B\000e\000n\000c\000h\000m\000a\000r\000k\000\040\000R\000e\000s\000u\000l\000t\000s}{subsection.9.2}% 77
\BOOKMARK [1][-]{section.10}{\376\377\000W\000e\000b\000A\000s\000s\000e\000m\000b\000l\000y\000\040\000I\000n\000t\000e\000g\000r\000a\000t\000i\000o\000n\000\040\000a\000n\000d\000\040\000B\000r\000o\000w\000s\000e\000r\000\040\000D\000e\000p\000l\000o\000y\000m\000e\000n\000t}{}% 78
\BOOKMARK [2][-]{subsection.10.1}{\376\377\000W\000e\000b\000A\000s\000s\000e\000m\000b\000l\000y\000\040\000A\000r\000c\000h\000i\000t\000e\000c\000t\000u\000r\000e}{section.10}% 79
\BOOKMARK [3][-]{subsubsection.10.1.1}{\376\377\000W\000A\000S\000M\000\040\000M\000o\000d\000u\000l\000e\000\040\000S\000t\000r\000u\000c\000t\000u\000r\000e}{subsection.10.1}% 80
\BOOKMARK [2][-]{subsection.10.2}{\376\377\000B\000r\000o\000w\000s\000e\000r\000\040\000P\000e\000r\000f\000o\000r\000m\000a\000n\000c\000e\000\040\000O\000p\000t\000i\000m\000i\000z\000a\000t\000i\000o\000n}{section.10}% 81
\BOOKMARK [3][-]{subsubsection.10.2.1}{\376\377\000M\000e\000m\000o\000r\000y\000\040\000M\000a\000n\000a\000g\000e\000m\000e\000n\000t}{subsection.10.2}% 82
\BOOKMARK [1][-]{section.11}{\376\377\000R\000e\000s\000u\000l\000t\000s\000\040\000a\000n\000d\000\040\000E\000v\000a\000l\000u\000a\000t\000i\000o\000n}{}% 83
\BOOKMARK [2][-]{subsection.11.1}{\376\377\000Q\000u\000a\000n\000t\000i\000t\000a\000t\000i\000v\000e\000\040\000E\000v\000a\000l\000u\000a\000t\000i\000o\000n}{section.11}% 84
\BOOKMARK [3][-]{subsubsection.11.1.1}{\376\377\000S\000e\000m\000a\000n\000t\000i\000c\000\040\000U\000n\000d\000e\000r\000s\000t\000a\000n\000d\000i\000n\000g\000\040\000V\000a\000l\000i\000d\000a\000t\000i\000o\000n}{subsection.11.1}% 85
\BOOKMARK [3][-]{subsubsection.11.1.2}{\376\377\000S\000c\000i\000e\000n\000t\000i\000f\000i\000c\000\040\000A\000p\000p\000l\000i\000c\000a\000t\000i\000o\000n\000\040\000V\000a\000l\000i\000d\000a\000t\000i\000o\000n}{subsection.11.1}% 86
\BOOKMARK [2][-]{subsection.11.2}{\376\377\000Q\000u\000a\000l\000i\000t\000a\000t\000i\000v\000e\000\040\000A\000s\000s\000e\000s\000s\000m\000e\000n\000t}{section.11}% 87
\BOOKMARK [3][-]{subsubsection.11.2.1}{\376\377\000N\000o\000v\000e\000l\000\040\000C\000a\000p\000a\000b\000i\000l\000i\000t\000i\000e\000s}{subsection.11.2}% 88
\BOOKMARK [3][-]{subsubsection.11.2.2}{\376\377\000F\000r\000a\000m\000e\000w\000o\000r\000k\000\040\000C\000o\000m\000p\000l\000e\000t\000e\000n\000e\000s\000s}{subsection.11.2}% 89
\BOOKMARK [1][-]{section.12}{\376\377\000F\000u\000t\000u\000r\000e\000\040\000D\000i\000r\000e\000c\000t\000i\000o\000n\000s\000\040\000a\000n\000d\000\040\000R\000e\000s\000e\000a\000r\000c\000h\000\040\000I\000m\000p\000l\000i\000c\000a\000t\000i\000o\000n\000s}{}% 90
\BOOKMARK [2][-]{subsection.12.1}{\376\377\000T\000h\000e\000o\000r\000e\000t\000i\000c\000a\000l\000\040\000E\000x\000t\000e\000n\000s\000i\000o\000n\000s}{section.12}% 91
\BOOKMARK [3][-]{subsubsection.12.1.1}{\376\377\000A\000d\000v\000a\000n\000c\000e\000d\000\040\000I\000n\000f\000o\000r\000m\000a\000t\000i\000o\000n\000\040\000C\000a\000t\000a\000l\000y\000s\000i\000s}{subsection.12.1}% 92
\BOOKMARK [3][-]{subsubsection.12.1.2}{\376\377\000C\000r\000o\000s\000s\000-\000D\000i\000s\000c\000i\000p\000l\000i\000n\000a\000r\000y\000\040\000A\000p\000p\000l\000i\000c\000a\000t\000i\000o\000n\000s}{subsection.12.1}% 93
\BOOKMARK [2][-]{subsection.12.2}{\376\377\000T\000e\000c\000h\000n\000i\000c\000a\000l\000\040\000E\000n\000h\000a\000n\000c\000e\000m\000e\000n\000t\000s}{section.12}% 94
\BOOKMARK [3][-]{subsubsection.12.2.1}{\376\377\000P\000e\000r\000f\000o\000r\000m\000a\000n\000c\000e\000\040\000O\000p\000t\000i\000m\000i\000z\000a\000t\000i\000o\000n}{subsection.12.2}% 95
\BOOKMARK [1][-]{section.13}{\376\377\000C\000o\000n\000c\000l\000u\000s\000i\000o\000n\000s}{}% 96
\BOOKMARK [2][-]{subsection.13.1}{\376\377\000S\000u\000m\000m\000a\000r\000y\000\040\000o\000f\000\040\000C\000o\000n\000t\000r\000i\000b\000u\000t\000i\000o\000n\000s}{section.13}% 97
\BOOKMARK [2][-]{subsection.13.2}{\376\377\000S\000c\000i\000e\000n\000t\000i\000f\000i\000c\000\040\000I\000m\000p\000a\000c\000t}{section.13}% 98
\BOOKMARK [2][-]{subsection.13.3}{\376\377\000P\000r\000a\000c\000t\000i\000c\000a\000l\000\040\000A\000p\000p\000l\000i\000c\000a\000t\000i\000o\000n\000s}{section.13}% 99
\BOOKMARK [2][-]{subsection.13.4}{\376\377\000F\000i\000n\000a\000l\000\040\000R\000e\000m\000a\000r\000k\000s}{section.13}% 100
